-- The C compiler identification is GNU 9.3.0
-- The CXX compiler identification is GNU 9.3.0
-- Detecting C compiler ABI info
-- Detecting C compiler ABI info - done
-- Check for working C compiler: /usr/bin/cc - skipped
-- Detecting C compile features
-- Detecting C compile features - done
-- Detecting CXX compiler ABI info
-- Detecting CXX compiler ABI info - done
-- Check for working CXX compiler: /usr/bin/c++ - skipped
-- Detecting CXX compile features
-- Detecting CXX compile features - done
-- Found ament_cmake: 0.9.8 (/home/shunski/ros2_foxy/install/ament_cmake/share/ament_cmake/cmake)
-- Found PythonInterp: /usr/bin/python3 (found suitable version "3.8.5", minimum required is "3") 
-- Using PYTHON_EXECUTABLE: /usr/bin/python3
-- Found rosidl_default_generators: 1.0.1 (/home/shunski/ros2_foxy/install/rosidl_default_generators/share/rosidl_default_generators/cmake)
-- Using all available rosidl_typesupport_c: rosidl_typesupport_introspection_c;rosidl_typesupport_fastrtps_c
-- Found rosidl_adapter: 1.2.1 (/home/shunski/ros2_foxy/install/rosidl_adapter/share/rosidl_adapter/cmake)
-- Found OpenSSL: /usr/lib/x86_64-linux-gnu/libcrypto.so (found version "1.1.1f")  
-- Found FastRTPS: /home/shunski/ros2_foxy/install/fastrtps/include  
-- Using all available rosidl_typesupport_cpp: rosidl_typesupport_introspection_cpp;rosidl_typesupport_fastrtps_cpp
-- Found PythonInterp: /usr/bin/python3 (found version "3.8.5") 
-- Found ament_cmake_ros: 0.9.2 (/home/shunski/ros2_foxy/install/ament_cmake_ros/share/ament_cmake_ros/cmake)
-- Using all available rosidl_typesupport_c: rosidl_typesupport_introspection_c;rosidl_typesupport_fastrtps_c
-- Using all available rosidl_typesupport_cpp: rosidl_typesupport_introspection_cpp;rosidl_typesupport_fastrtps_cpp
-- Found PythonInterp: /usr/bin/python3 (found suitable version "3.8.5", minimum required is "3.5") 
-- Found python_cmake_module: 0.8.1 (/home/shunski/ros2_foxy/install/python_cmake_module/share/python_cmake_module/cmake)
-- Found PythonLibs: /usr/lib/x86_64-linux-gnu/libpython3.8.so (found suitable version "3.8.5", minimum required is "3.5") 
-- Using PYTHON_EXECUTABLE: /usr/bin/python3
-- Using PYTHON_INCLUDE_DIRS: /usr/include/python3.8
-- Using PYTHON_LIBRARIES: /usr/lib/x86_64-linux-gnu/libpython3.8.so
-- Found PythonExtra: .so  
-- Found ament_lint_auto: 0.9.6 (/home/shunski/ros2_foxy/install/ament_lint_auto/share/ament_lint_auto/cmake)
-- Added test 'copyright' to check source files copyright and LICENSE
-- Added test 'lint_cmake' to check CMake code style
-- Added test 'xmllint' to check XML markup files
-- Configuring done
-- Generating done
-- Build files have been written to: /home/shunski/aki_ws/build/cat_srv
[35m[1mScanning dependencies of target cat_srv__cpp[0m
[  3%] [34m[1mGenerating C code for ROS interfaces[0m
[  6%] [34m[1mGenerating C++ code for ROS interfaces[0m
[  6%] Built target cat_srv__cpp
[  9%] [34m[1mGenerating C++ introspection for ROS interfaces[0m
[ 12%] [34m[1mGenerating C++ type support for eProsima Fast-RTPS[0m
[ 16%] [34m[1mGenerating C++ type support dispatch for ROS interfaces[0m
[35m[1mScanning dependencies of target cat_srv__rosidl_generator_c[0m
[ 19%] [32mBuilding C object CMakeFiles/cat_srv__rosidl_generator_c.dir/rosidl_generator_c/cat_srv/srv/detail/cat__functions.c.o[0m
[ 22%] [32m[1mLinking C shared library libcat_srv__rosidl_generator_c.so[0m
[ 22%] Built target cat_srv__rosidl_generator_c
[ 25%] [34m[1mGenerating C type support dispatch for ROS interfaces[0m
[ 29%] [34m[1mGenerating C introspection for ROS interfaces[0m
[35m[1mScanning dependencies of target cat_srv__rosidl_typesupport_cpp[0m
[ 32%] [32mBuilding CXX object CMakeFiles/cat_srv__rosidl_typesupport_cpp.dir/rosidl_typesupport_cpp/cat_srv/srv/cat__type_support.cpp.o[0m
[35m[1mScanning dependencies of target cat_srv__rosidl_typesupport_c[0m
[ 35%] [32mBuilding CXX object CMakeFiles/cat_srv__rosidl_typesupport_c.dir/rosidl_typesupport_c/cat_srv/srv/cat__type_support.cpp.o[0m
[ 38%] [32m[1mLinking CXX shared library libcat_srv__rosidl_typesupport_c.so[0m
[ 38%] Built target cat_srv__rosidl_typesupport_c
[35m[1mScanning dependencies of target cat_srv__rosidl_typesupport_introspection_c[0m
[ 41%] [32mBuilding C object CMakeFiles/cat_srv__rosidl_typesupport_introspection_c.dir/rosidl_typesupport_introspection_c/cat_srv/srv/detail/cat__type_support.c.o[0m
[ 45%] [32m[1mLinking C shared library libcat_srv__rosidl_typesupport_introspection_c.so[0m
[ 45%] Built target cat_srv__rosidl_typesupport_introspection_c
[35m[1mScanning dependencies of target cat_srv__rosidl_typesupport_fastrtps_cpp[0m
[ 48%] [32mBuilding CXX object CMakeFiles/cat_srv__rosidl_typesupport_fastrtps_cpp.dir/rosidl_typesupport_fastrtps_cpp/cat_srv/srv/detail/dds_fastrtps/cat__type_support.cpp.o[0m
[ 51%] [32m[1mLinking CXX shared library libcat_srv__rosidl_typesupport_cpp.so[0m
[ 51%] Built target cat_srv__rosidl_typesupport_cpp
[35m[1mScanning dependencies of target cat_srv__rosidl_typesupport_introspection_cpp[0m
[ 54%] [32mBuilding CXX object CMakeFiles/cat_srv__rosidl_typesupport_introspection_cpp.dir/rosidl_typesupport_introspection_cpp/cat_srv/srv/detail/cat__type_support.cpp.o[0m
[ 58%] [32m[1mLinking CXX shared library libcat_srv__rosidl_typesupport_introspection_cpp.so[0m
[ 58%] Built target cat_srv__rosidl_typesupport_introspection_cpp
[ 61%] [32m[1mLinking CXX shared library libcat_srv__rosidl_typesupport_fastrtps_cpp.so[0m
[ 61%] Built target cat_srv__rosidl_typesupport_fastrtps_cpp
[ 64%] [34m[1mGenerating C type support for eProsima Fast-RTPS[0m
[35m[1mScanning dependencies of target cat_srv__rosidl_typesupport_fastrtps_c[0m
[ 67%] [32mBuilding CXX object CMakeFiles/cat_srv__rosidl_typesupport_fastrtps_c.dir/rosidl_typesupport_fastrtps_c/cat_srv/srv/detail/cat__type_support_c.cpp.o[0m
[ 70%] [32m[1mLinking CXX shared library libcat_srv__rosidl_typesupport_fastrtps_c.so[0m
[ 70%] Built target cat_srv__rosidl_typesupport_fastrtps_c
[35m[1mScanning dependencies of target cat_srv[0m
[ 70%] Built target cat_srv
[35m[1mScanning dependencies of target cat_srv__py[0m
[ 74%] [34m[1mGenerating Python code for ROS interfaces[0m
[ 74%] Built target cat_srv__py
[35m[1mScanning dependencies of target cat_srv__python[0m
[ 77%] [32mBuilding C object CMakeFiles/cat_srv__python.dir/rosidl_generator_py/cat_srv/srv/_cat_s.c.o[0m
[ 80%] [32m[1mLinking C shared library rosidl_generator_py/cat_srv/libcat_srv__python.so[0m
[ 80%] Built target cat_srv__python
[35m[1mScanning dependencies of target cat_srv__rosidl_typesupport_introspection_c__pyext[0m
[35m[1mScanning dependencies of target cat_srv__rosidl_typesupport_fastrtps_c__pyext[0m
[35m[1mScanning dependencies of target cat_srv__rosidl_typesupport_c__pyext[0m
[ 87%] [32mBuilding C object CMakeFiles/cat_srv__rosidl_typesupport_c__pyext.dir/rosidl_generator_py/cat_srv/_cat_srv_s.ep.rosidl_typesupport_c.c.o[0m
[ 87%] [32mBuilding C object CMakeFiles/cat_srv__rosidl_typesupport_introspection_c__pyext.dir/rosidl_generator_py/cat_srv/_cat_srv_s.ep.rosidl_typesupport_introspection_c.c.o[0m
[ 90%] [32mBuilding C object CMakeFiles/cat_srv__rosidl_typesupport_fastrtps_c__pyext.dir/rosidl_generator_py/cat_srv/_cat_srv_s.ep.rosidl_typesupport_fastrtps_c.c.o[0m
[ 93%] [32m[1mLinking C shared library rosidl_generator_py/cat_srv/cat_srv_s__rosidl_typesupport_c.cpython-38-x86_64-linux-gnu.so[0m
[ 96%] [32m[1mLinking C shared library rosidl_generator_py/cat_srv/cat_srv_s__rosidl_typesupport_introspection_c.cpython-38-x86_64-linux-gnu.so[0m
[100%] [32m[1mLinking CXX shared library rosidl_generator_py/cat_srv/cat_srv_s__rosidl_typesupport_fastrtps_c.cpython-38-x86_64-linux-gnu.so[0m
[100%] Built target cat_srv__rosidl_typesupport_c__pyext
[100%] Built target cat_srv__rosidl_typesupport_introspection_c__pyext
[100%] Built target cat_srv__rosidl_typesupport_fastrtps_c__pyext
-- Install configuration: ""
-- Installing: /home/shunski/aki_ws/install/cat_srv/share/ament_index/resource_index/rosidl_interfaces/cat_srv
-- Installing: /home/shunski/aki_ws/install/cat_srv/include/cat_srv
-- Installing: /home/shunski/aki_ws/install/cat_srv/include/cat_srv/srv
-- Installing: /home/shunski/aki_ws/install/cat_srv/include/cat_srv/srv/cat.h
-- Installing: /home/shunski/aki_ws/install/cat_srv/include/cat_srv/srv/detail
-- Installing: /home/shunski/aki_ws/install/cat_srv/include/cat_srv/srv/detail/cat__functions.c
-- Installing: /home/shunski/aki_ws/install/cat_srv/include/cat_srv/srv/detail/cat__functions.h
-- Installing: /home/shunski/aki_ws/install/cat_srv/include/cat_srv/srv/detail/cat__type_support.h
-- Installing: /home/shunski/aki_ws/install/cat_srv/include/cat_srv/srv/detail/cat__struct.h
-- Installing: /home/shunski/aki_ws/install/cat_srv/include/cat_srv/msg
-- Installing: /home/shunski/aki_ws/install/cat_srv/include/cat_srv/msg/rosidl_generator_c__visibility_control.h
-- Installing: /home/shunski/aki_ws/install/cat_srv/share/cat_srv/environment/library_path.sh
-- Installing: /home/shunski/aki_ws/install/cat_srv/share/cat_srv/environment/library_path.dsv
-- Installing: /home/shunski/aki_ws/install/cat_srv/lib/libcat_srv__rosidl_generator_c.so
-- Set runtime path of "/home/shunski/aki_ws/install/cat_srv/lib/libcat_srv__rosidl_generator_c.so" to ""
-- Up-to-date: /home/shunski/aki_ws/install/cat_srv/include/cat_srv
-- Up-to-date: /home/shunski/aki_ws/install/cat_srv/include/cat_srv/srv
-- Up-to-date: /home/shunski/aki_ws/install/cat_srv/include/cat_srv/srv/detail
-- Installing: /home/shunski/aki_ws/install/cat_srv/include/cat_srv/srv/detail/cat__rosidl_typesupport_introspection_c.h
-- Installing: /home/shunski/aki_ws/install/cat_srv/include/cat_srv/srv/detail/cat__type_support.c
-- Up-to-date: /home/shunski/aki_ws/install/cat_srv/include/cat_srv/msg
-- Installing: /home/shunski/aki_ws/install/cat_srv/include/cat_srv/msg/rosidl_typesupport_introspection_c__visibility_control.h
-- Installing: /home/shunski/aki_ws/install/cat_srv/lib/libcat_srv__rosidl_typesupport_introspection_c.so
-- Set runtime path of "/home/shunski/aki_ws/install/cat_srv/lib/libcat_srv__rosidl_typesupport_introspection_c.so" to ""
-- Up-to-date: /home/shunski/aki_ws/install/cat_srv/include/cat_srv
-- Up-to-date: /home/shunski/aki_ws/install/cat_srv/include/cat_srv/srv
-- Up-to-date: /home/shunski/aki_ws/install/cat_srv/include/cat_srv/srv/detail
-- Installing: /home/shunski/aki_ws/install/cat_srv/include/cat_srv/srv/detail/cat__rosidl_typesupport_fastrtps_c.h
-- Up-to-date: /home/shunski/aki_ws/install/cat_srv/include/cat_srv/msg
-- Installing: /home/shunski/aki_ws/install/cat_srv/include/cat_srv/msg/rosidl_typesupport_fastrtps_c__visibility_control.h
-- Installing: /home/shunski/aki_ws/install/cat_srv/lib/libcat_srv__rosidl_typesupport_fastrtps_c.so
-- Set runtime path of "/home/shunski/aki_ws/install/cat_srv/lib/libcat_srv__rosidl_typesupport_fastrtps_c.so" to ""
-- Up-to-date: /home/shunski/aki_ws/install/cat_srv/include/cat_srv
-- Up-to-date: /home/shunski/aki_ws/install/cat_srv/include/cat_srv/srv
-- Up-to-date: /home/shunski/aki_ws/install/cat_srv/include/cat_srv/srv/detail
-- Installing: /home/shunski/aki_ws/install/cat_srv/include/cat_srv/srv/detail/dds_fastrtps
-- Installing: /home/shunski/aki_ws/install/cat_srv/include/cat_srv/srv/detail/cat__rosidl_typesupport_fastrtps_cpp.hpp
-- Up-to-date: /home/shunski/aki_ws/install/cat_srv/include/cat_srv/msg
-- Installing: /home/shunski/aki_ws/install/cat_srv/include/cat_srv/msg/rosidl_typesupport_fastrtps_cpp__visibility_control.h
-- Installing: /home/shunski/aki_ws/install/cat_srv/lib/libcat_srv__rosidl_typesupport_fastrtps_cpp.so
-- Set runtime path of "/home/shunski/aki_ws/install/cat_srv/lib/libcat_srv__rosidl_typesupport_fastrtps_cpp.so" to ""
-- Installing: /home/shunski/aki_ws/install/cat_srv/lib/libcat_srv__rosidl_typesupport_c.so
-- Set runtime path of "/home/shunski/aki_ws/install/cat_srv/lib/libcat_srv__rosidl_typesupport_c.so" to ""
-- Up-to-date: /home/shunski/aki_ws/install/cat_srv/include/cat_srv
-- Up-to-date: /home/shunski/aki_ws/install/cat_srv/include/cat_srv/srv
-- Installing: /home/shunski/aki_ws/install/cat_srv/include/cat_srv/srv/cat.hpp
-- Up-to-date: /home/shunski/aki_ws/install/cat_srv/include/cat_srv/srv/detail
-- Installing: /home/shunski/aki_ws/install/cat_srv/include/cat_srv/srv/detail/cat__traits.hpp
-- Installing: /home/shunski/aki_ws/install/cat_srv/include/cat_srv/srv/detail/cat__struct.hpp
-- Installing: /home/shunski/aki_ws/install/cat_srv/include/cat_srv/srv/detail/cat__builder.hpp
-- Up-to-date: /home/shunski/aki_ws/install/cat_srv/include/cat_srv
-- Up-to-date: /home/shunski/aki_ws/install/cat_srv/include/cat_srv/srv
-- Up-to-date: /home/shunski/aki_ws/install/cat_srv/include/cat_srv/srv/detail
-- Installing: /home/shunski/aki_ws/install/cat_srv/include/cat_srv/srv/detail/cat__rosidl_typesupport_introspection_cpp.hpp
-- Installing: /home/shunski/aki_ws/install/cat_srv/include/cat_srv/srv/detail/cat__type_support.cpp
-- Installing: /home/shunski/aki_ws/install/cat_srv/lib/libcat_srv__rosidl_typesupport_introspection_cpp.so
-- Set runtime path of "/home/shunski/aki_ws/install/cat_srv/lib/libcat_srv__rosidl_typesupport_introspection_cpp.so" to ""
-- Installing: /home/shunski/aki_ws/install/cat_srv/lib/libcat_srv__rosidl_typesupport_cpp.so
-- Set runtime path of "/home/shunski/aki_ws/install/cat_srv/lib/libcat_srv__rosidl_typesupport_cpp.so" to ""
-- Installing: /home/shunski/aki_ws/install/cat_srv/share/cat_srv/environment/pythonpath.sh
-- Installing: /home/shunski/aki_ws/install/cat_srv/share/cat_srv/environment/pythonpath.dsv
-- Installing: /home/shunski/aki_ws/install/cat_srv/lib/python3.8/site-packages/cat_srv/__init__.py
Compiling '/home/shunski/aki_ws/install/cat_srv/lib/python3.8/site-packages/cat_srv/__init__.py'...
-- Installing: /home/shunski/aki_ws/install/cat_srv/lib/python3.8/site-packages/cat_srv/srv
-- Installing: /home/shunski/aki_ws/install/cat_srv/lib/python3.8/site-packages/cat_srv/srv/_cat_s.c
-- Installing: /home/shunski/aki_ws/install/cat_srv/lib/python3.8/site-packages/cat_srv/srv/_cat.py
-- Installing: /home/shunski/aki_ws/install/cat_srv/lib/python3.8/site-packages/cat_srv/srv/__init__.py
-- Installing: /home/shunski/aki_ws/install/cat_srv/lib/python3.8/site-packages/cat_srv/cat_srv_s__rosidl_typesupport_introspection_c.cpython-38-x86_64-linux-gnu.so
-- Set runtime path of "/home/shunski/aki_ws/install/cat_srv/lib/python3.8/site-packages/cat_srv/cat_srv_s__rosidl_typesupport_introspection_c.cpython-38-x86_64-linux-gnu.so" to ""
-- Installing: /home/shunski/aki_ws/install/cat_srv/lib/python3.8/site-packages/cat_srv/cat_srv_s__rosidl_typesupport_fastrtps_c.cpython-38-x86_64-linux-gnu.so
-- Set runtime path of "/home/shunski/aki_ws/install/cat_srv/lib/python3.8/site-packages/cat_srv/cat_srv_s__rosidl_typesupport_fastrtps_c.cpython-38-x86_64-linux-gnu.so" to ""
-- Installing: /home/shunski/aki_ws/install/cat_srv/lib/python3.8/site-packages/cat_srv/cat_srv_s__rosidl_typesupport_c.cpython-38-x86_64-linux-gnu.so
-- Set runtime path of "/home/shunski/aki_ws/install/cat_srv/lib/python3.8/site-packages/cat_srv/cat_srv_s__rosidl_typesupport_c.cpython-38-x86_64-linux-gnu.so" to ""
-- Installing: /home/shunski/aki_ws/install/cat_srv/lib/libcat_srv__python.so
-- Set runtime path of "/home/shunski/aki_ws/install/cat_srv/lib/libcat_srv__python.so" to ""
-- Installing: /home/shunski/aki_ws/install/cat_srv/share/cat_srv/srv/Cat.idl
-- Installing: /home/shunski/aki_ws/install/cat_srv/share/cat_srv/srv/Cat.srv
-- Installing: /home/shunski/aki_ws/install/cat_srv/share/cat_srv/srv/Cat_Request.msg
-- Installing: /home/shunski/aki_ws/install/cat_srv/share/cat_srv/srv/Cat_Response.msg
-- Installing: /home/shunski/aki_ws/install/cat_srv/share/ament_index/resource_index/package_run_dependencies/cat_srv
-- Installing: /home/shunski/aki_ws/install/cat_srv/share/ament_index/resource_index/parent_prefix_path/cat_srv
-- Installing: /home/shunski/aki_ws/install/cat_srv/share/cat_srv/environment/ament_prefix_path.sh
-- Installing: /home/shunski/aki_ws/install/cat_srv/share/cat_srv/environment/ament_prefix_path.dsv
-- Installing: /home/shunski/aki_ws/install/cat_srv/share/cat_srv/environment/path.sh
-- Installing: /home/shunski/aki_ws/install/cat_srv/share/cat_srv/environment/path.dsv
-- Installing: /home/shunski/aki_ws/install/cat_srv/share/cat_srv/local_setup.bash
-- Installing: /home/shunski/aki_ws/install/cat_srv/share/cat_srv/local_setup.sh
-- Installing: /home/shunski/aki_ws/install/cat_srv/share/cat_srv/local_setup.zsh
-- Installing: /home/shunski/aki_ws/install/cat_srv/share/cat_srv/local_setup.dsv
-- Installing: /home/shunski/aki_ws/install/cat_srv/share/cat_srv/package.dsv
-- Installing: /home/shunski/aki_ws/install/cat_srv/share/ament_index/resource_index/packages/cat_srv
-- Installing: /home/shunski/aki_ws/install/cat_srv/share/cat_srv/cmake/cat_srv__rosidl_generator_cExport.cmake
-- Installing: /home/shunski/aki_ws/install/cat_srv/share/cat_srv/cmake/cat_srv__rosidl_generator_cExport-noconfig.cmake
-- Installing: /home/shunski/aki_ws/install/cat_srv/share/cat_srv/cmake/cat_srv__rosidl_typesupport_introspection_cExport.cmake
-- Installing: /home/shunski/aki_ws/install/cat_srv/share/cat_srv/cmake/cat_srv__rosidl_typesupport_introspection_cExport-noconfig.cmake
-- Installing: /home/shunski/aki_ws/install/cat_srv/share/cat_srv/cmake/cat_srv__rosidl_typesupport_cExport.cmake
-- Installing: /home/shunski/aki_ws/install/cat_srv/share/cat_srv/cmake/cat_srv__rosidl_typesupport_cExport-noconfig.cmake
-- Installing: /home/shunski/aki_ws/install/cat_srv/share/cat_srv/cmake/cat_srv__rosidl_generator_cppExport.cmake
-- Installing: /home/shunski/aki_ws/install/cat_srv/share/cat_srv/cmake/cat_srv__rosidl_typesupport_introspection_cppExport.cmake
-- Installing: /home/shunski/aki_ws/install/cat_srv/share/cat_srv/cmake/cat_srv__rosidl_typesupport_introspection_cppExport-noconfig.cmake
-- Installing: /home/shunski/aki_ws/install/cat_srv/share/cat_srv/cmake/cat_srv__rosidl_typesupport_cppExport.cmake
-- Installing: /home/shunski/aki_ws/install/cat_srv/share/cat_srv/cmake/cat_srv__rosidl_typesupport_cppExport-noconfig.cmake
-- Installing: /home/shunski/aki_ws/install/cat_srv/share/cat_srv/cmake/rosidl_cmake-extras.cmake
-- Installing: /home/shunski/aki_ws/install/cat_srv/share/cat_srv/cmake/ament_cmake_export_dependencies-extras.cmake
-- Installing: /home/shunski/aki_ws/install/cat_srv/share/cat_srv/cmake/ament_cmake_export_libraries-extras.cmake
-- Installing: /home/shunski/aki_ws/install/cat_srv/share/cat_srv/cmake/ament_cmake_export_targets-extras.cmake
-- Installing: /home/shunski/aki_ws/install/cat_srv/share/cat_srv/cmake/ament_cmake_export_include_directories-extras.cmake
-- Installing: /home/shunski/aki_ws/install/cat_srv/share/cat_srv/cmake/rosidl_cmake_export_typesupport_targets-extras.cmake
-- Installing: /home/shunski/aki_ws/install/cat_srv/share/cat_srv/cmake/rosidl_cmake_export_typesupport_libraries-extras.cmake
-- Installing: /home/shunski/aki_ws/install/cat_srv/share/cat_srv/cmake/cat_srvConfig.cmake
-- Installing: /home/shunski/aki_ws/install/cat_srv/share/cat_srv/cmake/cat_srvConfig-version.cmake
-- Installing: /home/shunski/aki_ws/install/cat_srv/share/cat_srv/package.xml
