[0.047s] Invoking command in '/home/shunski/aki_ws/build/cat_srv': CMAKE_PREFIX_PATH=${CMAKE_PREFIX_PATH}:/opt/ros/foxy:/home/shunski/ros2_foxy/install/ros2bag:/home/shunski/ros2_foxy/install/tracetools_launch:/home/shunski/ros2_foxy/install/topic_monitor:/home/shunski/ros2_foxy/install/examples_tf2_py:/home/shunski/ros2_foxy/install/sros2:/home/shunski/ros2_foxy/install/rqt_topic:/home/shunski/ros2_foxy/install/rqt_top:/home/shunski/ros2_foxy/install/rqt_srv:/home/shunski/ros2_foxy/install/rqt_shell:/home/shunski/ros2_foxy/install/rqt_service_caller:/home/shunski/ros2_foxy/install/rqt_reconfigure:/home/shunski/ros2_foxy/install/rqt_py_console:/home/shunski/ros2_foxy/install/rqt_publisher:/home/shunski/ros2_foxy/install/rqt_plot:/home/shunski/ros2_foxy/install/rqt_action:/home/shunski/ros2_foxy/install/rqt_msg:/home/shunski/ros2_foxy/install/rqt:/home/shunski/ros2_foxy/install/rqt_graph:/home/shunski/ros2_foxy/install/rqt_gui_py:/home/shunski/ros2_foxy/install/rqt_gui:/home/shunski/ros2_foxy/install/ros2trace:/home/shunski/ros2_foxy/install/ros2topic:/home/shunski/ros2_foxy/install/ros2test:/home/shunski/ros2_foxy/install/ros2component:/home/shunski/ros2_foxy/install/ros2param:/home/shunski/ros2_foxy/install/ros2lifecycle:/home/shunski/ros2_foxy/install/ros2service:/home/shunski/ros2_foxy/install/ros2run:/home/shunski/ros2_foxy/install/ros2launch:/home/shunski/ros2_foxy/install/ros2pkg:/home/shunski/ros2_foxy/install/ros2node:/home/shunski/ros2_foxy/install/ros2multicast:/home/shunski/ros2_foxy/install/ros2interface:/home/shunski/ros2_foxy/install/ros2doctor:/home/shunski/ros2_foxy/install/ros2action:/home/shunski/ros2_foxy/install/ros2cli:/home/shunski/ros2_foxy/install/quality_of_service_demo_py:/home/shunski/ros2_foxy/install/launch_testing_ros:/home/shunski/ros2_foxy/install/launch_ros:/home/shunski/ros2_foxy/install/examples_rclpy_minimal_subscriber:/home/shunski/ros2_foxy/install/examples_rclpy_minimal_service:/home/shunski/ros2_foxy/install/examples_rclpy_minimal_publisher:/home/shunski/ros2_foxy/install/examples_rclpy_minimal_client:/home/shunski/ros2_foxy/install/examples_rclpy_minimal_action_server:/home/shunski/ros2_foxy/install/examples_rclpy_minimal_action_client:/home/shunski/ros2_foxy/install/examples_rclpy_executors:/home/shunski/ros2_foxy/install/demo_nodes_py:/home/shunski/ros2_foxy/install/action_tutorials_py:/home/shunski/ros2_foxy/install/ament_uncrustify:/home/shunski/ros2_foxy/install/tracetools_trace:/home/shunski/ros2_foxy/install/tracetools_read:/home/shunski/ros2_foxy/install/test_launch_ros:/home/shunski/ros2_foxy/install/sensor_msgs_py:/home/shunski/ros2_foxy/install/rpyutils:/home/shunski/ros2_foxy/install/rosidl_runtime_py:/home/shunski/ros2_foxy/install/launch_yaml:/home/shunski/ros2_foxy/install/launch_xml:/home/shunski/ros2_foxy/install/launch_testing:/home/shunski/ros2_foxy/install/launch:/home/shunski/ros2_foxy/install/osrf_pycommon:/home/shunski/ros2_foxy/install/domain_coordinator:/home/shunski/ros2_foxy/install/ament_xmllint:/home/shunski/ros2_foxy/install/ament_pyflakes:/home/shunski/ros2_foxy/install/ament_pycodestyle:/home/shunski/ros2_foxy/install/ament_pep257:/home/shunski/ros2_foxy/install/ament_pclint:/home/shunski/ros2_foxy/install/ament_package:/home/shunski/ros2_foxy/install/ament_mypy:/home/shunski/ros2_foxy/install/ament_lint_cmake:/home/shunski/ros2_foxy/install/ament_flake8:/home/shunski/ros2_foxy/install/ament_copyright:/home/shunski/ros2_foxy/install/ament_lint:/home/shunski/ros2_foxy/install/ament_index_python:/home/shunski/ros2_foxy/install/ament_cpplint:/home/shunski/ros2_foxy/install/ament_cppcheck:/home/shunski/ros2_foxy/install/ament_clang_tidy:/home/shunski/ros2_foxy/install/ament_clang_format /home/shunski/bin/cmake /home/shunski/aki_ws/src/cat_srv -DCMAKE_INSTALL_PREFIX=/home/shunski/aki_ws/install/cat_srv
[0.512s] -- The C compiler identification is GNU 9.3.0
[0.665s] -- The CXX compiler identification is GNU 9.3.0
[0.702s] -- Detecting C compiler ABI info
[0.798s] -- Detecting C compiler ABI info - done
[0.809s] -- Check for working C compiler: /usr/bin/cc - skipped
[0.809s] -- Detecting C compile features
[0.810s] -- Detecting C compile features - done
[0.813s] -- Detecting CXX compiler ABI info
[0.917s] -- Detecting CXX compiler ABI info - done
[0.929s] -- Check for working CXX compiler: /usr/bin/c++ - skipped
[0.929s] -- Detecting CXX compile features
[0.930s] -- Detecting CXX compile features - done
[0.950s] -- Found ament_cmake: 0.9.8 (/home/shunski/ros2_foxy/install/ament_cmake/share/ament_cmake/cmake)
[1.399s] -- Found PythonInterp: /usr/bin/python3 (found suitable version "3.8.5", minimum required is "3") 
[1.400s] -- Using PYTHON_EXECUTABLE: /usr/bin/python3
[2.355s] -- Found rosidl_default_generators: 1.0.1 (/home/shunski/ros2_foxy/install/rosidl_default_generators/share/rosidl_default_generators/cmake)
[2.480s] -- Using all available rosidl_typesupport_c: rosidl_typesupport_introspection_c;rosidl_typesupport_fastrtps_c
[2.527s] -- Found rosidl_adapter: 1.2.1 (/home/shunski/ros2_foxy/install/rosidl_adapter/share/rosidl_adapter/cmake)
[2.927s] -- Found OpenSSL: /usr/lib/x86_64-linux-gnu/libcrypto.so (found version "1.1.1f")  
[3.011s] -- Found FastRTPS: /home/shunski/ros2_foxy/install/fastrtps/include  
[3.254s] -- Using all available rosidl_typesupport_cpp: rosidl_typesupport_introspection_cpp;rosidl_typesupport_fastrtps_cpp
[3.714s] -- Found PythonInterp: /usr/bin/python3 (found version "3.8.5") 
[4.792s] -- Found ament_cmake_ros: 0.9.2 (/home/shunski/ros2_foxy/install/ament_cmake_ros/share/ament_cmake_ros/cmake)
[5.349s] -- Using all available rosidl_typesupport_c: rosidl_typesupport_introspection_c;rosidl_typesupport_fastrtps_c
[5.520s] -- Using all available rosidl_typesupport_cpp: rosidl_typesupport_introspection_cpp;rosidl_typesupport_fastrtps_cpp
[6.024s] -- Found PythonInterp: /usr/bin/python3 (found suitable version "3.8.5", minimum required is "3.5") 
[6.045s] -- Found python_cmake_module: 0.8.1 (/home/shunski/ros2_foxy/install/python_cmake_module/share/python_cmake_module/cmake)
[6.473s] -- Found PythonLibs: /usr/lib/x86_64-linux-gnu/libpython3.8.so (found suitable version "3.8.5", minimum required is "3.5") 
[6.473s] -- Using PYTHON_EXECUTABLE: /usr/bin/python3
[6.473s] -- Using PYTHON_INCLUDE_DIRS: /usr/include/python3.8
[6.473s] -- Using PYTHON_LIBRARIES: /usr/lib/x86_64-linux-gnu/libpython3.8.so
[6.877s] -- Found PythonExtra: .so  
[7.721s] -- Found ament_lint_auto: 0.9.6 (/home/shunski/ros2_foxy/install/ament_lint_auto/share/ament_lint_auto/cmake)
[7.883s] -- Added test 'copyright' to check source files copyright and LICENSE
[7.890s] -- Added test 'lint_cmake' to check CMake code style
[7.896s] -- Added test 'xmllint' to check XML markup files
[7.910s] -- Configuring done
[7.941s] -- Generating done
[7.944s] -- Build files have been written to: /home/shunski/aki_ws/build/cat_srv
[7.957s] Invoked command in '/home/shunski/aki_ws/build/cat_srv' returned '0': CMAKE_PREFIX_PATH=${CMAKE_PREFIX_PATH}:/opt/ros/foxy:/home/shunski/ros2_foxy/install/ros2bag:/home/shunski/ros2_foxy/install/tracetools_launch:/home/shunski/ros2_foxy/install/topic_monitor:/home/shunski/ros2_foxy/install/examples_tf2_py:/home/shunski/ros2_foxy/install/sros2:/home/shunski/ros2_foxy/install/rqt_topic:/home/shunski/ros2_foxy/install/rqt_top:/home/shunski/ros2_foxy/install/rqt_srv:/home/shunski/ros2_foxy/install/rqt_shell:/home/shunski/ros2_foxy/install/rqt_service_caller:/home/shunski/ros2_foxy/install/rqt_reconfigure:/home/shunski/ros2_foxy/install/rqt_py_console:/home/shunski/ros2_foxy/install/rqt_publisher:/home/shunski/ros2_foxy/install/rqt_plot:/home/shunski/ros2_foxy/install/rqt_action:/home/shunski/ros2_foxy/install/rqt_msg:/home/shunski/ros2_foxy/install/rqt:/home/shunski/ros2_foxy/install/rqt_graph:/home/shunski/ros2_foxy/install/rqt_gui_py:/home/shunski/ros2_foxy/install/rqt_gui:/home/shunski/ros2_foxy/install/ros2trace:/home/shunski/ros2_foxy/install/ros2topic:/home/shunski/ros2_foxy/install/ros2test:/home/shunski/ros2_foxy/install/ros2component:/home/shunski/ros2_foxy/install/ros2param:/home/shunski/ros2_foxy/install/ros2lifecycle:/home/shunski/ros2_foxy/install/ros2service:/home/shunski/ros2_foxy/install/ros2run:/home/shunski/ros2_foxy/install/ros2launch:/home/shunski/ros2_foxy/install/ros2pkg:/home/shunski/ros2_foxy/install/ros2node:/home/shunski/ros2_foxy/install/ros2multicast:/home/shunski/ros2_foxy/install/ros2interface:/home/shunski/ros2_foxy/install/ros2doctor:/home/shunski/ros2_foxy/install/ros2action:/home/shunski/ros2_foxy/install/ros2cli:/home/shunski/ros2_foxy/install/quality_of_service_demo_py:/home/shunski/ros2_foxy/install/launch_testing_ros:/home/shunski/ros2_foxy/install/launch_ros:/home/shunski/ros2_foxy/install/examples_rclpy_minimal_subscriber:/home/shunski/ros2_foxy/install/examples_rclpy_minimal_service:/home/shunski/ros2_foxy/install/examples_rclpy_minimal_publisher:/home/shunski/ros2_foxy/install/examples_rclpy_minimal_client:/home/shunski/ros2_foxy/install/examples_rclpy_minimal_action_server:/home/shunski/ros2_foxy/install/examples_rclpy_minimal_action_client:/home/shunski/ros2_foxy/install/examples_rclpy_executors:/home/shunski/ros2_foxy/install/demo_nodes_py:/home/shunski/ros2_foxy/install/action_tutorials_py:/home/shunski/ros2_foxy/install/ament_uncrustify:/home/shunski/ros2_foxy/install/tracetools_trace:/home/shunski/ros2_foxy/install/tracetools_read:/home/shunski/ros2_foxy/install/test_launch_ros:/home/shunski/ros2_foxy/install/sensor_msgs_py:/home/shunski/ros2_foxy/install/rpyutils:/home/shunski/ros2_foxy/install/rosidl_runtime_py:/home/shunski/ros2_foxy/install/launch_yaml:/home/shunski/ros2_foxy/install/launch_xml:/home/shunski/ros2_foxy/install/launch_testing:/home/shunski/ros2_foxy/install/launch:/home/shunski/ros2_foxy/install/osrf_pycommon:/home/shunski/ros2_foxy/install/domain_coordinator:/home/shunski/ros2_foxy/install/ament_xmllint:/home/shunski/ros2_foxy/install/ament_pyflakes:/home/shunski/ros2_foxy/install/ament_pycodestyle:/home/shunski/ros2_foxy/install/ament_pep257:/home/shunski/ros2_foxy/install/ament_pclint:/home/shunski/ros2_foxy/install/ament_package:/home/shunski/ros2_foxy/install/ament_mypy:/home/shunski/ros2_foxy/install/ament_lint_cmake:/home/shunski/ros2_foxy/install/ament_flake8:/home/shunski/ros2_foxy/install/ament_copyright:/home/shunski/ros2_foxy/install/ament_lint:/home/shunski/ros2_foxy/install/ament_index_python:/home/shunski/ros2_foxy/install/ament_cpplint:/home/shunski/ros2_foxy/install/ament_cppcheck:/home/shunski/ros2_foxy/install/ament_clang_tidy:/home/shunski/ros2_foxy/install/ament_clang_format /home/shunski/bin/cmake /home/shunski/aki_ws/src/cat_srv -DCMAKE_INSTALL_PREFIX=/home/shunski/aki_ws/install/cat_srv
[7.961s] Invoking command in '/home/shunski/aki_ws/build/cat_srv': CMAKE_PREFIX_PATH=${CMAKE_PREFIX_PATH}:/opt/ros/foxy:/home/shunski/ros2_foxy/install/ros2bag:/home/shunski/ros2_foxy/install/tracetools_launch:/home/shunski/ros2_foxy/install/topic_monitor:/home/shunski/ros2_foxy/install/examples_tf2_py:/home/shunski/ros2_foxy/install/sros2:/home/shunski/ros2_foxy/install/rqt_topic:/home/shunski/ros2_foxy/install/rqt_top:/home/shunski/ros2_foxy/install/rqt_srv:/home/shunski/ros2_foxy/install/rqt_shell:/home/shunski/ros2_foxy/install/rqt_service_caller:/home/shunski/ros2_foxy/install/rqt_reconfigure:/home/shunski/ros2_foxy/install/rqt_py_console:/home/shunski/ros2_foxy/install/rqt_publisher:/home/shunski/ros2_foxy/install/rqt_plot:/home/shunski/ros2_foxy/install/rqt_action:/home/shunski/ros2_foxy/install/rqt_msg:/home/shunski/ros2_foxy/install/rqt:/home/shunski/ros2_foxy/install/rqt_graph:/home/shunski/ros2_foxy/install/rqt_gui_py:/home/shunski/ros2_foxy/install/rqt_gui:/home/shunski/ros2_foxy/install/ros2trace:/home/shunski/ros2_foxy/install/ros2topic:/home/shunski/ros2_foxy/install/ros2test:/home/shunski/ros2_foxy/install/ros2component:/home/shunski/ros2_foxy/install/ros2param:/home/shunski/ros2_foxy/install/ros2lifecycle:/home/shunski/ros2_foxy/install/ros2service:/home/shunski/ros2_foxy/install/ros2run:/home/shunski/ros2_foxy/install/ros2launch:/home/shunski/ros2_foxy/install/ros2pkg:/home/shunski/ros2_foxy/install/ros2node:/home/shunski/ros2_foxy/install/ros2multicast:/home/shunski/ros2_foxy/install/ros2interface:/home/shunski/ros2_foxy/install/ros2doctor:/home/shunski/ros2_foxy/install/ros2action:/home/shunski/ros2_foxy/install/ros2cli:/home/shunski/ros2_foxy/install/quality_of_service_demo_py:/home/shunski/ros2_foxy/install/launch_testing_ros:/home/shunski/ros2_foxy/install/launch_ros:/home/shunski/ros2_foxy/install/examples_rclpy_minimal_subscriber:/home/shunski/ros2_foxy/install/examples_rclpy_minimal_service:/home/shunski/ros2_foxy/install/examples_rclpy_minimal_publisher:/home/shunski/ros2_foxy/install/examples_rclpy_minimal_client:/home/shunski/ros2_foxy/install/examples_rclpy_minimal_action_server:/home/shunski/ros2_foxy/install/examples_rclpy_minimal_action_client:/home/shunski/ros2_foxy/install/examples_rclpy_executors:/home/shunski/ros2_foxy/install/demo_nodes_py:/home/shunski/ros2_foxy/install/action_tutorials_py:/home/shunski/ros2_foxy/install/ament_uncrustify:/home/shunski/ros2_foxy/install/tracetools_trace:/home/shunski/ros2_foxy/install/tracetools_read:/home/shunski/ros2_foxy/install/test_launch_ros:/home/shunski/ros2_foxy/install/sensor_msgs_py:/home/shunski/ros2_foxy/install/rpyutils:/home/shunski/ros2_foxy/install/rosidl_runtime_py:/home/shunski/ros2_foxy/install/launch_yaml:/home/shunski/ros2_foxy/install/launch_xml:/home/shunski/ros2_foxy/install/launch_testing:/home/shunski/ros2_foxy/install/launch:/home/shunski/ros2_foxy/install/osrf_pycommon:/home/shunski/ros2_foxy/install/domain_coordinator:/home/shunski/ros2_foxy/install/ament_xmllint:/home/shunski/ros2_foxy/install/ament_pyflakes:/home/shunski/ros2_foxy/install/ament_pycodestyle:/home/shunski/ros2_foxy/install/ament_pep257:/home/shunski/ros2_foxy/install/ament_pclint:/home/shunski/ros2_foxy/install/ament_package:/home/shunski/ros2_foxy/install/ament_mypy:/home/shunski/ros2_foxy/install/ament_lint_cmake:/home/shunski/ros2_foxy/install/ament_flake8:/home/shunski/ros2_foxy/install/ament_copyright:/home/shunski/ros2_foxy/install/ament_lint:/home/shunski/ros2_foxy/install/ament_index_python:/home/shunski/ros2_foxy/install/ament_cpplint:/home/shunski/ros2_foxy/install/ament_cppcheck:/home/shunski/ros2_foxy/install/ament_clang_tidy:/home/shunski/ros2_foxy/install/ament_clang_format /home/shunski/bin/cmake --build /home/shunski/aki_ws/build/cat_srv -- -j8 -l8
[8.001s] [35m[1mScanning dependencies of target cat_srv__cpp[0m
[8.002s] [  3%] [34m[1mGenerating C code for ROS interfaces[0m
[8.013s] [  6%] [34m[1mGenerating C++ code for ROS interfaces[0m
[8.721s] [  6%] Built target cat_srv__cpp
[8.733s] [  9%] [34m[1mGenerating C++ introspection for ROS interfaces[0m
[8.734s] [ 12%] [34m[1mGenerating C++ type support for eProsima Fast-RTPS[0m
[8.735s] [ 16%] [34m[1mGenerating C++ type support dispatch for ROS interfaces[0m
[8.745s] [35m[1mScanning dependencies of target cat_srv__rosidl_generator_c[0m
[8.757s] [ 19%] [32mBuilding C object CMakeFiles/cat_srv__rosidl_generator_c.dir/rosidl_generator_c/cat_srv/srv/detail/cat__functions.c.o[0m
[8.812s] [ 22%] [32m[1mLinking C shared library libcat_srv__rosidl_generator_c.so[0m
[8.850s] [ 22%] Built target cat_srv__rosidl_generator_c
[8.861s] [ 25%] [34m[1mGenerating C type support dispatch for ROS interfaces[0m
[8.865s] [ 29%] [34m[1mGenerating C introspection for ROS interfaces[0m
[9.464s] [35m[1mScanning dependencies of target cat_srv__rosidl_typesupport_cpp[0m
[9.478s] [ 32%] [32mBuilding CXX object CMakeFiles/cat_srv__rosidl_typesupport_cpp.dir/rosidl_typesupport_cpp/cat_srv/srv/cat__type_support.cpp.o[0m
[9.633s] [35m[1mScanning dependencies of target cat_srv__rosidl_typesupport_c[0m
[9.646s] [ 35%] [32mBuilding CXX object CMakeFiles/cat_srv__rosidl_typesupport_c.dir/rosidl_typesupport_c/cat_srv/srv/cat__type_support.cpp.o[0m
[9.695s] [ 38%] [32m[1mLinking CXX shared library libcat_srv__rosidl_typesupport_c.so[0m
[9.746s] [ 38%] Built target cat_srv__rosidl_typesupport_c
[9.755s] [35m[1mScanning dependencies of target cat_srv__rosidl_typesupport_introspection_c[0m
[9.769s] [ 41%] [32mBuilding C object CMakeFiles/cat_srv__rosidl_typesupport_introspection_c.dir/rosidl_typesupport_introspection_c/cat_srv/srv/detail/cat__type_support.c.o[0m
[9.816s] [ 45%] [32m[1mLinking C shared library libcat_srv__rosidl_typesupport_introspection_c.so[0m
[9.847s] [ 45%] Built target cat_srv__rosidl_typesupport_introspection_c
[9.892s] [35m[1mScanning dependencies of target cat_srv__rosidl_typesupport_fastrtps_cpp[0m
[9.910s] [ 48%] [32mBuilding CXX object CMakeFiles/cat_srv__rosidl_typesupport_fastrtps_cpp.dir/rosidl_typesupport_fastrtps_cpp/cat_srv/srv/detail/dds_fastrtps/cat__type_support.cpp.o[0m
[9.920s] [ 51%] [32m[1mLinking CXX shared library libcat_srv__rosidl_typesupport_cpp.so[0m
[9.966s] [ 51%] Built target cat_srv__rosidl_typesupport_cpp
[9.981s] [35m[1mScanning dependencies of target cat_srv__rosidl_typesupport_introspection_cpp[0m
[9.993s] [ 54%] [32mBuilding CXX object CMakeFiles/cat_srv__rosidl_typesupport_introspection_cpp.dir/rosidl_typesupport_introspection_cpp/cat_srv/srv/detail/cat__type_support.cpp.o[0m
[10.323s] [ 58%] [32m[1mLinking CXX shared library libcat_srv__rosidl_typesupport_introspection_cpp.so[0m
[10.367s] [ 58%] Built target cat_srv__rosidl_typesupport_introspection_cpp
[10.391s] [ 61%] [32m[1mLinking CXX shared library libcat_srv__rosidl_typesupport_fastrtps_cpp.so[0m
[10.502s] [ 61%] Built target cat_srv__rosidl_typesupport_fastrtps_cpp
[10.516s] [ 64%] [34m[1mGenerating C type support for eProsima Fast-RTPS[0m
[11.205s] [35m[1mScanning dependencies of target cat_srv__rosidl_typesupport_fastrtps_c[0m
[11.223s] [ 67%] [32mBuilding CXX object CMakeFiles/cat_srv__rosidl_typesupport_fastrtps_c.dir/rosidl_typesupport_fastrtps_c/cat_srv/srv/detail/cat__type_support_c.cpp.o[0m
[11.626s] [ 70%] [32m[1mLinking CXX shared library libcat_srv__rosidl_typesupport_fastrtps_c.so[0m
[11.731s] [ 70%] Built target cat_srv__rosidl_typesupport_fastrtps_c
[11.745s] [35m[1mScanning dependencies of target cat_srv[0m
[11.760s] [ 70%] Built target cat_srv
[11.772s] [35m[1mScanning dependencies of target cat_srv__py[0m
[11.787s] [ 74%] [34m[1mGenerating Python code for ROS interfaces[0m
[12.779s] [ 74%] Built target cat_srv__py
[12.792s] [35m[1mScanning dependencies of target cat_srv__python[0m
[12.814s] [ 77%] [32mBuilding C object CMakeFiles/cat_srv__python.dir/rosidl_generator_py/cat_srv/srv/_cat_s.c.o[0m
[12.926s] [ 80%] [32m[1mLinking C shared library rosidl_generator_py/cat_srv/libcat_srv__python.so[0m
[12.974s] [ 80%] Built target cat_srv__python
[12.986s] [35m[1mScanning dependencies of target cat_srv__rosidl_typesupport_introspection_c__pyext[0m
[12.987s] [35m[1mScanning dependencies of target cat_srv__rosidl_typesupport_fastrtps_c__pyext[0m
[12.987s] [35m[1mScanning dependencies of target cat_srv__rosidl_typesupport_c__pyext[0m
[13.003s] [ 87%] [32mBuilding C object CMakeFiles/cat_srv__rosidl_typesupport_c__pyext.dir/rosidl_generator_py/cat_srv/_cat_srv_s.ep.rosidl_typesupport_c.c.o[0m
[13.004s] [ 87%] [32mBuilding C object CMakeFiles/cat_srv__rosidl_typesupport_introspection_c__pyext.dir/rosidl_generator_py/cat_srv/_cat_srv_s.ep.rosidl_typesupport_introspection_c.c.o[0m
[13.004s] [ 90%] [32mBuilding C object CMakeFiles/cat_srv__rosidl_typesupport_fastrtps_c__pyext.dir/rosidl_generator_py/cat_srv/_cat_srv_s.ep.rosidl_typesupport_fastrtps_c.c.o[0m
[13.109s] [ 93%] [32m[1mLinking C shared library rosidl_generator_py/cat_srv/cat_srv_s__rosidl_typesupport_c.cpython-38-x86_64-linux-gnu.so[0m
[13.109s] [ 96%] [32m[1mLinking C shared library rosidl_generator_py/cat_srv/cat_srv_s__rosidl_typesupport_introspection_c.cpython-38-x86_64-linux-gnu.so[0m
[13.118s] [100%] [32m[1mLinking CXX shared library rosidl_generator_py/cat_srv/cat_srv_s__rosidl_typesupport_fastrtps_c.cpython-38-x86_64-linux-gnu.so[0m
[13.147s] [100%] Built target cat_srv__rosidl_typesupport_c__pyext
[13.148s] [100%] Built target cat_srv__rosidl_typesupport_introspection_c__pyext
[13.185s] [100%] Built target cat_srv__rosidl_typesupport_fastrtps_c__pyext
[13.195s] Invoked command in '/home/shunski/aki_ws/build/cat_srv' returned '0': CMAKE_PREFIX_PATH=${CMAKE_PREFIX_PATH}:/opt/ros/foxy:/home/shunski/ros2_foxy/install/ros2bag:/home/shunski/ros2_foxy/install/tracetools_launch:/home/shunski/ros2_foxy/install/topic_monitor:/home/shunski/ros2_foxy/install/examples_tf2_py:/home/shunski/ros2_foxy/install/sros2:/home/shunski/ros2_foxy/install/rqt_topic:/home/shunski/ros2_foxy/install/rqt_top:/home/shunski/ros2_foxy/install/rqt_srv:/home/shunski/ros2_foxy/install/rqt_shell:/home/shunski/ros2_foxy/install/rqt_service_caller:/home/shunski/ros2_foxy/install/rqt_reconfigure:/home/shunski/ros2_foxy/install/rqt_py_console:/home/shunski/ros2_foxy/install/rqt_publisher:/home/shunski/ros2_foxy/install/rqt_plot:/home/shunski/ros2_foxy/install/rqt_action:/home/shunski/ros2_foxy/install/rqt_msg:/home/shunski/ros2_foxy/install/rqt:/home/shunski/ros2_foxy/install/rqt_graph:/home/shunski/ros2_foxy/install/rqt_gui_py:/home/shunski/ros2_foxy/install/rqt_gui:/home/shunski/ros2_foxy/install/ros2trace:/home/shunski/ros2_foxy/install/ros2topic:/home/shunski/ros2_foxy/install/ros2test:/home/shunski/ros2_foxy/install/ros2component:/home/shunski/ros2_foxy/install/ros2param:/home/shunski/ros2_foxy/install/ros2lifecycle:/home/shunski/ros2_foxy/install/ros2service:/home/shunski/ros2_foxy/install/ros2run:/home/shunski/ros2_foxy/install/ros2launch:/home/shunski/ros2_foxy/install/ros2pkg:/home/shunski/ros2_foxy/install/ros2node:/home/shunski/ros2_foxy/install/ros2multicast:/home/shunski/ros2_foxy/install/ros2interface:/home/shunski/ros2_foxy/install/ros2doctor:/home/shunski/ros2_foxy/install/ros2action:/home/shunski/ros2_foxy/install/ros2cli:/home/shunski/ros2_foxy/install/quality_of_service_demo_py:/home/shunski/ros2_foxy/install/launch_testing_ros:/home/shunski/ros2_foxy/install/launch_ros:/home/shunski/ros2_foxy/install/examples_rclpy_minimal_subscriber:/home/shunski/ros2_foxy/install/examples_rclpy_minimal_service:/home/shunski/ros2_foxy/install/examples_rclpy_minimal_publisher:/home/shunski/ros2_foxy/install/examples_rclpy_minimal_client:/home/shunski/ros2_foxy/install/examples_rclpy_minimal_action_server:/home/shunski/ros2_foxy/install/examples_rclpy_minimal_action_client:/home/shunski/ros2_foxy/install/examples_rclpy_executors:/home/shunski/ros2_foxy/install/demo_nodes_py:/home/shunski/ros2_foxy/install/action_tutorials_py:/home/shunski/ros2_foxy/install/ament_uncrustify:/home/shunski/ros2_foxy/install/tracetools_trace:/home/shunski/ros2_foxy/install/tracetools_read:/home/shunski/ros2_foxy/install/test_launch_ros:/home/shunski/ros2_foxy/install/sensor_msgs_py:/home/shunski/ros2_foxy/install/rpyutils:/home/shunski/ros2_foxy/install/rosidl_runtime_py:/home/shunski/ros2_foxy/install/launch_yaml:/home/shunski/ros2_foxy/install/launch_xml:/home/shunski/ros2_foxy/install/launch_testing:/home/shunski/ros2_foxy/install/launch:/home/shunski/ros2_foxy/install/osrf_pycommon:/home/shunski/ros2_foxy/install/domain_coordinator:/home/shunski/ros2_foxy/install/ament_xmllint:/home/shunski/ros2_foxy/install/ament_pyflakes:/home/shunski/ros2_foxy/install/ament_pycodestyle:/home/shunski/ros2_foxy/install/ament_pep257:/home/shunski/ros2_foxy/install/ament_pclint:/home/shunski/ros2_foxy/install/ament_package:/home/shunski/ros2_foxy/install/ament_mypy:/home/shunski/ros2_foxy/install/ament_lint_cmake:/home/shunski/ros2_foxy/install/ament_flake8:/home/shunski/ros2_foxy/install/ament_copyright:/home/shunski/ros2_foxy/install/ament_lint:/home/shunski/ros2_foxy/install/ament_index_python:/home/shunski/ros2_foxy/install/ament_cpplint:/home/shunski/ros2_foxy/install/ament_cppcheck:/home/shunski/ros2_foxy/install/ament_clang_tidy:/home/shunski/ros2_foxy/install/ament_clang_format /home/shunski/bin/cmake --build /home/shunski/aki_ws/build/cat_srv -- -j8 -l8
[13.386s] Invoking command in '/home/shunski/aki_ws/build/cat_srv': CMAKE_PREFIX_PATH=${CMAKE_PREFIX_PATH}:/opt/ros/foxy:/home/shunski/ros2_foxy/install/ros2bag:/home/shunski/ros2_foxy/install/tracetools_launch:/home/shunski/ros2_foxy/install/topic_monitor:/home/shunski/ros2_foxy/install/examples_tf2_py:/home/shunski/ros2_foxy/install/sros2:/home/shunski/ros2_foxy/install/rqt_topic:/home/shunski/ros2_foxy/install/rqt_top:/home/shunski/ros2_foxy/install/rqt_srv:/home/shunski/ros2_foxy/install/rqt_shell:/home/shunski/ros2_foxy/install/rqt_service_caller:/home/shunski/ros2_foxy/install/rqt_reconfigure:/home/shunski/ros2_foxy/install/rqt_py_console:/home/shunski/ros2_foxy/install/rqt_publisher:/home/shunski/ros2_foxy/install/rqt_plot:/home/shunski/ros2_foxy/install/rqt_action:/home/shunski/ros2_foxy/install/rqt_msg:/home/shunski/ros2_foxy/install/rqt:/home/shunski/ros2_foxy/install/rqt_graph:/home/shunski/ros2_foxy/install/rqt_gui_py:/home/shunski/ros2_foxy/install/rqt_gui:/home/shunski/ros2_foxy/install/ros2trace:/home/shunski/ros2_foxy/install/ros2topic:/home/shunski/ros2_foxy/install/ros2test:/home/shunski/ros2_foxy/install/ros2component:/home/shunski/ros2_foxy/install/ros2param:/home/shunski/ros2_foxy/install/ros2lifecycle:/home/shunski/ros2_foxy/install/ros2service:/home/shunski/ros2_foxy/install/ros2run:/home/shunski/ros2_foxy/install/ros2launch:/home/shunski/ros2_foxy/install/ros2pkg:/home/shunski/ros2_foxy/install/ros2node:/home/shunski/ros2_foxy/install/ros2multicast:/home/shunski/ros2_foxy/install/ros2interface:/home/shunski/ros2_foxy/install/ros2doctor:/home/shunski/ros2_foxy/install/ros2action:/home/shunski/ros2_foxy/install/ros2cli:/home/shunski/ros2_foxy/install/quality_of_service_demo_py:/home/shunski/ros2_foxy/install/launch_testing_ros:/home/shunski/ros2_foxy/install/launch_ros:/home/shunski/ros2_foxy/install/examples_rclpy_minimal_subscriber:/home/shunski/ros2_foxy/install/examples_rclpy_minimal_service:/home/shunski/ros2_foxy/install/examples_rclpy_minimal_publisher:/home/shunski/ros2_foxy/install/examples_rclpy_minimal_client:/home/shunski/ros2_foxy/install/examples_rclpy_minimal_action_server:/home/shunski/ros2_foxy/install/examples_rclpy_minimal_action_client:/home/shunski/ros2_foxy/install/examples_rclpy_executors:/home/shunski/ros2_foxy/install/demo_nodes_py:/home/shunski/ros2_foxy/install/action_tutorials_py:/home/shunski/ros2_foxy/install/ament_uncrustify:/home/shunski/ros2_foxy/install/tracetools_trace:/home/shunski/ros2_foxy/install/tracetools_read:/home/shunski/ros2_foxy/install/test_launch_ros:/home/shunski/ros2_foxy/install/sensor_msgs_py:/home/shunski/ros2_foxy/install/rpyutils:/home/shunski/ros2_foxy/install/rosidl_runtime_py:/home/shunski/ros2_foxy/install/launch_yaml:/home/shunski/ros2_foxy/install/launch_xml:/home/shunski/ros2_foxy/install/launch_testing:/home/shunski/ros2_foxy/install/launch:/home/shunski/ros2_foxy/install/osrf_pycommon:/home/shunski/ros2_foxy/install/domain_coordinator:/home/shunski/ros2_foxy/install/ament_xmllint:/home/shunski/ros2_foxy/install/ament_pyflakes:/home/shunski/ros2_foxy/install/ament_pycodestyle:/home/shunski/ros2_foxy/install/ament_pep257:/home/shunski/ros2_foxy/install/ament_pclint:/home/shunski/ros2_foxy/install/ament_package:/home/shunski/ros2_foxy/install/ament_mypy:/home/shunski/ros2_foxy/install/ament_lint_cmake:/home/shunski/ros2_foxy/install/ament_flake8:/home/shunski/ros2_foxy/install/ament_copyright:/home/shunski/ros2_foxy/install/ament_lint:/home/shunski/ros2_foxy/install/ament_index_python:/home/shunski/ros2_foxy/install/ament_cpplint:/home/shunski/ros2_foxy/install/ament_cppcheck:/home/shunski/ros2_foxy/install/ament_clang_tidy:/home/shunski/ros2_foxy/install/ament_clang_format /home/shunski/bin/cmake --install /home/shunski/aki_ws/build/cat_srv
[13.391s] -- Install configuration: ""
[13.391s] -- Installing: /home/shunski/aki_ws/install/cat_srv/share/ament_index/resource_index/rosidl_interfaces/cat_srv
[13.392s] -- Installing: /home/shunski/aki_ws/install/cat_srv/include/cat_srv
[13.392s] -- Installing: /home/shunski/aki_ws/install/cat_srv/include/cat_srv/srv
[13.392s] -- Installing: /home/shunski/aki_ws/install/cat_srv/include/cat_srv/srv/cat.h
[13.393s] -- Installing: /home/shunski/aki_ws/install/cat_srv/include/cat_srv/srv/detail
[13.393s] -- Installing: /home/shunski/aki_ws/install/cat_srv/include/cat_srv/srv/detail/cat__functions.c
[13.393s] -- Installing: /home/shunski/aki_ws/install/cat_srv/include/cat_srv/srv/detail/cat__functions.h
[13.393s] -- Installing: /home/shunski/aki_ws/install/cat_srv/include/cat_srv/srv/detail/cat__type_support.h
[13.393s] -- Installing: /home/shunski/aki_ws/install/cat_srv/include/cat_srv/srv/detail/cat__struct.h
[13.393s] -- Installing: /home/shunski/aki_ws/install/cat_srv/include/cat_srv/msg
[13.393s] -- Installing: /home/shunski/aki_ws/install/cat_srv/include/cat_srv/msg/rosidl_generator_c__visibility_control.h
[13.393s] -- Installing: /home/shunski/aki_ws/install/cat_srv/share/cat_srv/environment/library_path.sh
[13.393s] -- Installing: /home/shunski/aki_ws/install/cat_srv/share/cat_srv/environment/library_path.dsv
[13.394s] -- Installing: /home/shunski/aki_ws/install/cat_srv/lib/libcat_srv__rosidl_generator_c.so
[13.394s] -- Set runtime path of "/home/shunski/aki_ws/install/cat_srv/lib/libcat_srv__rosidl_generator_c.so" to ""
[13.394s] -- Up-to-date: /home/shunski/aki_ws/install/cat_srv/include/cat_srv
[13.394s] -- Up-to-date: /home/shunski/aki_ws/install/cat_srv/include/cat_srv/srv
[13.394s] -- Up-to-date: /home/shunski/aki_ws/install/cat_srv/include/cat_srv/srv/detail
[13.394s] -- Installing: /home/shunski/aki_ws/install/cat_srv/include/cat_srv/srv/detail/cat__rosidl_typesupport_introspection_c.h
[13.394s] -- Installing: /home/shunski/aki_ws/install/cat_srv/include/cat_srv/srv/detail/cat__type_support.c
[13.395s] -- Up-to-date: /home/shunski/aki_ws/install/cat_srv/include/cat_srv/msg
[13.395s] -- Installing: /home/shunski/aki_ws/install/cat_srv/include/cat_srv/msg/rosidl_typesupport_introspection_c__visibility_control.h
[13.395s] -- Installing: /home/shunski/aki_ws/install/cat_srv/lib/libcat_srv__rosidl_typesupport_introspection_c.so
[13.395s] -- Set runtime path of "/home/shunski/aki_ws/install/cat_srv/lib/libcat_srv__rosidl_typesupport_introspection_c.so" to ""
[13.395s] -- Up-to-date: /home/shunski/aki_ws/install/cat_srv/include/cat_srv
[13.395s] -- Up-to-date: /home/shunski/aki_ws/install/cat_srv/include/cat_srv/srv
[13.395s] -- Up-to-date: /home/shunski/aki_ws/install/cat_srv/include/cat_srv/srv/detail
[13.395s] -- Installing: /home/shunski/aki_ws/install/cat_srv/include/cat_srv/srv/detail/cat__rosidl_typesupport_fastrtps_c.h
[13.395s] -- Up-to-date: /home/shunski/aki_ws/install/cat_srv/include/cat_srv/msg
[13.396s] -- Installing: /home/shunski/aki_ws/install/cat_srv/include/cat_srv/msg/rosidl_typesupport_fastrtps_c__visibility_control.h
[13.396s] -- Installing: /home/shunski/aki_ws/install/cat_srv/lib/libcat_srv__rosidl_typesupport_fastrtps_c.so
[13.396s] -- Set runtime path of "/home/shunski/aki_ws/install/cat_srv/lib/libcat_srv__rosidl_typesupport_fastrtps_c.so" to ""
[13.396s] -- Up-to-date: /home/shunski/aki_ws/install/cat_srv/include/cat_srv
[13.396s] -- Up-to-date: /home/shunski/aki_ws/install/cat_srv/include/cat_srv/srv
[13.396s] -- Up-to-date: /home/shunski/aki_ws/install/cat_srv/include/cat_srv/srv/detail
[13.396s] -- Installing: /home/shunski/aki_ws/install/cat_srv/include/cat_srv/srv/detail/dds_fastrtps
[13.396s] -- Installing: /home/shunski/aki_ws/install/cat_srv/include/cat_srv/srv/detail/cat__rosidl_typesupport_fastrtps_cpp.hpp
[13.397s] -- Up-to-date: /home/shunski/aki_ws/install/cat_srv/include/cat_srv/msg
[13.397s] -- Installing: /home/shunski/aki_ws/install/cat_srv/include/cat_srv/msg/rosidl_typesupport_fastrtps_cpp__visibility_control.h
[13.397s] -- Installing: /home/shunski/aki_ws/install/cat_srv/lib/libcat_srv__rosidl_typesupport_fastrtps_cpp.so
[13.397s] -- Set runtime path of "/home/shunski/aki_ws/install/cat_srv/lib/libcat_srv__rosidl_typesupport_fastrtps_cpp.so" to ""
[13.397s] -- Installing: /home/shunski/aki_ws/install/cat_srv/lib/libcat_srv__rosidl_typesupport_c.so
[13.397s] -- Set runtime path of "/home/shunski/aki_ws/install/cat_srv/lib/libcat_srv__rosidl_typesupport_c.so" to ""
[13.397s] -- Up-to-date: /home/shunski/aki_ws/install/cat_srv/include/cat_srv
[13.398s] -- Up-to-date: /home/shunski/aki_ws/install/cat_srv/include/cat_srv/srv
[13.398s] -- Installing: /home/shunski/aki_ws/install/cat_srv/include/cat_srv/srv/cat.hpp
[13.398s] -- Up-to-date: /home/shunski/aki_ws/install/cat_srv/include/cat_srv/srv/detail
[13.398s] -- Installing: /home/shunski/aki_ws/install/cat_srv/include/cat_srv/srv/detail/cat__traits.hpp
[13.398s] -- Installing: /home/shunski/aki_ws/install/cat_srv/include/cat_srv/srv/detail/cat__struct.hpp
[13.398s] -- Installing: /home/shunski/aki_ws/install/cat_srv/include/cat_srv/srv/detail/cat__builder.hpp
[13.398s] -- Up-to-date: /home/shunski/aki_ws/install/cat_srv/include/cat_srv
[13.398s] -- Up-to-date: /home/shunski/aki_ws/install/cat_srv/include/cat_srv/srv
[13.399s] -- Up-to-date: /home/shunski/aki_ws/install/cat_srv/include/cat_srv/srv/detail
[13.399s] -- Installing: /home/shunski/aki_ws/install/cat_srv/include/cat_srv/srv/detail/cat__rosidl_typesupport_introspection_cpp.hpp
[13.399s] -- Installing: /home/shunski/aki_ws/install/cat_srv/include/cat_srv/srv/detail/cat__type_support.cpp
[13.399s] -- Installing: /home/shunski/aki_ws/install/cat_srv/lib/libcat_srv__rosidl_typesupport_introspection_cpp.so
[13.399s] -- Set runtime path of "/home/shunski/aki_ws/install/cat_srv/lib/libcat_srv__rosidl_typesupport_introspection_cpp.so" to ""
[13.399s] -- Installing: /home/shunski/aki_ws/install/cat_srv/lib/libcat_srv__rosidl_typesupport_cpp.so
[13.399s] -- Set runtime path of "/home/shunski/aki_ws/install/cat_srv/lib/libcat_srv__rosidl_typesupport_cpp.so" to ""
[13.399s] -- Installing: /home/shunski/aki_ws/install/cat_srv/share/cat_srv/environment/pythonpath.sh
[13.399s] -- Installing: /home/shunski/aki_ws/install/cat_srv/share/cat_srv/environment/pythonpath.dsv
[13.399s] -- Installing: /home/shunski/aki_ws/install/cat_srv/lib/python3.8/site-packages/cat_srv/__init__.py
[13.838s] Compiling '/home/shunski/aki_ws/install/cat_srv/lib/python3.8/site-packages/cat_srv/__init__.py'...
[13.843s] -- Installing: /home/shunski/aki_ws/install/cat_srv/lib/python3.8/site-packages/cat_srv/srv
[13.843s] -- Installing: /home/shunski/aki_ws/install/cat_srv/lib/python3.8/site-packages/cat_srv/srv/_cat_s.c
[13.843s] -- Installing: /home/shunski/aki_ws/install/cat_srv/lib/python3.8/site-packages/cat_srv/srv/_cat.py
[13.843s] -- Installing: /home/shunski/aki_ws/install/cat_srv/lib/python3.8/site-packages/cat_srv/srv/__init__.py
[13.843s] -- Installing: /home/shunski/aki_ws/install/cat_srv/lib/python3.8/site-packages/cat_srv/cat_srv_s__rosidl_typesupport_introspection_c.cpython-38-x86_64-linux-gnu.so
[13.844s] -- Set runtime path of "/home/shunski/aki_ws/install/cat_srv/lib/python3.8/site-packages/cat_srv/cat_srv_s__rosidl_typesupport_introspection_c.cpython-38-x86_64-linux-gnu.so" to ""
[13.844s] -- Installing: /home/shunski/aki_ws/install/cat_srv/lib/python3.8/site-packages/cat_srv/cat_srv_s__rosidl_typesupport_fastrtps_c.cpython-38-x86_64-linux-gnu.so
[13.844s] -- Set runtime path of "/home/shunski/aki_ws/install/cat_srv/lib/python3.8/site-packages/cat_srv/cat_srv_s__rosidl_typesupport_fastrtps_c.cpython-38-x86_64-linux-gnu.so" to ""
[13.844s] -- Installing: /home/shunski/aki_ws/install/cat_srv/lib/python3.8/site-packages/cat_srv/cat_srv_s__rosidl_typesupport_c.cpython-38-x86_64-linux-gnu.so
[13.845s] -- Set runtime path of "/home/shunski/aki_ws/install/cat_srv/lib/python3.8/site-packages/cat_srv/cat_srv_s__rosidl_typesupport_c.cpython-38-x86_64-linux-gnu.so" to ""
[13.845s] -- Installing: /home/shunski/aki_ws/install/cat_srv/lib/libcat_srv__python.so
[13.845s] -- Set runtime path of "/home/shunski/aki_ws/install/cat_srv/lib/libcat_srv__python.so" to ""
[13.845s] -- Installing: /home/shunski/aki_ws/install/cat_srv/share/cat_srv/srv/Cat.idl
[13.845s] -- Installing: /home/shunski/aki_ws/install/cat_srv/share/cat_srv/srv/Cat.srv
[13.845s] -- Installing: /home/shunski/aki_ws/install/cat_srv/share/cat_srv/srv/Cat_Request.msg
[13.846s] -- Installing: /home/shunski/aki_ws/install/cat_srv/share/cat_srv/srv/Cat_Response.msg
[13.846s] -- Installing: /home/shunski/aki_ws/install/cat_srv/share/ament_index/resource_index/package_run_dependencies/cat_srv
[13.846s] -- Installing: /home/shunski/aki_ws/install/cat_srv/share/ament_index/resource_index/parent_prefix_path/cat_srv
[13.846s] -- Installing: /home/shunski/aki_ws/install/cat_srv/share/cat_srv/environment/ament_prefix_path.sh
[13.846s] -- Installing: /home/shunski/aki_ws/install/cat_srv/share/cat_srv/environment/ament_prefix_path.dsv
[13.846s] -- Installing: /home/shunski/aki_ws/install/cat_srv/share/cat_srv/environment/path.sh
[13.846s] -- Installing: /home/shunski/aki_ws/install/cat_srv/share/cat_srv/environment/path.dsv
[13.846s] -- Installing: /home/shunski/aki_ws/install/cat_srv/share/cat_srv/local_setup.bash
[13.846s] -- Installing: /home/shunski/aki_ws/install/cat_srv/share/cat_srv/local_setup.sh
[13.846s] -- Installing: /home/shunski/aki_ws/install/cat_srv/share/cat_srv/local_setup.zsh
[13.847s] -- Installing: /home/shunski/aki_ws/install/cat_srv/share/cat_srv/local_setup.dsv
[13.847s] -- Installing: /home/shunski/aki_ws/install/cat_srv/share/cat_srv/package.dsv
[13.847s] -- Installing: /home/shunski/aki_ws/install/cat_srv/share/ament_index/resource_index/packages/cat_srv
[13.847s] -- Installing: /home/shunski/aki_ws/install/cat_srv/share/cat_srv/cmake/cat_srv__rosidl_generator_cExport.cmake
[13.847s] -- Installing: /home/shunski/aki_ws/install/cat_srv/share/cat_srv/cmake/cat_srv__rosidl_generator_cExport-noconfig.cmake
[13.847s] -- Installing: /home/shunski/aki_ws/install/cat_srv/share/cat_srv/cmake/cat_srv__rosidl_typesupport_introspection_cExport.cmake
[13.847s] -- Installing: /home/shunski/aki_ws/install/cat_srv/share/cat_srv/cmake/cat_srv__rosidl_typesupport_introspection_cExport-noconfig.cmake
[13.847s] -- Installing: /home/shunski/aki_ws/install/cat_srv/share/cat_srv/cmake/cat_srv__rosidl_typesupport_cExport.cmake
[13.847s] -- Installing: /home/shunski/aki_ws/install/cat_srv/share/cat_srv/cmake/cat_srv__rosidl_typesupport_cExport-noconfig.cmake
[13.847s] -- Installing: /home/shunski/aki_ws/install/cat_srv/share/cat_srv/cmake/cat_srv__rosidl_generator_cppExport.cmake
[13.848s] -- Installing: /home/shunski/aki_ws/install/cat_srv/share/cat_srv/cmake/cat_srv__rosidl_typesupport_introspection_cppExport.cmake
[13.848s] -- Installing: /home/shunski/aki_ws/install/cat_srv/share/cat_srv/cmake/cat_srv__rosidl_typesupport_introspection_cppExport-noconfig.cmake
[13.848s] -- Installing: /home/shunski/aki_ws/install/cat_srv/share/cat_srv/cmake/cat_srv__rosidl_typesupport_cppExport.cmake
[13.848s] -- Installing: /home/shunski/aki_ws/install/cat_srv/share/cat_srv/cmake/cat_srv__rosidl_typesupport_cppExport-noconfig.cmake
[13.848s] -- Installing: /home/shunski/aki_ws/install/cat_srv/share/cat_srv/cmake/rosidl_cmake-extras.cmake
[13.848s] -- Installing: /home/shunski/aki_ws/install/cat_srv/share/cat_srv/cmake/ament_cmake_export_dependencies-extras.cmake
[13.848s] -- Installing: /home/shunski/aki_ws/install/cat_srv/share/cat_srv/cmake/ament_cmake_export_libraries-extras.cmake
[13.848s] -- Installing: /home/shunski/aki_ws/install/cat_srv/share/cat_srv/cmake/ament_cmake_export_targets-extras.cmake
[13.848s] -- Installing: /home/shunski/aki_ws/install/cat_srv/share/cat_srv/cmake/ament_cmake_export_include_directories-extras.cmake
[13.848s] -- Installing: /home/shunski/aki_ws/install/cat_srv/share/cat_srv/cmake/rosidl_cmake_export_typesupport_targets-extras.cmake
[13.849s] -- Installing: /home/shunski/aki_ws/install/cat_srv/share/cat_srv/cmake/rosidl_cmake_export_typesupport_libraries-extras.cmake
[13.849s] -- Installing: /home/shunski/aki_ws/install/cat_srv/share/cat_srv/cmake/cat_srvConfig.cmake
[13.849s] -- Installing: /home/shunski/aki_ws/install/cat_srv/share/cat_srv/cmake/cat_srvConfig-version.cmake
[13.849s] -- Installing: /home/shunski/aki_ws/install/cat_srv/share/cat_srv/package.xml
[13.852s] Invoked command in '/home/shunski/aki_ws/build/cat_srv' returned '0': CMAKE_PREFIX_PATH=${CMAKE_PREFIX_PATH}:/opt/ros/foxy:/home/shunski/ros2_foxy/install/ros2bag:/home/shunski/ros2_foxy/install/tracetools_launch:/home/shunski/ros2_foxy/install/topic_monitor:/home/shunski/ros2_foxy/install/examples_tf2_py:/home/shunski/ros2_foxy/install/sros2:/home/shunski/ros2_foxy/install/rqt_topic:/home/shunski/ros2_foxy/install/rqt_top:/home/shunski/ros2_foxy/install/rqt_srv:/home/shunski/ros2_foxy/install/rqt_shell:/home/shunski/ros2_foxy/install/rqt_service_caller:/home/shunski/ros2_foxy/install/rqt_reconfigure:/home/shunski/ros2_foxy/install/rqt_py_console:/home/shunski/ros2_foxy/install/rqt_publisher:/home/shunski/ros2_foxy/install/rqt_plot:/home/shunski/ros2_foxy/install/rqt_action:/home/shunski/ros2_foxy/install/rqt_msg:/home/shunski/ros2_foxy/install/rqt:/home/shunski/ros2_foxy/install/rqt_graph:/home/shunski/ros2_foxy/install/rqt_gui_py:/home/shunski/ros2_foxy/install/rqt_gui:/home/shunski/ros2_foxy/install/ros2trace:/home/shunski/ros2_foxy/install/ros2topic:/home/shunski/ros2_foxy/install/ros2test:/home/shunski/ros2_foxy/install/ros2component:/home/shunski/ros2_foxy/install/ros2param:/home/shunski/ros2_foxy/install/ros2lifecycle:/home/shunski/ros2_foxy/install/ros2service:/home/shunski/ros2_foxy/install/ros2run:/home/shunski/ros2_foxy/install/ros2launch:/home/shunski/ros2_foxy/install/ros2pkg:/home/shunski/ros2_foxy/install/ros2node:/home/shunski/ros2_foxy/install/ros2multicast:/home/shunski/ros2_foxy/install/ros2interface:/home/shunski/ros2_foxy/install/ros2doctor:/home/shunski/ros2_foxy/install/ros2action:/home/shunski/ros2_foxy/install/ros2cli:/home/shunski/ros2_foxy/install/quality_of_service_demo_py:/home/shunski/ros2_foxy/install/launch_testing_ros:/home/shunski/ros2_foxy/install/launch_ros:/home/shunski/ros2_foxy/install/examples_rclpy_minimal_subscriber:/home/shunski/ros2_foxy/install/examples_rclpy_minimal_service:/home/shunski/ros2_foxy/install/examples_rclpy_minimal_publisher:/home/shunski/ros2_foxy/install/examples_rclpy_minimal_client:/home/shunski/ros2_foxy/install/examples_rclpy_minimal_action_server:/home/shunski/ros2_foxy/install/examples_rclpy_minimal_action_client:/home/shunski/ros2_foxy/install/examples_rclpy_executors:/home/shunski/ros2_foxy/install/demo_nodes_py:/home/shunski/ros2_foxy/install/action_tutorials_py:/home/shunski/ros2_foxy/install/ament_uncrustify:/home/shunski/ros2_foxy/install/tracetools_trace:/home/shunski/ros2_foxy/install/tracetools_read:/home/shunski/ros2_foxy/install/test_launch_ros:/home/shunski/ros2_foxy/install/sensor_msgs_py:/home/shunski/ros2_foxy/install/rpyutils:/home/shunski/ros2_foxy/install/rosidl_runtime_py:/home/shunski/ros2_foxy/install/launch_yaml:/home/shunski/ros2_foxy/install/launch_xml:/home/shunski/ros2_foxy/install/launch_testing:/home/shunski/ros2_foxy/install/launch:/home/shunski/ros2_foxy/install/osrf_pycommon:/home/shunski/ros2_foxy/install/domain_coordinator:/home/shunski/ros2_foxy/install/ament_xmllint:/home/shunski/ros2_foxy/install/ament_pyflakes:/home/shunski/ros2_foxy/install/ament_pycodestyle:/home/shunski/ros2_foxy/install/ament_pep257:/home/shunski/ros2_foxy/install/ament_pclint:/home/shunski/ros2_foxy/install/ament_package:/home/shunski/ros2_foxy/install/ament_mypy:/home/shunski/ros2_foxy/install/ament_lint_cmake:/home/shunski/ros2_foxy/install/ament_flake8:/home/shunski/ros2_foxy/install/ament_copyright:/home/shunski/ros2_foxy/install/ament_lint:/home/shunski/ros2_foxy/install/ament_index_python:/home/shunski/ros2_foxy/install/ament_cpplint:/home/shunski/ros2_foxy/install/ament_cppcheck:/home/shunski/ros2_foxy/install/ament_clang_tidy:/home/shunski/ros2_foxy/install/ament_clang_format /home/shunski/bin/cmake --install /home/shunski/aki_ws/build/cat_srv
