[0.537s] DEBUG:colcon:Command line arguments: ['/usr/bin/colcon', 'build', '--packages-select', 'dog_srv']
[0.537s] DEBUG:colcon:Parsed command line arguments: Namespace(ament_cmake_args=None, base_paths=['.'], build_base='build', catkin_cmake_args=None, catkin_skip_building_tests=False, cmake_args=None, cmake_clean_cache=False, cmake_clean_first=False, cmake_force_configure=False, cmake_target=None, cmake_target_skip_unavailable=False, continue_on_error=False, event_handlers=None, executor='parallel', ignore_user_meta=False, install_base='install', log_base=None, log_level=None, main=<bound method BuildVerb.main of <colcon_core.verb.build.BuildVerb object at 0x7f614ed600a0>>, merge_install=False, metas=['./colcon.meta'], packages_above=None, packages_above_and_dependencies=None, packages_above_depth=None, packages_end=None, packages_ignore=None, packages_ignore_regex=None, packages_select=['dog_srv'], packages_select_build_failed=False, packages_select_by_dep=None, packages_select_regex=None, packages_select_test_failures=False, packages_skip=None, packages_skip_build_finished=False, packages_skip_by_dep=None, packages_skip_regex=None, packages_skip_test_passed=False, packages_skip_up_to=None, packages_start=None, packages_up_to=None, packages_up_to_regex=None, parallel_workers=8, paths=None, symlink_install=False, test_result_base=None, verb_extension=<colcon_core.verb.build.BuildVerb object at 0x7f614ed600a0>, verb_name='build', verb_parser=<colcon_defaults.argument_parser.defaults.DefaultArgumentsDecorator object at 0x7f614ed605e0>)
[0.549s] Level 1:colcon.colcon_core.package_discovery:discover_packages(colcon_meta) check parameters
[0.549s] Level 1:colcon.colcon_core.package_discovery:discover_packages(recursive) check parameters
[0.549s] Level 1:colcon.colcon_core.package_discovery:discover_packages(ignore) check parameters
[0.549s] Level 1:colcon.colcon_core.package_discovery:discover_packages(path) check parameters
[0.549s] Level 1:colcon.colcon_core.package_discovery:discover_packages(colcon_meta) discover
[0.550s] Level 1:colcon.colcon_core.package_discovery:discover_packages(recursive) discover
[0.550s] INFO:colcon.colcon_core.package_discovery:Crawling recursively for packages in '/home/shunski/aki_ws/src'
[0.550s] Level 1:colcon.colcon_core.package_identification:_identify(.) by extensions ['ignore', 'ignore_ament_install']
[0.550s] Level 1:colcon.colcon_core.package_identification:_identify(.) by extension 'ignore'
[0.550s] Level 1:colcon.colcon_core.package_identification:_identify(.) by extension 'ignore_ament_install'
[0.550s] Level 1:colcon.colcon_core.package_identification:_identify(.) by extensions ['colcon_pkg']
[0.550s] Level 1:colcon.colcon_core.package_identification:_identify(.) by extension 'colcon_pkg'
[0.550s] Level 1:colcon.colcon_core.package_identification:_identify(.) by extensions ['colcon_meta']
[0.550s] Level 1:colcon.colcon_core.package_identification:_identify(.) by extension 'colcon_meta'
[0.550s] Level 1:colcon.colcon_core.package_identification:_identify(.) by extensions ['ros']
[0.550s] Level 1:colcon.colcon_core.package_identification:_identify(.) by extension 'ros'
[0.564s] Level 1:colcon.colcon_core.package_identification:_identify(.) by extensions ['cmake', 'python']
[0.564s] Level 1:colcon.colcon_core.package_identification:_identify(.) by extension 'cmake'
[0.564s] Level 1:colcon.colcon_core.package_identification:_identify(.) by extension 'python'
[0.564s] Level 1:colcon.colcon_core.package_identification:_identify(.) by extensions ['python_setup_py']
[0.564s] Level 1:colcon.colcon_core.package_identification:_identify(.) by extension 'python_setup_py'
[0.565s] Level 1:colcon.colcon_core.package_identification:_identify(build) by extensions ['ignore', 'ignore_ament_install']
[0.565s] Level 1:colcon.colcon_core.package_identification:_identify(build) by extension 'ignore'
[0.565s] Level 1:colcon.colcon_core.package_identification:_identify(build) ignored
[0.565s] Level 1:colcon.colcon_core.package_identification:_identify(dog_srv) by extensions ['ignore', 'ignore_ament_install']
[0.565s] Level 1:colcon.colcon_core.package_identification:_identify(dog_srv) by extension 'ignore'
[0.565s] Level 1:colcon.colcon_core.package_identification:_identify(dog_srv) by extension 'ignore_ament_install'
[0.565s] Level 1:colcon.colcon_core.package_identification:_identify(dog_srv) by extensions ['colcon_pkg']
[0.565s] Level 1:colcon.colcon_core.package_identification:_identify(dog_srv) by extension 'colcon_pkg'
[0.565s] Level 1:colcon.colcon_core.package_identification:_identify(dog_srv) by extensions ['colcon_meta']
[0.565s] Level 1:colcon.colcon_core.package_identification:_identify(dog_srv) by extension 'colcon_meta'
[0.565s] Level 1:colcon.colcon_core.package_identification:_identify(dog_srv) by extensions ['ros']
[0.565s] Level 1:colcon.colcon_core.package_identification:_identify(dog_srv) by extension 'ros'
[0.566s] DEBUG:colcon.colcon_core.package_identification:Failed to parse potential ROS package manifest in'dog_srv': Error(s) in package 'dog_srv/package.xml':
The manifest contains invalid XML:
mismatched tag: line 11, column 37
[0.566s] Level 1:colcon.colcon_core.package_identification:_identify(dog_srv) by extensions ['cmake', 'python']
[0.566s] Level 1:colcon.colcon_core.package_identification:_identify(dog_srv) by extension 'cmake'
[0.568s] Level 1:colcon.colcon_core.package_identification:_identify(dog_srv) by extension 'python'
[0.568s] DEBUG:colcon.colcon_core.package_identification:Package 'dog_srv' with type 'cmake' and name 'dog_srv'
[0.568s] Level 1:colcon.colcon_core.package_identification:_identify(install) by extensions ['ignore', 'ignore_ament_install']
[0.568s] Level 1:colcon.colcon_core.package_identification:_identify(install) by extension 'ignore'
[0.568s] Level 1:colcon.colcon_core.package_identification:_identify(install) ignored
[0.568s] Level 1:colcon.colcon_core.package_identification:_identify(log) by extensions ['ignore', 'ignore_ament_install']
[0.568s] Level 1:colcon.colcon_core.package_identification:_identify(log) by extension 'ignore'
[0.568s] Level 1:colcon.colcon_core.package_identification:_identify(log) ignored
[0.568s] Level 1:colcon.colcon_core.package_discovery:discover_packages(recursive) using defaults
[0.569s] Level 1:colcon.colcon_core.package_discovery:discover_packages(ignore) discover
[0.569s] Level 1:colcon.colcon_core.package_discovery:discover_packages(ignore) using defaults
[0.569s] Level 1:colcon.colcon_core.package_discovery:discover_packages(path) discover
[0.569s] Level 1:colcon.colcon_core.package_discovery:discover_packages(path) using defaults
[0.607s] Level 5:colcon.colcon_core.verb:set package 'dog_srv' build argument 'cmake_args' from command line to 'None'
[0.608s] Level 5:colcon.colcon_core.verb:set package 'dog_srv' build argument 'cmake_target' from command line to 'None'
[0.608s] Level 5:colcon.colcon_core.verb:set package 'dog_srv' build argument 'cmake_target_skip_unavailable' from command line to 'False'
[0.608s] Level 5:colcon.colcon_core.verb:set package 'dog_srv' build argument 'cmake_clean_cache' from command line to 'False'
[0.608s] Level 5:colcon.colcon_core.verb:set package 'dog_srv' build argument 'cmake_clean_first' from command line to 'False'
[0.608s] Level 5:colcon.colcon_core.verb:set package 'dog_srv' build argument 'cmake_force_configure' from command line to 'False'
[0.608s] Level 5:colcon.colcon_core.verb:set package 'dog_srv' build argument 'ament_cmake_args' from command line to 'None'
[0.608s] Level 5:colcon.colcon_core.verb:set package 'dog_srv' build argument 'catkin_cmake_args' from command line to 'None'
[0.608s] Level 5:colcon.colcon_core.verb:set package 'dog_srv' build argument 'catkin_skip_building_tests' from command line to 'False'
[0.608s] DEBUG:colcon.colcon_core.verb:Building package 'dog_srv' with the following arguments: {'ament_cmake_args': None, 'build_base': '/home/shunski/aki_ws/src/build/dog_srv', 'catkin_cmake_args': None, 'catkin_skip_building_tests': False, 'cmake_args': None, 'cmake_clean_cache': False, 'cmake_clean_first': False, 'cmake_force_configure': False, 'cmake_target': None, 'cmake_target_skip_unavailable': False, 'install_base': '/home/shunski/aki_ws/src/install/dog_srv', 'merge_install': False, 'path': '/home/shunski/aki_ws/src/dog_srv', 'symlink_install': False, 'test_result_base': None}
[0.608s] INFO:colcon.colcon_core.executor:Executing jobs using 'parallel' executor
[0.611s] DEBUG:colcon.colcon_parallel_executor.executor.parallel:run_until_complete
[0.611s] INFO:colcon.colcon_cmake.task.cmake.build:Building CMake package in '/home/shunski/aki_ws/src/dog_srv'
[0.620s] INFO:colcon.colcon_core.plugin_system:Skipping extension 'colcon_core.shell.bat': Not used on non-Windows systems
[0.620s] INFO:colcon.colcon_core.shell:Skip shell extension 'powershell' for command environment: Not usable outside of PowerShell
[0.620s] DEBUG:colcon.colcon_core.shell:Skip shell extension 'dsv' for command environment
[0.644s] DEBUG:colcon.colcon_core.shell:Ignoring prefix path '/opt/ros/foxy'
[0.659s] DEBUG:colcon.colcon_core.event_handler.log_command:Invoking command in '/home/shunski/aki_ws/src/build/dog_srv': /home/shunski/bin/cmake /home/shunski/aki_ws/src/dog_srv -DCMAKE_INSTALL_PREFIX=/home/shunski/aki_ws/src/install/dog_srv
[4.667s] DEBUG:colcon.colcon_core.event_handler.log_command:Invoked command in '/home/shunski/aki_ws/src/build/dog_srv' returned '1': /home/shunski/bin/cmake /home/shunski/aki_ws/src/dog_srv -DCMAKE_INSTALL_PREFIX=/home/shunski/aki_ws/src/install/dog_srv
[4.678s] DEBUG:colcon.colcon_parallel_executor.executor.parallel:closing loop
[4.678s] DEBUG:colcon.colcon_parallel_executor.executor.parallel:loop closed
[4.678s] DEBUG:colcon.colcon_parallel_executor.executor.parallel:run_until_complete finished with '1'
[4.678s] DEBUG:colcon.colcon_core.event_reactor:joining thread
[4.699s] INFO:colcon.colcon_core.plugin_system:Skipping extension 'colcon_notification.desktop_notification.terminal_notifier': Not used on non-Darwin systems
[4.699s] INFO:colcon.colcon_core.plugin_system:Skipping extension 'colcon_notification.desktop_notification.win32': Not used on non-Windows systems
[4.699s] INFO:colcon.colcon_notification.desktop_notification:Sending desktop notification using 'notify2'
[4.723s] DEBUG:colcon.colcon_core.event_reactor:joined thread
[4.724s] INFO:colcon.colcon_core.shell:Creating prefix script '/home/shunski/aki_ws/src/install/local_setup.ps1'
[4.725s] INFO:colcon.colcon_core.shell:Creating prefix util module '/home/shunski/aki_ws/src/install/_local_setup_util_ps1.py'
[4.726s] INFO:colcon.colcon_core.shell:Creating prefix chain script '/home/shunski/aki_ws/src/install/setup.ps1'
[4.743s] INFO:colcon.colcon_core.shell:Creating prefix script '/home/shunski/aki_ws/src/install/local_setup.sh'
[4.744s] INFO:colcon.colcon_core.shell:Creating prefix util module '/home/shunski/aki_ws/src/install/_local_setup_util_sh.py'
[4.744s] INFO:colcon.colcon_core.shell:Creating prefix chain script '/home/shunski/aki_ws/src/install/setup.sh'
[4.761s] INFO:colcon.colcon_core.shell:Creating prefix script '/home/shunski/aki_ws/src/install/local_setup.bash'
[4.761s] INFO:colcon.colcon_core.shell:Creating prefix chain script '/home/shunski/aki_ws/src/install/setup.bash'
[4.776s] INFO:colcon.colcon_core.shell:Creating prefix script '/home/shunski/aki_ws/src/install/local_setup.zsh'
[4.777s] INFO:colcon.colcon_core.shell:Creating prefix chain script '/home/shunski/aki_ws/src/install/setup.zsh'
