[0.531s] DEBUG:colcon:Command line arguments: ['/usr/bin/colcon', 'build', '--packages-select', 'dog_srv']
[0.532s] DEBUG:colcon:Parsed command line arguments: Namespace(ament_cmake_args=None, base_paths=['.'], build_base='build', catkin_cmake_args=None, catkin_skip_building_tests=False, cmake_args=None, cmake_clean_cache=False, cmake_clean_first=False, cmake_force_configure=False, cmake_target=None, cmake_target_skip_unavailable=False, continue_on_error=False, event_handlers=None, executor='parallel', ignore_user_meta=False, install_base='install', log_base=None, log_level=None, main=<bound method BuildVerb.main of <colcon_core.verb.build.BuildVerb object at 0x7fc9d24c30a0>>, merge_install=False, metas=['./colcon.meta'], packages_above=None, packages_above_and_dependencies=None, packages_above_depth=None, packages_end=None, packages_ignore=None, packages_ignore_regex=None, packages_select=['dog_srv'], packages_select_build_failed=False, packages_select_by_dep=None, packages_select_regex=None, packages_select_test_failures=False, packages_skip=None, packages_skip_build_finished=False, packages_skip_by_dep=None, packages_skip_regex=None, packages_skip_test_passed=False, packages_skip_up_to=None, packages_start=None, packages_up_to=None, packages_up_to_regex=None, parallel_workers=8, paths=None, symlink_install=False, test_result_base=None, verb_extension=<colcon_core.verb.build.BuildVerb object at 0x7fc9d24c30a0>, verb_name='build', verb_parser=<colcon_defaults.argument_parser.defaults.DefaultArgumentsDecorator object at 0x7fc9d24c35e0>)
[0.544s] Level 1:colcon.colcon_core.package_discovery:discover_packages(colcon_meta) check parameters
[0.544s] Level 1:colcon.colcon_core.package_discovery:discover_packages(recursive) check parameters
[0.544s] Level 1:colcon.colcon_core.package_discovery:discover_packages(ignore) check parameters
[0.544s] Level 1:colcon.colcon_core.package_discovery:discover_packages(path) check parameters
[0.544s] Level 1:colcon.colcon_core.package_discovery:discover_packages(colcon_meta) discover
[0.544s] Level 1:colcon.colcon_core.package_discovery:discover_packages(recursive) discover
[0.544s] INFO:colcon.colcon_core.package_discovery:Crawling recursively for packages in '/home/shunski/aki_ws'
[0.544s] Level 1:colcon.colcon_core.package_identification:_identify(.) by extensions ['ignore', 'ignore_ament_install']
[0.544s] Level 1:colcon.colcon_core.package_identification:_identify(.) by extension 'ignore'
[0.544s] Level 1:colcon.colcon_core.package_identification:_identify(.) by extension 'ignore_ament_install'
[0.544s] Level 1:colcon.colcon_core.package_identification:_identify(.) by extensions ['colcon_pkg']
[0.544s] Level 1:colcon.colcon_core.package_identification:_identify(.) by extension 'colcon_pkg'
[0.544s] Level 1:colcon.colcon_core.package_identification:_identify(.) by extensions ['colcon_meta']
[0.545s] Level 1:colcon.colcon_core.package_identification:_identify(.) by extension 'colcon_meta'
[0.545s] Level 1:colcon.colcon_core.package_identification:_identify(.) by extensions ['ros']
[0.545s] Level 1:colcon.colcon_core.package_identification:_identify(.) by extension 'ros'
[0.559s] Level 1:colcon.colcon_core.package_identification:_identify(.) by extensions ['cmake', 'python']
[0.559s] Level 1:colcon.colcon_core.package_identification:_identify(.) by extension 'cmake'
[0.559s] Level 1:colcon.colcon_core.package_identification:_identify(.) by extension 'python'
[0.559s] Level 1:colcon.colcon_core.package_identification:_identify(.) by extensions ['python_setup_py']
[0.559s] Level 1:colcon.colcon_core.package_identification:_identify(.) by extension 'python_setup_py'
[0.559s] Level 1:colcon.colcon_core.package_identification:_identify(build) by extensions ['ignore', 'ignore_ament_install']
[0.559s] Level 1:colcon.colcon_core.package_identification:_identify(build) by extension 'ignore'
[0.559s] Level 1:colcon.colcon_core.package_identification:_identify(build) ignored
[0.559s] Level 1:colcon.colcon_core.package_identification:_identify(install) by extensions ['ignore', 'ignore_ament_install']
[0.560s] Level 1:colcon.colcon_core.package_identification:_identify(install) by extension 'ignore'
[0.560s] Level 1:colcon.colcon_core.package_identification:_identify(install) ignored
[0.560s] Level 1:colcon.colcon_core.package_identification:_identify(log) by extensions ['ignore', 'ignore_ament_install']
[0.560s] Level 1:colcon.colcon_core.package_identification:_identify(log) by extension 'ignore'
[0.560s] Level 1:colcon.colcon_core.package_identification:_identify(log) ignored
[0.560s] Level 1:colcon.colcon_core.package_identification:_identify(src) by extensions ['ignore', 'ignore_ament_install']
[0.560s] Level 1:colcon.colcon_core.package_identification:_identify(src) by extension 'ignore'
[0.560s] Level 1:colcon.colcon_core.package_identification:_identify(src) by extension 'ignore_ament_install'
[0.560s] Level 1:colcon.colcon_core.package_identification:_identify(src) by extensions ['colcon_pkg']
[0.560s] Level 1:colcon.colcon_core.package_identification:_identify(src) by extension 'colcon_pkg'
[0.560s] Level 1:colcon.colcon_core.package_identification:_identify(src) by extensions ['colcon_meta']
[0.561s] Level 1:colcon.colcon_core.package_identification:_identify(src) by extension 'colcon_meta'
[0.561s] Level 1:colcon.colcon_core.package_identification:_identify(src) by extensions ['ros']
[0.561s] Level 1:colcon.colcon_core.package_identification:_identify(src) by extension 'ros'
[0.561s] Level 1:colcon.colcon_core.package_identification:_identify(src) by extensions ['cmake', 'python']
[0.561s] Level 1:colcon.colcon_core.package_identification:_identify(src) by extension 'cmake'
[0.561s] Level 1:colcon.colcon_core.package_identification:_identify(src) by extension 'python'
[0.561s] Level 1:colcon.colcon_core.package_identification:_identify(src) by extensions ['python_setup_py']
[0.561s] Level 1:colcon.colcon_core.package_identification:_identify(src) by extension 'python_setup_py'
[0.561s] Level 1:colcon.colcon_core.package_identification:_identify(src/build) by extensions ['ignore', 'ignore_ament_install']
[0.561s] Level 1:colcon.colcon_core.package_identification:_identify(src/build) by extension 'ignore'
[0.561s] Level 1:colcon.colcon_core.package_identification:_identify(src/build) ignored
[0.561s] Level 1:colcon.colcon_core.package_identification:_identify(src/cat_srv) by extensions ['ignore', 'ignore_ament_install']
[0.561s] Level 1:colcon.colcon_core.package_identification:_identify(src/cat_srv) by extension 'ignore'
[0.561s] Level 1:colcon.colcon_core.package_identification:_identify(src/cat_srv) by extension 'ignore_ament_install'
[0.561s] Level 1:colcon.colcon_core.package_identification:_identify(src/cat_srv) by extensions ['colcon_pkg']
[0.561s] Level 1:colcon.colcon_core.package_identification:_identify(src/cat_srv) by extension 'colcon_pkg'
[0.561s] Level 1:colcon.colcon_core.package_identification:_identify(src/cat_srv) by extensions ['colcon_meta']
[0.562s] Level 1:colcon.colcon_core.package_identification:_identify(src/cat_srv) by extension 'colcon_meta'
[0.562s] Level 1:colcon.colcon_core.package_identification:_identify(src/cat_srv) by extensions ['ros']
[0.562s] Level 1:colcon.colcon_core.package_identification:_identify(src/cat_srv) by extension 'ros'
[0.564s] DEBUG:colcon.colcon_core.package_identification:Package 'src/cat_srv' with type 'ros.ament_cmake' and name 'cat_srv'
[0.564s] Level 1:colcon.colcon_core.package_identification:_identify(src/dog_srv) by extensions ['ignore', 'ignore_ament_install']
[0.564s] Level 1:colcon.colcon_core.package_identification:_identify(src/dog_srv) by extension 'ignore'
[0.564s] Level 1:colcon.colcon_core.package_identification:_identify(src/dog_srv) by extension 'ignore_ament_install'
[0.564s] Level 1:colcon.colcon_core.package_identification:_identify(src/dog_srv) by extensions ['colcon_pkg']
[0.564s] Level 1:colcon.colcon_core.package_identification:_identify(src/dog_srv) by extension 'colcon_pkg'
[0.564s] Level 1:colcon.colcon_core.package_identification:_identify(src/dog_srv) by extensions ['colcon_meta']
[0.564s] Level 1:colcon.colcon_core.package_identification:_identify(src/dog_srv) by extension 'colcon_meta'
[0.564s] Level 1:colcon.colcon_core.package_identification:_identify(src/dog_srv) by extensions ['ros']
[0.564s] Level 1:colcon.colcon_core.package_identification:_identify(src/dog_srv) by extension 'ros'
[0.565s] DEBUG:colcon.colcon_core.package_identification:Package 'src/dog_srv' with type 'ros.ament_cmake' and name 'dog_srv'
[0.565s] Level 1:colcon.colcon_core.package_identification:_identify(src/install) by extensions ['ignore', 'ignore_ament_install']
[0.565s] Level 1:colcon.colcon_core.package_identification:_identify(src/install) by extension 'ignore'
[0.565s] Level 1:colcon.colcon_core.package_identification:_identify(src/install) ignored
[0.565s] Level 1:colcon.colcon_core.package_identification:_identify(src/log) by extensions ['ignore', 'ignore_ament_install']
[0.565s] Level 1:colcon.colcon_core.package_identification:_identify(src/log) by extension 'ignore'
[0.565s] Level 1:colcon.colcon_core.package_identification:_identify(src/log) ignored
[0.566s] Level 1:colcon.colcon_core.package_identification:_identify(src/tutorial_interfaces) by extensions ['ignore', 'ignore_ament_install']
[0.566s] Level 1:colcon.colcon_core.package_identification:_identify(src/tutorial_interfaces) by extension 'ignore'
[0.566s] Level 1:colcon.colcon_core.package_identification:_identify(src/tutorial_interfaces) by extension 'ignore_ament_install'
[0.566s] Level 1:colcon.colcon_core.package_identification:_identify(src/tutorial_interfaces) by extensions ['colcon_pkg']
[0.566s] Level 1:colcon.colcon_core.package_identification:_identify(src/tutorial_interfaces) by extension 'colcon_pkg'
[0.566s] Level 1:colcon.colcon_core.package_identification:_identify(src/tutorial_interfaces) by extensions ['colcon_meta']
[0.566s] Level 1:colcon.colcon_core.package_identification:_identify(src/tutorial_interfaces) by extension 'colcon_meta'
[0.566s] Level 1:colcon.colcon_core.package_identification:_identify(src/tutorial_interfaces) by extensions ['ros']
[0.566s] Level 1:colcon.colcon_core.package_identification:_identify(src/tutorial_interfaces) by extension 'ros'
[0.566s] DEBUG:colcon.colcon_core.package_identification:Package 'src/tutorial_interfaces' with type 'ros.ament_cmake' and name 'tutorial_interfaces'
[0.566s] Level 1:colcon.colcon_core.package_discovery:discover_packages(recursive) using defaults
[0.566s] Level 1:colcon.colcon_core.package_discovery:discover_packages(ignore) discover
[0.567s] Level 1:colcon.colcon_core.package_discovery:discover_packages(ignore) using defaults
[0.567s] Level 1:colcon.colcon_core.package_discovery:discover_packages(path) discover
[0.567s] Level 1:colcon.colcon_core.package_discovery:discover_packages(path) using defaults
[0.601s] INFO:colcon.colcon_core.package_selection:Skipping not selected package 'cat_srv' in 'src/cat_srv'
[0.601s] INFO:colcon.colcon_core.package_selection:Skipping not selected package 'tutorial_interfaces' in 'src/tutorial_interfaces'
[0.606s] Level 5:colcon.colcon_core.verb:set package 'dog_srv' build argument 'cmake_args' from command line to 'None'
[0.606s] Level 5:colcon.colcon_core.verb:set package 'dog_srv' build argument 'cmake_target' from command line to 'None'
[0.606s] Level 5:colcon.colcon_core.verb:set package 'dog_srv' build argument 'cmake_target_skip_unavailable' from command line to 'False'
[0.606s] Level 5:colcon.colcon_core.verb:set package 'dog_srv' build argument 'cmake_clean_cache' from command line to 'False'
[0.606s] Level 5:colcon.colcon_core.verb:set package 'dog_srv' build argument 'cmake_clean_first' from command line to 'False'
[0.606s] Level 5:colcon.colcon_core.verb:set package 'dog_srv' build argument 'cmake_force_configure' from command line to 'False'
[0.606s] Level 5:colcon.colcon_core.verb:set package 'dog_srv' build argument 'ament_cmake_args' from command line to 'None'
[0.606s] Level 5:colcon.colcon_core.verb:set package 'dog_srv' build argument 'catkin_cmake_args' from command line to 'None'
[0.606s] Level 5:colcon.colcon_core.verb:set package 'dog_srv' build argument 'catkin_skip_building_tests' from command line to 'False'
[0.606s] DEBUG:colcon.colcon_core.verb:Building package 'dog_srv' with the following arguments: {'ament_cmake_args': None, 'build_base': '/home/shunski/aki_ws/build/dog_srv', 'catkin_cmake_args': None, 'catkin_skip_building_tests': False, 'cmake_args': None, 'cmake_clean_cache': False, 'cmake_clean_first': False, 'cmake_force_configure': False, 'cmake_target': None, 'cmake_target_skip_unavailable': False, 'install_base': '/home/shunski/aki_ws/install/dog_srv', 'merge_install': False, 'path': '/home/shunski/aki_ws/src/dog_srv', 'symlink_install': False, 'test_result_base': None}
[0.606s] INFO:colcon.colcon_core.executor:Executing jobs using 'parallel' executor
[0.611s] DEBUG:colcon.colcon_parallel_executor.executor.parallel:run_until_complete
[0.611s] INFO:colcon.colcon_ros.task.ament_cmake.build:Building ROS package in '/home/shunski/aki_ws/src/dog_srv' with build type 'ament_cmake'
[0.611s] INFO:colcon.colcon_cmake.task.cmake.build:Building CMake package in '/home/shunski/aki_ws/src/dog_srv'
[0.619s] INFO:colcon.colcon_core.plugin_system:Skipping extension 'colcon_core.shell.bat': Not used on non-Windows systems
[0.619s] INFO:colcon.colcon_core.shell:Skip shell extension 'powershell' for command environment: Not usable outside of PowerShell
[0.619s] DEBUG:colcon.colcon_core.shell:Skip shell extension 'dsv' for command environment
[0.643s] DEBUG:colcon.colcon_core.shell:Ignoring prefix path '/opt/ros/foxy'
[0.658s] DEBUG:colcon.colcon_core.event_handler.log_command:Invoking command in '/home/shunski/aki_ws/build/dog_srv': CMAKE_PREFIX_PATH=${CMAKE_PREFIX_PATH}:/opt/ros/foxy:/home/shunski/ros2_foxy/install/ros2bag:/home/shunski/ros2_foxy/install/tracetools_launch:/home/shunski/ros2_foxy/install/topic_monitor:/home/shunski/ros2_foxy/install/examples_tf2_py:/home/shunski/ros2_foxy/install/sros2:/home/shunski/ros2_foxy/install/rqt_topic:/home/shunski/ros2_foxy/install/rqt_top:/home/shunski/ros2_foxy/install/rqt_srv:/home/shunski/ros2_foxy/install/rqt_shell:/home/shunski/ros2_foxy/install/rqt_service_caller:/home/shunski/ros2_foxy/install/rqt_reconfigure:/home/shunski/ros2_foxy/install/rqt_py_console:/home/shunski/ros2_foxy/install/rqt_publisher:/home/shunski/ros2_foxy/install/rqt_plot:/home/shunski/ros2_foxy/install/rqt_action:/home/shunski/ros2_foxy/install/rqt_msg:/home/shunski/ros2_foxy/install/rqt:/home/shunski/ros2_foxy/install/rqt_graph:/home/shunski/ros2_foxy/install/rqt_gui_py:/home/shunski/ros2_foxy/install/rqt_gui:/home/shunski/ros2_foxy/install/ros2trace:/home/shunski/ros2_foxy/install/ros2topic:/home/shunski/ros2_foxy/install/ros2test:/home/shunski/ros2_foxy/install/ros2component:/home/shunski/ros2_foxy/install/ros2param:/home/shunski/ros2_foxy/install/ros2lifecycle:/home/shunski/ros2_foxy/install/ros2service:/home/shunski/ros2_foxy/install/ros2run:/home/shunski/ros2_foxy/install/ros2launch:/home/shunski/ros2_foxy/install/ros2pkg:/home/shunski/ros2_foxy/install/ros2node:/home/shunski/ros2_foxy/install/ros2multicast:/home/shunski/ros2_foxy/install/ros2interface:/home/shunski/ros2_foxy/install/ros2doctor:/home/shunski/ros2_foxy/install/ros2action:/home/shunski/ros2_foxy/install/ros2cli:/home/shunski/ros2_foxy/install/quality_of_service_demo_py:/home/shunski/ros2_foxy/install/launch_testing_ros:/home/shunski/ros2_foxy/install/launch_ros:/home/shunski/ros2_foxy/install/examples_rclpy_minimal_subscriber:/home/shunski/ros2_foxy/install/examples_rclpy_minimal_service:/home/shunski/ros2_foxy/install/examples_rclpy_minimal_publisher:/home/shunski/ros2_foxy/install/examples_rclpy_minimal_client:/home/shunski/ros2_foxy/install/examples_rclpy_minimal_action_server:/home/shunski/ros2_foxy/install/examples_rclpy_minimal_action_client:/home/shunski/ros2_foxy/install/examples_rclpy_executors:/home/shunski/ros2_foxy/install/demo_nodes_py:/home/shunski/ros2_foxy/install/action_tutorials_py:/home/shunski/ros2_foxy/install/ament_uncrustify:/home/shunski/ros2_foxy/install/tracetools_trace:/home/shunski/ros2_foxy/install/tracetools_read:/home/shunski/ros2_foxy/install/test_launch_ros:/home/shunski/ros2_foxy/install/sensor_msgs_py:/home/shunski/ros2_foxy/install/rpyutils:/home/shunski/ros2_foxy/install/rosidl_runtime_py:/home/shunski/ros2_foxy/install/launch_yaml:/home/shunski/ros2_foxy/install/launch_xml:/home/shunski/ros2_foxy/install/launch_testing:/home/shunski/ros2_foxy/install/launch:/home/shunski/ros2_foxy/install/osrf_pycommon:/home/shunski/ros2_foxy/install/domain_coordinator:/home/shunski/ros2_foxy/install/ament_xmllint:/home/shunski/ros2_foxy/install/ament_pyflakes:/home/shunski/ros2_foxy/install/ament_pycodestyle:/home/shunski/ros2_foxy/install/ament_pep257:/home/shunski/ros2_foxy/install/ament_pclint:/home/shunski/ros2_foxy/install/ament_package:/home/shunski/ros2_foxy/install/ament_mypy:/home/shunski/ros2_foxy/install/ament_lint_cmake:/home/shunski/ros2_foxy/install/ament_flake8:/home/shunski/ros2_foxy/install/ament_copyright:/home/shunski/ros2_foxy/install/ament_lint:/home/shunski/ros2_foxy/install/ament_index_python:/home/shunski/ros2_foxy/install/ament_cpplint:/home/shunski/ros2_foxy/install/ament_cppcheck:/home/shunski/ros2_foxy/install/ament_clang_tidy:/home/shunski/ros2_foxy/install/ament_clang_format /home/shunski/bin/cmake /home/shunski/aki_ws/src/dog_srv -DCMAKE_INSTALL_PREFIX=/home/shunski/aki_ws/install/dog_srv
[6.743s] DEBUG:colcon.colcon_core.event_handler.log_command:Invoked command in '/home/shunski/aki_ws/build/dog_srv' returned '0': CMAKE_PREFIX_PATH=${CMAKE_PREFIX_PATH}:/opt/ros/foxy:/home/shunski/ros2_foxy/install/ros2bag:/home/shunski/ros2_foxy/install/tracetools_launch:/home/shunski/ros2_foxy/install/topic_monitor:/home/shunski/ros2_foxy/install/examples_tf2_py:/home/shunski/ros2_foxy/install/sros2:/home/shunski/ros2_foxy/install/rqt_topic:/home/shunski/ros2_foxy/install/rqt_top:/home/shunski/ros2_foxy/install/rqt_srv:/home/shunski/ros2_foxy/install/rqt_shell:/home/shunski/ros2_foxy/install/rqt_service_caller:/home/shunski/ros2_foxy/install/rqt_reconfigure:/home/shunski/ros2_foxy/install/rqt_py_console:/home/shunski/ros2_foxy/install/rqt_publisher:/home/shunski/ros2_foxy/install/rqt_plot:/home/shunski/ros2_foxy/install/rqt_action:/home/shunski/ros2_foxy/install/rqt_msg:/home/shunski/ros2_foxy/install/rqt:/home/shunski/ros2_foxy/install/rqt_graph:/home/shunski/ros2_foxy/install/rqt_gui_py:/home/shunski/ros2_foxy/install/rqt_gui:/home/shunski/ros2_foxy/install/ros2trace:/home/shunski/ros2_foxy/install/ros2topic:/home/shunski/ros2_foxy/install/ros2test:/home/shunski/ros2_foxy/install/ros2component:/home/shunski/ros2_foxy/install/ros2param:/home/shunski/ros2_foxy/install/ros2lifecycle:/home/shunski/ros2_foxy/install/ros2service:/home/shunski/ros2_foxy/install/ros2run:/home/shunski/ros2_foxy/install/ros2launch:/home/shunski/ros2_foxy/install/ros2pkg:/home/shunski/ros2_foxy/install/ros2node:/home/shunski/ros2_foxy/install/ros2multicast:/home/shunski/ros2_foxy/install/ros2interface:/home/shunski/ros2_foxy/install/ros2doctor:/home/shunski/ros2_foxy/install/ros2action:/home/shunski/ros2_foxy/install/ros2cli:/home/shunski/ros2_foxy/install/quality_of_service_demo_py:/home/shunski/ros2_foxy/install/launch_testing_ros:/home/shunski/ros2_foxy/install/launch_ros:/home/shunski/ros2_foxy/install/examples_rclpy_minimal_subscriber:/home/shunski/ros2_foxy/install/examples_rclpy_minimal_service:/home/shunski/ros2_foxy/install/examples_rclpy_minimal_publisher:/home/shunski/ros2_foxy/install/examples_rclpy_minimal_client:/home/shunski/ros2_foxy/install/examples_rclpy_minimal_action_server:/home/shunski/ros2_foxy/install/examples_rclpy_minimal_action_client:/home/shunski/ros2_foxy/install/examples_rclpy_executors:/home/shunski/ros2_foxy/install/demo_nodes_py:/home/shunski/ros2_foxy/install/action_tutorials_py:/home/shunski/ros2_foxy/install/ament_uncrustify:/home/shunski/ros2_foxy/install/tracetools_trace:/home/shunski/ros2_foxy/install/tracetools_read:/home/shunski/ros2_foxy/install/test_launch_ros:/home/shunski/ros2_foxy/install/sensor_msgs_py:/home/shunski/ros2_foxy/install/rpyutils:/home/shunski/ros2_foxy/install/rosidl_runtime_py:/home/shunski/ros2_foxy/install/launch_yaml:/home/shunski/ros2_foxy/install/launch_xml:/home/shunski/ros2_foxy/install/launch_testing:/home/shunski/ros2_foxy/install/launch:/home/shunski/ros2_foxy/install/osrf_pycommon:/home/shunski/ros2_foxy/install/domain_coordinator:/home/shunski/ros2_foxy/install/ament_xmllint:/home/shunski/ros2_foxy/install/ament_pyflakes:/home/shunski/ros2_foxy/install/ament_pycodestyle:/home/shunski/ros2_foxy/install/ament_pep257:/home/shunski/ros2_foxy/install/ament_pclint:/home/shunski/ros2_foxy/install/ament_package:/home/shunski/ros2_foxy/install/ament_mypy:/home/shunski/ros2_foxy/install/ament_lint_cmake:/home/shunski/ros2_foxy/install/ament_flake8:/home/shunski/ros2_foxy/install/ament_copyright:/home/shunski/ros2_foxy/install/ament_lint:/home/shunski/ros2_foxy/install/ament_index_python:/home/shunski/ros2_foxy/install/ament_cpplint:/home/shunski/ros2_foxy/install/ament_cppcheck:/home/shunski/ros2_foxy/install/ament_clang_tidy:/home/shunski/ros2_foxy/install/ament_clang_format /home/shunski/bin/cmake /home/shunski/aki_ws/src/dog_srv -DCMAKE_INSTALL_PREFIX=/home/shunski/aki_ws/install/dog_srv
[6.747s] DEBUG:colcon.colcon_core.event_handler.log_command:Invoking command in '/home/shunski/aki_ws/build/dog_srv': CMAKE_PREFIX_PATH=${CMAKE_PREFIX_PATH}:/opt/ros/foxy:/home/shunski/ros2_foxy/install/ros2bag:/home/shunski/ros2_foxy/install/tracetools_launch:/home/shunski/ros2_foxy/install/topic_monitor:/home/shunski/ros2_foxy/install/examples_tf2_py:/home/shunski/ros2_foxy/install/sros2:/home/shunski/ros2_foxy/install/rqt_topic:/home/shunski/ros2_foxy/install/rqt_top:/home/shunski/ros2_foxy/install/rqt_srv:/home/shunski/ros2_foxy/install/rqt_shell:/home/shunski/ros2_foxy/install/rqt_service_caller:/home/shunski/ros2_foxy/install/rqt_reconfigure:/home/shunski/ros2_foxy/install/rqt_py_console:/home/shunski/ros2_foxy/install/rqt_publisher:/home/shunski/ros2_foxy/install/rqt_plot:/home/shunski/ros2_foxy/install/rqt_action:/home/shunski/ros2_foxy/install/rqt_msg:/home/shunski/ros2_foxy/install/rqt:/home/shunski/ros2_foxy/install/rqt_graph:/home/shunski/ros2_foxy/install/rqt_gui_py:/home/shunski/ros2_foxy/install/rqt_gui:/home/shunski/ros2_foxy/install/ros2trace:/home/shunski/ros2_foxy/install/ros2topic:/home/shunski/ros2_foxy/install/ros2test:/home/shunski/ros2_foxy/install/ros2component:/home/shunski/ros2_foxy/install/ros2param:/home/shunski/ros2_foxy/install/ros2lifecycle:/home/shunski/ros2_foxy/install/ros2service:/home/shunski/ros2_foxy/install/ros2run:/home/shunski/ros2_foxy/install/ros2launch:/home/shunski/ros2_foxy/install/ros2pkg:/home/shunski/ros2_foxy/install/ros2node:/home/shunski/ros2_foxy/install/ros2multicast:/home/shunski/ros2_foxy/install/ros2interface:/home/shunski/ros2_foxy/install/ros2doctor:/home/shunski/ros2_foxy/install/ros2action:/home/shunski/ros2_foxy/install/ros2cli:/home/shunski/ros2_foxy/install/quality_of_service_demo_py:/home/shunski/ros2_foxy/install/launch_testing_ros:/home/shunski/ros2_foxy/install/launch_ros:/home/shunski/ros2_foxy/install/examples_rclpy_minimal_subscriber:/home/shunski/ros2_foxy/install/examples_rclpy_minimal_service:/home/shunski/ros2_foxy/install/examples_rclpy_minimal_publisher:/home/shunski/ros2_foxy/install/examples_rclpy_minimal_client:/home/shunski/ros2_foxy/install/examples_rclpy_minimal_action_server:/home/shunski/ros2_foxy/install/examples_rclpy_minimal_action_client:/home/shunski/ros2_foxy/install/examples_rclpy_executors:/home/shunski/ros2_foxy/install/demo_nodes_py:/home/shunski/ros2_foxy/install/action_tutorials_py:/home/shunski/ros2_foxy/install/ament_uncrustify:/home/shunski/ros2_foxy/install/tracetools_trace:/home/shunski/ros2_foxy/install/tracetools_read:/home/shunski/ros2_foxy/install/test_launch_ros:/home/shunski/ros2_foxy/install/sensor_msgs_py:/home/shunski/ros2_foxy/install/rpyutils:/home/shunski/ros2_foxy/install/rosidl_runtime_py:/home/shunski/ros2_foxy/install/launch_yaml:/home/shunski/ros2_foxy/install/launch_xml:/home/shunski/ros2_foxy/install/launch_testing:/home/shunski/ros2_foxy/install/launch:/home/shunski/ros2_foxy/install/osrf_pycommon:/home/shunski/ros2_foxy/install/domain_coordinator:/home/shunski/ros2_foxy/install/ament_xmllint:/home/shunski/ros2_foxy/install/ament_pyflakes:/home/shunski/ros2_foxy/install/ament_pycodestyle:/home/shunski/ros2_foxy/install/ament_pep257:/home/shunski/ros2_foxy/install/ament_pclint:/home/shunski/ros2_foxy/install/ament_package:/home/shunski/ros2_foxy/install/ament_mypy:/home/shunski/ros2_foxy/install/ament_lint_cmake:/home/shunski/ros2_foxy/install/ament_flake8:/home/shunski/ros2_foxy/install/ament_copyright:/home/shunski/ros2_foxy/install/ament_lint:/home/shunski/ros2_foxy/install/ament_index_python:/home/shunski/ros2_foxy/install/ament_cpplint:/home/shunski/ros2_foxy/install/ament_cppcheck:/home/shunski/ros2_foxy/install/ament_clang_tidy:/home/shunski/ros2_foxy/install/ament_clang_format /home/shunski/bin/cmake --build /home/shunski/aki_ws/build/dog_srv -- -j8 -l8
[11.702s] DEBUG:colcon.colcon_core.event_handler.log_command:Invoked command in '/home/shunski/aki_ws/build/dog_srv' returned '0': CMAKE_PREFIX_PATH=${CMAKE_PREFIX_PATH}:/opt/ros/foxy:/home/shunski/ros2_foxy/install/ros2bag:/home/shunski/ros2_foxy/install/tracetools_launch:/home/shunski/ros2_foxy/install/topic_monitor:/home/shunski/ros2_foxy/install/examples_tf2_py:/home/shunski/ros2_foxy/install/sros2:/home/shunski/ros2_foxy/install/rqt_topic:/home/shunski/ros2_foxy/install/rqt_top:/home/shunski/ros2_foxy/install/rqt_srv:/home/shunski/ros2_foxy/install/rqt_shell:/home/shunski/ros2_foxy/install/rqt_service_caller:/home/shunski/ros2_foxy/install/rqt_reconfigure:/home/shunski/ros2_foxy/install/rqt_py_console:/home/shunski/ros2_foxy/install/rqt_publisher:/home/shunski/ros2_foxy/install/rqt_plot:/home/shunski/ros2_foxy/install/rqt_action:/home/shunski/ros2_foxy/install/rqt_msg:/home/shunski/ros2_foxy/install/rqt:/home/shunski/ros2_foxy/install/rqt_graph:/home/shunski/ros2_foxy/install/rqt_gui_py:/home/shunski/ros2_foxy/install/rqt_gui:/home/shunski/ros2_foxy/install/ros2trace:/home/shunski/ros2_foxy/install/ros2topic:/home/shunski/ros2_foxy/install/ros2test:/home/shunski/ros2_foxy/install/ros2component:/home/shunski/ros2_foxy/install/ros2param:/home/shunski/ros2_foxy/install/ros2lifecycle:/home/shunski/ros2_foxy/install/ros2service:/home/shunski/ros2_foxy/install/ros2run:/home/shunski/ros2_foxy/install/ros2launch:/home/shunski/ros2_foxy/install/ros2pkg:/home/shunski/ros2_foxy/install/ros2node:/home/shunski/ros2_foxy/install/ros2multicast:/home/shunski/ros2_foxy/install/ros2interface:/home/shunski/ros2_foxy/install/ros2doctor:/home/shunski/ros2_foxy/install/ros2action:/home/shunski/ros2_foxy/install/ros2cli:/home/shunski/ros2_foxy/install/quality_of_service_demo_py:/home/shunski/ros2_foxy/install/launch_testing_ros:/home/shunski/ros2_foxy/install/launch_ros:/home/shunski/ros2_foxy/install/examples_rclpy_minimal_subscriber:/home/shunski/ros2_foxy/install/examples_rclpy_minimal_service:/home/shunski/ros2_foxy/install/examples_rclpy_minimal_publisher:/home/shunski/ros2_foxy/install/examples_rclpy_minimal_client:/home/shunski/ros2_foxy/install/examples_rclpy_minimal_action_server:/home/shunski/ros2_foxy/install/examples_rclpy_minimal_action_client:/home/shunski/ros2_foxy/install/examples_rclpy_executors:/home/shunski/ros2_foxy/install/demo_nodes_py:/home/shunski/ros2_foxy/install/action_tutorials_py:/home/shunski/ros2_foxy/install/ament_uncrustify:/home/shunski/ros2_foxy/install/tracetools_trace:/home/shunski/ros2_foxy/install/tracetools_read:/home/shunski/ros2_foxy/install/test_launch_ros:/home/shunski/ros2_foxy/install/sensor_msgs_py:/home/shunski/ros2_foxy/install/rpyutils:/home/shunski/ros2_foxy/install/rosidl_runtime_py:/home/shunski/ros2_foxy/install/launch_yaml:/home/shunski/ros2_foxy/install/launch_xml:/home/shunski/ros2_foxy/install/launch_testing:/home/shunski/ros2_foxy/install/launch:/home/shunski/ros2_foxy/install/osrf_pycommon:/home/shunski/ros2_foxy/install/domain_coordinator:/home/shunski/ros2_foxy/install/ament_xmllint:/home/shunski/ros2_foxy/install/ament_pyflakes:/home/shunski/ros2_foxy/install/ament_pycodestyle:/home/shunski/ros2_foxy/install/ament_pep257:/home/shunski/ros2_foxy/install/ament_pclint:/home/shunski/ros2_foxy/install/ament_package:/home/shunski/ros2_foxy/install/ament_mypy:/home/shunski/ros2_foxy/install/ament_lint_cmake:/home/shunski/ros2_foxy/install/ament_flake8:/home/shunski/ros2_foxy/install/ament_copyright:/home/shunski/ros2_foxy/install/ament_lint:/home/shunski/ros2_foxy/install/ament_index_python:/home/shunski/ros2_foxy/install/ament_cpplint:/home/shunski/ros2_foxy/install/ament_cppcheck:/home/shunski/ros2_foxy/install/ament_clang_tidy:/home/shunski/ros2_foxy/install/ament_clang_format /home/shunski/bin/cmake --build /home/shunski/aki_ws/build/dog_srv -- -j8 -l8
[11.892s] DEBUG:colcon.colcon_core.event_handler.log_command:Invoking command in '/home/shunski/aki_ws/build/dog_srv': CMAKE_PREFIX_PATH=${CMAKE_PREFIX_PATH}:/opt/ros/foxy:/home/shunski/ros2_foxy/install/ros2bag:/home/shunski/ros2_foxy/install/tracetools_launch:/home/shunski/ros2_foxy/install/topic_monitor:/home/shunski/ros2_foxy/install/examples_tf2_py:/home/shunski/ros2_foxy/install/sros2:/home/shunski/ros2_foxy/install/rqt_topic:/home/shunski/ros2_foxy/install/rqt_top:/home/shunski/ros2_foxy/install/rqt_srv:/home/shunski/ros2_foxy/install/rqt_shell:/home/shunski/ros2_foxy/install/rqt_service_caller:/home/shunski/ros2_foxy/install/rqt_reconfigure:/home/shunski/ros2_foxy/install/rqt_py_console:/home/shunski/ros2_foxy/install/rqt_publisher:/home/shunski/ros2_foxy/install/rqt_plot:/home/shunski/ros2_foxy/install/rqt_action:/home/shunski/ros2_foxy/install/rqt_msg:/home/shunski/ros2_foxy/install/rqt:/home/shunski/ros2_foxy/install/rqt_graph:/home/shunski/ros2_foxy/install/rqt_gui_py:/home/shunski/ros2_foxy/install/rqt_gui:/home/shunski/ros2_foxy/install/ros2trace:/home/shunski/ros2_foxy/install/ros2topic:/home/shunski/ros2_foxy/install/ros2test:/home/shunski/ros2_foxy/install/ros2component:/home/shunski/ros2_foxy/install/ros2param:/home/shunski/ros2_foxy/install/ros2lifecycle:/home/shunski/ros2_foxy/install/ros2service:/home/shunski/ros2_foxy/install/ros2run:/home/shunski/ros2_foxy/install/ros2launch:/home/shunski/ros2_foxy/install/ros2pkg:/home/shunski/ros2_foxy/install/ros2node:/home/shunski/ros2_foxy/install/ros2multicast:/home/shunski/ros2_foxy/install/ros2interface:/home/shunski/ros2_foxy/install/ros2doctor:/home/shunski/ros2_foxy/install/ros2action:/home/shunski/ros2_foxy/install/ros2cli:/home/shunski/ros2_foxy/install/quality_of_service_demo_py:/home/shunski/ros2_foxy/install/launch_testing_ros:/home/shunski/ros2_foxy/install/launch_ros:/home/shunski/ros2_foxy/install/examples_rclpy_minimal_subscriber:/home/shunski/ros2_foxy/install/examples_rclpy_minimal_service:/home/shunski/ros2_foxy/install/examples_rclpy_minimal_publisher:/home/shunski/ros2_foxy/install/examples_rclpy_minimal_client:/home/shunski/ros2_foxy/install/examples_rclpy_minimal_action_server:/home/shunski/ros2_foxy/install/examples_rclpy_minimal_action_client:/home/shunski/ros2_foxy/install/examples_rclpy_executors:/home/shunski/ros2_foxy/install/demo_nodes_py:/home/shunski/ros2_foxy/install/action_tutorials_py:/home/shunski/ros2_foxy/install/ament_uncrustify:/home/shunski/ros2_foxy/install/tracetools_trace:/home/shunski/ros2_foxy/install/tracetools_read:/home/shunski/ros2_foxy/install/test_launch_ros:/home/shunski/ros2_foxy/install/sensor_msgs_py:/home/shunski/ros2_foxy/install/rpyutils:/home/shunski/ros2_foxy/install/rosidl_runtime_py:/home/shunski/ros2_foxy/install/launch_yaml:/home/shunski/ros2_foxy/install/launch_xml:/home/shunski/ros2_foxy/install/launch_testing:/home/shunski/ros2_foxy/install/launch:/home/shunski/ros2_foxy/install/osrf_pycommon:/home/shunski/ros2_foxy/install/domain_coordinator:/home/shunski/ros2_foxy/install/ament_xmllint:/home/shunski/ros2_foxy/install/ament_pyflakes:/home/shunski/ros2_foxy/install/ament_pycodestyle:/home/shunski/ros2_foxy/install/ament_pep257:/home/shunski/ros2_foxy/install/ament_pclint:/home/shunski/ros2_foxy/install/ament_package:/home/shunski/ros2_foxy/install/ament_mypy:/home/shunski/ros2_foxy/install/ament_lint_cmake:/home/shunski/ros2_foxy/install/ament_flake8:/home/shunski/ros2_foxy/install/ament_copyright:/home/shunski/ros2_foxy/install/ament_lint:/home/shunski/ros2_foxy/install/ament_index_python:/home/shunski/ros2_foxy/install/ament_cpplint:/home/shunski/ros2_foxy/install/ament_cppcheck:/home/shunski/ros2_foxy/install/ament_clang_tidy:/home/shunski/ros2_foxy/install/ament_clang_format /home/shunski/bin/cmake --install /home/shunski/aki_ws/build/dog_srv
[12.357s] Level 1:colcon.colcon_core.environment:create_environment_scripts_only(dog_srv)
[12.358s] DEBUG:colcon.colcon_core.event_handler.log_command:Invoked command in '/home/shunski/aki_ws/build/dog_srv' returned '0': CMAKE_PREFIX_PATH=${CMAKE_PREFIX_PATH}:/opt/ros/foxy:/home/shunski/ros2_foxy/install/ros2bag:/home/shunski/ros2_foxy/install/tracetools_launch:/home/shunski/ros2_foxy/install/topic_monitor:/home/shunski/ros2_foxy/install/examples_tf2_py:/home/shunski/ros2_foxy/install/sros2:/home/shunski/ros2_foxy/install/rqt_topic:/home/shunski/ros2_foxy/install/rqt_top:/home/shunski/ros2_foxy/install/rqt_srv:/home/shunski/ros2_foxy/install/rqt_shell:/home/shunski/ros2_foxy/install/rqt_service_caller:/home/shunski/ros2_foxy/install/rqt_reconfigure:/home/shunski/ros2_foxy/install/rqt_py_console:/home/shunski/ros2_foxy/install/rqt_publisher:/home/shunski/ros2_foxy/install/rqt_plot:/home/shunski/ros2_foxy/install/rqt_action:/home/shunski/ros2_foxy/install/rqt_msg:/home/shunski/ros2_foxy/install/rqt:/home/shunski/ros2_foxy/install/rqt_graph:/home/shunski/ros2_foxy/install/rqt_gui_py:/home/shunski/ros2_foxy/install/rqt_gui:/home/shunski/ros2_foxy/install/ros2trace:/home/shunski/ros2_foxy/install/ros2topic:/home/shunski/ros2_foxy/install/ros2test:/home/shunski/ros2_foxy/install/ros2component:/home/shunski/ros2_foxy/install/ros2param:/home/shunski/ros2_foxy/install/ros2lifecycle:/home/shunski/ros2_foxy/install/ros2service:/home/shunski/ros2_foxy/install/ros2run:/home/shunski/ros2_foxy/install/ros2launch:/home/shunski/ros2_foxy/install/ros2pkg:/home/shunski/ros2_foxy/install/ros2node:/home/shunski/ros2_foxy/install/ros2multicast:/home/shunski/ros2_foxy/install/ros2interface:/home/shunski/ros2_foxy/install/ros2doctor:/home/shunski/ros2_foxy/install/ros2action:/home/shunski/ros2_foxy/install/ros2cli:/home/shunski/ros2_foxy/install/quality_of_service_demo_py:/home/shunski/ros2_foxy/install/launch_testing_ros:/home/shunski/ros2_foxy/install/launch_ros:/home/shunski/ros2_foxy/install/examples_rclpy_minimal_subscriber:/home/shunski/ros2_foxy/install/examples_rclpy_minimal_service:/home/shunski/ros2_foxy/install/examples_rclpy_minimal_publisher:/home/shunski/ros2_foxy/install/examples_rclpy_minimal_client:/home/shunski/ros2_foxy/install/examples_rclpy_minimal_action_server:/home/shunski/ros2_foxy/install/examples_rclpy_minimal_action_client:/home/shunski/ros2_foxy/install/examples_rclpy_executors:/home/shunski/ros2_foxy/install/demo_nodes_py:/home/shunski/ros2_foxy/install/action_tutorials_py:/home/shunski/ros2_foxy/install/ament_uncrustify:/home/shunski/ros2_foxy/install/tracetools_trace:/home/shunski/ros2_foxy/install/tracetools_read:/home/shunski/ros2_foxy/install/test_launch_ros:/home/shunski/ros2_foxy/install/sensor_msgs_py:/home/shunski/ros2_foxy/install/rpyutils:/home/shunski/ros2_foxy/install/rosidl_runtime_py:/home/shunski/ros2_foxy/install/launch_yaml:/home/shunski/ros2_foxy/install/launch_xml:/home/shunski/ros2_foxy/install/launch_testing:/home/shunski/ros2_foxy/install/launch:/home/shunski/ros2_foxy/install/osrf_pycommon:/home/shunski/ros2_foxy/install/domain_coordinator:/home/shunski/ros2_foxy/install/ament_xmllint:/home/shunski/ros2_foxy/install/ament_pyflakes:/home/shunski/ros2_foxy/install/ament_pycodestyle:/home/shunski/ros2_foxy/install/ament_pep257:/home/shunski/ros2_foxy/install/ament_pclint:/home/shunski/ros2_foxy/install/ament_package:/home/shunski/ros2_foxy/install/ament_mypy:/home/shunski/ros2_foxy/install/ament_lint_cmake:/home/shunski/ros2_foxy/install/ament_flake8:/home/shunski/ros2_foxy/install/ament_copyright:/home/shunski/ros2_foxy/install/ament_lint:/home/shunski/ros2_foxy/install/ament_index_python:/home/shunski/ros2_foxy/install/ament_cpplint:/home/shunski/ros2_foxy/install/ament_cppcheck:/home/shunski/ros2_foxy/install/ament_clang_tidy:/home/shunski/ros2_foxy/install/ament_clang_format /home/shunski/bin/cmake --install /home/shunski/aki_ws/build/dog_srv
[12.366s] Level 1:colcon.colcon_core.environment:checking '/home/shunski/aki_ws/install/dog_srv' for CMake module files
[12.367s] Level 1:colcon.colcon_core.environment:checking '/home/shunski/aki_ws/install/dog_srv' for CMake config files
[12.367s] Level 1:colcon.colcon_core.shell:create_environment_hook('dog_srv', 'cmake_prefix_path')
[12.368s] INFO:colcon.colcon_core.shell:Creating environment hook '/home/shunski/aki_ws/install/dog_srv/share/dog_srv/hook/cmake_prefix_path.ps1'
[12.369s] INFO:colcon.colcon_core.shell:Creating environment descriptor '/home/shunski/aki_ws/install/dog_srv/share/dog_srv/hook/cmake_prefix_path.dsv'
[12.369s] INFO:colcon.colcon_core.shell:Creating environment hook '/home/shunski/aki_ws/install/dog_srv/share/dog_srv/hook/cmake_prefix_path.sh'
[12.370s] Level 1:colcon.colcon_core.environment:checking '/home/shunski/aki_ws/install/dog_srv/lib'
[12.370s] Level 1:colcon.colcon_core.shell:create_environment_hook('dog_srv', 'ld_library_path_lib')
[12.371s] INFO:colcon.colcon_core.shell:Creating environment hook '/home/shunski/aki_ws/install/dog_srv/share/dog_srv/hook/ld_library_path_lib.ps1'
[12.371s] INFO:colcon.colcon_core.shell:Creating environment descriptor '/home/shunski/aki_ws/install/dog_srv/share/dog_srv/hook/ld_library_path_lib.dsv'
[12.372s] INFO:colcon.colcon_core.shell:Creating environment hook '/home/shunski/aki_ws/install/dog_srv/share/dog_srv/hook/ld_library_path_lib.sh'
[12.372s] Level 1:colcon.colcon_core.environment:checking '/home/shunski/aki_ws/install/dog_srv/bin'
[12.372s] Level 1:colcon.colcon_core.environment:checking '/home/shunski/aki_ws/install/dog_srv/lib/pkgconfig/dog_srv.pc'
[12.372s] Level 1:colcon.colcon_core.environment:checking '/home/shunski/aki_ws/install/dog_srv/lib/python3.8/site-packages'
[12.372s] Level 1:colcon.colcon_core.shell:create_environment_hook('dog_srv', 'pythonpath')
[12.373s] INFO:colcon.colcon_core.shell:Creating environment hook '/home/shunski/aki_ws/install/dog_srv/share/dog_srv/hook/pythonpath.ps1'
[12.373s] INFO:colcon.colcon_core.shell:Creating environment descriptor '/home/shunski/aki_ws/install/dog_srv/share/dog_srv/hook/pythonpath.dsv'
[12.374s] INFO:colcon.colcon_core.shell:Creating environment hook '/home/shunski/aki_ws/install/dog_srv/share/dog_srv/hook/pythonpath.sh'
[12.375s] INFO:colcon.colcon_core.shell:Creating package script '/home/shunski/aki_ws/install/dog_srv/share/dog_srv/package.ps1'
[12.376s] INFO:colcon.colcon_core.shell:Creating package descriptor '/home/shunski/aki_ws/install/dog_srv/share/dog_srv/package.dsv'
[12.377s] INFO:colcon.colcon_core.shell:Creating package script '/home/shunski/aki_ws/install/dog_srv/share/dog_srv/package.sh'
[12.378s] INFO:colcon.colcon_core.shell:Creating package script '/home/shunski/aki_ws/install/dog_srv/share/dog_srv/package.bash'
[12.378s] INFO:colcon.colcon_core.shell:Creating package script '/home/shunski/aki_ws/install/dog_srv/share/dog_srv/package.zsh'
[12.379s] Level 1:colcon.colcon_core.environment:create_file_with_runtime_dependencies(/home/shunski/aki_ws/install/dog_srv/share/colcon-core/packages/dog_srv)
[12.562s] Level 1:colcon.colcon_core.environment:create_environment_scripts_only(dog_srv)
[12.564s] Level 1:colcon.colcon_core.environment:checking '/home/shunski/aki_ws/install/dog_srv' for CMake module files
[12.565s] Level 1:colcon.colcon_core.environment:checking '/home/shunski/aki_ws/install/dog_srv' for CMake config files
[12.565s] Level 1:colcon.colcon_core.shell:create_environment_hook('dog_srv', 'cmake_prefix_path')
[12.566s] INFO:colcon.colcon_core.shell:Creating environment hook '/home/shunski/aki_ws/install/dog_srv/share/dog_srv/hook/cmake_prefix_path.ps1'
[12.567s] INFO:colcon.colcon_core.shell:Creating environment descriptor '/home/shunski/aki_ws/install/dog_srv/share/dog_srv/hook/cmake_prefix_path.dsv'
[12.568s] INFO:colcon.colcon_core.shell:Creating environment hook '/home/shunski/aki_ws/install/dog_srv/share/dog_srv/hook/cmake_prefix_path.sh'
[12.569s] Level 1:colcon.colcon_core.environment:checking '/home/shunski/aki_ws/install/dog_srv/lib'
[12.569s] Level 1:colcon.colcon_core.shell:create_environment_hook('dog_srv', 'ld_library_path_lib')
[12.570s] INFO:colcon.colcon_core.shell:Creating environment hook '/home/shunski/aki_ws/install/dog_srv/share/dog_srv/hook/ld_library_path_lib.ps1'
[12.571s] INFO:colcon.colcon_core.shell:Creating environment descriptor '/home/shunski/aki_ws/install/dog_srv/share/dog_srv/hook/ld_library_path_lib.dsv'
[12.571s] INFO:colcon.colcon_core.shell:Creating environment hook '/home/shunski/aki_ws/install/dog_srv/share/dog_srv/hook/ld_library_path_lib.sh'
[12.572s] Level 1:colcon.colcon_core.environment:checking '/home/shunski/aki_ws/install/dog_srv/bin'
[12.572s] Level 1:colcon.colcon_core.environment:checking '/home/shunski/aki_ws/install/dog_srv/lib/pkgconfig/dog_srv.pc'
[12.572s] Level 1:colcon.colcon_core.environment:checking '/home/shunski/aki_ws/install/dog_srv/lib/python3.8/site-packages'
[12.572s] Level 1:colcon.colcon_core.shell:create_environment_hook('dog_srv', 'pythonpath')
[12.573s] INFO:colcon.colcon_core.shell:Creating environment hook '/home/shunski/aki_ws/install/dog_srv/share/dog_srv/hook/pythonpath.ps1'
[12.573s] INFO:colcon.colcon_core.shell:Creating environment descriptor '/home/shunski/aki_ws/install/dog_srv/share/dog_srv/hook/pythonpath.dsv'
[12.574s] INFO:colcon.colcon_core.shell:Creating environment hook '/home/shunski/aki_ws/install/dog_srv/share/dog_srv/hook/pythonpath.sh'
[12.575s] INFO:colcon.colcon_core.shell:Creating package script '/home/shunski/aki_ws/install/dog_srv/share/dog_srv/package.ps1'
[12.576s] INFO:colcon.colcon_core.shell:Creating package descriptor '/home/shunski/aki_ws/install/dog_srv/share/dog_srv/package.dsv'
[12.577s] INFO:colcon.colcon_core.shell:Creating package script '/home/shunski/aki_ws/install/dog_srv/share/dog_srv/package.sh'
[12.577s] INFO:colcon.colcon_core.shell:Creating package script '/home/shunski/aki_ws/install/dog_srv/share/dog_srv/package.bash'
[12.577s] INFO:colcon.colcon_core.shell:Creating package script '/home/shunski/aki_ws/install/dog_srv/share/dog_srv/package.zsh'
[12.578s] Level 1:colcon.colcon_core.environment:create_file_with_runtime_dependencies(/home/shunski/aki_ws/install/dog_srv/share/colcon-core/packages/dog_srv)
[12.578s] DEBUG:colcon.colcon_parallel_executor.executor.parallel:closing loop
[12.579s] DEBUG:colcon.colcon_parallel_executor.executor.parallel:loop closed
[12.579s] DEBUG:colcon.colcon_parallel_executor.executor.parallel:run_until_complete finished with '0'
[12.579s] DEBUG:colcon.colcon_core.event_reactor:joining thread
[12.594s] INFO:colcon.colcon_core.plugin_system:Skipping extension 'colcon_notification.desktop_notification.terminal_notifier': Not used on non-Darwin systems
[12.594s] INFO:colcon.colcon_core.plugin_system:Skipping extension 'colcon_notification.desktop_notification.win32': Not used on non-Windows systems
[12.594s] INFO:colcon.colcon_notification.desktop_notification:Sending desktop notification using 'notify2'
[12.617s] DEBUG:colcon.colcon_core.event_reactor:joined thread
[12.619s] INFO:colcon.colcon_core.shell:Creating prefix script '/home/shunski/aki_ws/install/local_setup.ps1'
[12.621s] INFO:colcon.colcon_core.shell:Creating prefix util module '/home/shunski/aki_ws/install/_local_setup_util_ps1.py'
[12.623s] INFO:colcon.colcon_core.shell:Creating prefix chain script '/home/shunski/aki_ws/install/setup.ps1'
[12.639s] INFO:colcon.colcon_core.shell:Creating prefix script '/home/shunski/aki_ws/install/local_setup.sh'
[12.640s] INFO:colcon.colcon_core.shell:Creating prefix util module '/home/shunski/aki_ws/install/_local_setup_util_sh.py'
[12.640s] INFO:colcon.colcon_core.shell:Creating prefix chain script '/home/shunski/aki_ws/install/setup.sh'
[12.660s] INFO:colcon.colcon_core.shell:Creating prefix script '/home/shunski/aki_ws/install/local_setup.bash'
[12.661s] INFO:colcon.colcon_core.shell:Creating prefix chain script '/home/shunski/aki_ws/install/setup.bash'
[12.681s] INFO:colcon.colcon_core.shell:Creating prefix script '/home/shunski/aki_ws/install/local_setup.zsh'
[12.682s] INFO:colcon.colcon_core.shell:Creating prefix chain script '/home/shunski/aki_ws/install/setup.zsh'
