[0.050s] Invoking command in '/home/shunski/aki_ws/build/dog_interfaces': CMAKE_PREFIX_PATH=${CMAKE_PREFIX_PATH}:/opt/ros/foxy:/home/shunski/ros2_foxy/install/ros2bag:/home/shunski/ros2_foxy/install/tracetools_launch:/home/shunski/ros2_foxy/install/topic_monitor:/home/shunski/ros2_foxy/install/examples_tf2_py:/home/shunski/ros2_foxy/install/sros2:/home/shunski/ros2_foxy/install/rqt_topic:/home/shunski/ros2_foxy/install/rqt_top:/home/shunski/ros2_foxy/install/rqt_srv:/home/shunski/ros2_foxy/install/rqt_shell:/home/shunski/ros2_foxy/install/rqt_service_caller:/home/shunski/ros2_foxy/install/rqt_reconfigure:/home/shunski/ros2_foxy/install/rqt_py_console:/home/shunski/ros2_foxy/install/rqt_publisher:/home/shunski/ros2_foxy/install/rqt_plot:/home/shunski/ros2_foxy/install/rqt_action:/home/shunski/ros2_foxy/install/rqt_msg:/home/shunski/ros2_foxy/install/rqt:/home/shunski/ros2_foxy/install/rqt_graph:/home/shunski/ros2_foxy/install/rqt_gui_py:/home/shunski/ros2_foxy/install/rqt_gui:/home/shunski/ros2_foxy/install/ros2trace:/home/shunski/ros2_foxy/install/ros2topic:/home/shunski/ros2_foxy/install/ros2test:/home/shunski/ros2_foxy/install/ros2component:/home/shunski/ros2_foxy/install/ros2param:/home/shunski/ros2_foxy/install/ros2lifecycle:/home/shunski/ros2_foxy/install/ros2service:/home/shunski/ros2_foxy/install/ros2run:/home/shunski/ros2_foxy/install/ros2launch:/home/shunski/ros2_foxy/install/ros2pkg:/home/shunski/ros2_foxy/install/ros2node:/home/shunski/ros2_foxy/install/ros2multicast:/home/shunski/ros2_foxy/install/ros2interface:/home/shunski/ros2_foxy/install/ros2doctor:/home/shunski/ros2_foxy/install/ros2action:/home/shunski/ros2_foxy/install/ros2cli:/home/shunski/ros2_foxy/install/quality_of_service_demo_py:/home/shunski/ros2_foxy/install/launch_testing_ros:/home/shunski/ros2_foxy/install/launch_ros:/home/shunski/ros2_foxy/install/examples_rclpy_minimal_subscriber:/home/shunski/ros2_foxy/install/examples_rclpy_minimal_service:/home/shunski/ros2_foxy/install/examples_rclpy_minimal_publisher:/home/shunski/ros2_foxy/install/examples_rclpy_minimal_client:/home/shunski/ros2_foxy/install/examples_rclpy_minimal_action_server:/home/shunski/ros2_foxy/install/examples_rclpy_minimal_action_client:/home/shunski/ros2_foxy/install/examples_rclpy_executors:/home/shunski/ros2_foxy/install/demo_nodes_py:/home/shunski/ros2_foxy/install/action_tutorials_py:/home/shunski/ros2_foxy/install/ament_uncrustify:/home/shunski/ros2_foxy/install/tracetools_trace:/home/shunski/ros2_foxy/install/tracetools_read:/home/shunski/ros2_foxy/install/test_launch_ros:/home/shunski/ros2_foxy/install/sensor_msgs_py:/home/shunski/ros2_foxy/install/rpyutils:/home/shunski/ros2_foxy/install/rosidl_runtime_py:/home/shunski/ros2_foxy/install/launch_yaml:/home/shunski/ros2_foxy/install/launch_xml:/home/shunski/ros2_foxy/install/launch_testing:/home/shunski/ros2_foxy/install/launch:/home/shunski/ros2_foxy/install/osrf_pycommon:/home/shunski/ros2_foxy/install/domain_coordinator:/home/shunski/ros2_foxy/install/ament_xmllint:/home/shunski/ros2_foxy/install/ament_pyflakes:/home/shunski/ros2_foxy/install/ament_pycodestyle:/home/shunski/ros2_foxy/install/ament_pep257:/home/shunski/ros2_foxy/install/ament_pclint:/home/shunski/ros2_foxy/install/ament_package:/home/shunski/ros2_foxy/install/ament_mypy:/home/shunski/ros2_foxy/install/ament_lint_cmake:/home/shunski/ros2_foxy/install/ament_flake8:/home/shunski/ros2_foxy/install/ament_copyright:/home/shunski/ros2_foxy/install/ament_lint:/home/shunski/ros2_foxy/install/ament_index_python:/home/shunski/ros2_foxy/install/ament_cpplint:/home/shunski/ros2_foxy/install/ament_cppcheck:/home/shunski/ros2_foxy/install/ament_clang_tidy:/home/shunski/ros2_foxy/install/ament_clang_format /home/shunski/bin/cmake /home/shunski/aki_ws/src/dog_interfaces -DCMAKE_INSTALL_PREFIX=/home/shunski/aki_ws/install/dog_interfaces
[0.437s] -- The C compiler identification is GNU 9.3.0
[0.588s] -- The CXX compiler identification is GNU 9.3.0
[0.626s] -- Detecting C compiler ABI info
[0.718s] -- Detecting C compiler ABI info - done
[0.731s] -- Check for working C compiler: /usr/bin/cc - skipped
[0.731s] -- Detecting C compile features
[0.732s] -- Detecting C compile features - done
[0.735s] -- Detecting CXX compiler ABI info
[0.843s] -- Detecting CXX compiler ABI info - done
[0.855s] -- Check for working CXX compiler: /usr/bin/c++ - skipped
[0.855s] -- Detecting CXX compile features
[0.856s] -- Detecting CXX compile features - done
[0.875s] -- Found ament_cmake: 0.9.8 (/home/shunski/ros2_foxy/install/ament_cmake/share/ament_cmake/cmake)
[1.322s] -- Found PythonInterp: /usr/bin/python3 (found suitable version "3.8.5", minimum required is "3") 
[1.322s] -- Using PYTHON_EXECUTABLE: /usr/bin/python3
[2.274s] -- Found rosidl_default_generators: 1.0.1 (/home/shunski/ros2_foxy/install/rosidl_default_generators/share/rosidl_default_generators/cmake)
[2.398s] -- Using all available rosidl_typesupport_c: rosidl_typesupport_introspection_c;rosidl_typesupport_fastrtps_c
[2.446s] -- Found rosidl_adapter: 1.2.1 (/home/shunski/ros2_foxy/install/rosidl_adapter/share/rosidl_adapter/cmake)
[2.856s] -- Found OpenSSL: /usr/lib/x86_64-linux-gnu/libcrypto.so (found version "1.1.1f")  
[2.940s] -- Found FastRTPS: /home/shunski/ros2_foxy/install/fastrtps/include  
[3.183s] -- Using all available rosidl_typesupport_cpp: rosidl_typesupport_introspection_cpp;rosidl_typesupport_fastrtps_cpp
[3.642s] -- Found PythonInterp: /usr/bin/python3 (found version "3.8.5") 
[4.665s] -- Found ament_cmake_ros: 0.9.2 (/home/shunski/ros2_foxy/install/ament_cmake_ros/share/ament_cmake_ros/cmake)
[5.199s] -- Using all available rosidl_typesupport_c: rosidl_typesupport_introspection_c;rosidl_typesupport_fastrtps_c
[5.346s] -- Using all available rosidl_typesupport_cpp: rosidl_typesupport_introspection_cpp;rosidl_typesupport_fastrtps_cpp
[5.819s] -- Found PythonInterp: /usr/bin/python3 (found suitable version "3.8.5", minimum required is "3.5") 
[5.838s] -- Found python_cmake_module: 0.8.1 (/home/shunski/ros2_foxy/install/python_cmake_module/share/python_cmake_module/cmake)
[6.265s] -- Found PythonLibs: /usr/lib/x86_64-linux-gnu/libpython3.8.so (found suitable version "3.8.5", minimum required is "3.5") 
[6.265s] -- Using PYTHON_EXECUTABLE: /usr/bin/python3
[6.265s] -- Using PYTHON_INCLUDE_DIRS: /usr/include/python3.8
[6.265s] -- Using PYTHON_LIBRARIES: /usr/lib/x86_64-linux-gnu/libpython3.8.so
[6.668s] -- Found PythonExtra: .so  
[7.505s] -- Found ament_lint_auto: 0.9.6 (/home/shunski/ros2_foxy/install/ament_lint_auto/share/ament_lint_auto/cmake)
[7.660s] -- Added test 'copyright' to check source files copyright and LICENSE
[7.668s] -- Added test 'lint_cmake' to check CMake code style
[7.674s] -- Added test 'xmllint' to check XML markup files
[7.688s] -- Configuring done
[7.719s] -- Generating done
[7.721s] -- Build files have been written to: /home/shunski/aki_ws/build/dog_interfaces
[7.734s] Invoked command in '/home/shunski/aki_ws/build/dog_interfaces' returned '0': CMAKE_PREFIX_PATH=${CMAKE_PREFIX_PATH}:/opt/ros/foxy:/home/shunski/ros2_foxy/install/ros2bag:/home/shunski/ros2_foxy/install/tracetools_launch:/home/shunski/ros2_foxy/install/topic_monitor:/home/shunski/ros2_foxy/install/examples_tf2_py:/home/shunski/ros2_foxy/install/sros2:/home/shunski/ros2_foxy/install/rqt_topic:/home/shunski/ros2_foxy/install/rqt_top:/home/shunski/ros2_foxy/install/rqt_srv:/home/shunski/ros2_foxy/install/rqt_shell:/home/shunski/ros2_foxy/install/rqt_service_caller:/home/shunski/ros2_foxy/install/rqt_reconfigure:/home/shunski/ros2_foxy/install/rqt_py_console:/home/shunski/ros2_foxy/install/rqt_publisher:/home/shunski/ros2_foxy/install/rqt_plot:/home/shunski/ros2_foxy/install/rqt_action:/home/shunski/ros2_foxy/install/rqt_msg:/home/shunski/ros2_foxy/install/rqt:/home/shunski/ros2_foxy/install/rqt_graph:/home/shunski/ros2_foxy/install/rqt_gui_py:/home/shunski/ros2_foxy/install/rqt_gui:/home/shunski/ros2_foxy/install/ros2trace:/home/shunski/ros2_foxy/install/ros2topic:/home/shunski/ros2_foxy/install/ros2test:/home/shunski/ros2_foxy/install/ros2component:/home/shunski/ros2_foxy/install/ros2param:/home/shunski/ros2_foxy/install/ros2lifecycle:/home/shunski/ros2_foxy/install/ros2service:/home/shunski/ros2_foxy/install/ros2run:/home/shunski/ros2_foxy/install/ros2launch:/home/shunski/ros2_foxy/install/ros2pkg:/home/shunski/ros2_foxy/install/ros2node:/home/shunski/ros2_foxy/install/ros2multicast:/home/shunski/ros2_foxy/install/ros2interface:/home/shunski/ros2_foxy/install/ros2doctor:/home/shunski/ros2_foxy/install/ros2action:/home/shunski/ros2_foxy/install/ros2cli:/home/shunski/ros2_foxy/install/quality_of_service_demo_py:/home/shunski/ros2_foxy/install/launch_testing_ros:/home/shunski/ros2_foxy/install/launch_ros:/home/shunski/ros2_foxy/install/examples_rclpy_minimal_subscriber:/home/shunski/ros2_foxy/install/examples_rclpy_minimal_service:/home/shunski/ros2_foxy/install/examples_rclpy_minimal_publisher:/home/shunski/ros2_foxy/install/examples_rclpy_minimal_client:/home/shunski/ros2_foxy/install/examples_rclpy_minimal_action_server:/home/shunski/ros2_foxy/install/examples_rclpy_minimal_action_client:/home/shunski/ros2_foxy/install/examples_rclpy_executors:/home/shunski/ros2_foxy/install/demo_nodes_py:/home/shunski/ros2_foxy/install/action_tutorials_py:/home/shunski/ros2_foxy/install/ament_uncrustify:/home/shunski/ros2_foxy/install/tracetools_trace:/home/shunski/ros2_foxy/install/tracetools_read:/home/shunski/ros2_foxy/install/test_launch_ros:/home/shunski/ros2_foxy/install/sensor_msgs_py:/home/shunski/ros2_foxy/install/rpyutils:/home/shunski/ros2_foxy/install/rosidl_runtime_py:/home/shunski/ros2_foxy/install/launch_yaml:/home/shunski/ros2_foxy/install/launch_xml:/home/shunski/ros2_foxy/install/launch_testing:/home/shunski/ros2_foxy/install/launch:/home/shunski/ros2_foxy/install/osrf_pycommon:/home/shunski/ros2_foxy/install/domain_coordinator:/home/shunski/ros2_foxy/install/ament_xmllint:/home/shunski/ros2_foxy/install/ament_pyflakes:/home/shunski/ros2_foxy/install/ament_pycodestyle:/home/shunski/ros2_foxy/install/ament_pep257:/home/shunski/ros2_foxy/install/ament_pclint:/home/shunski/ros2_foxy/install/ament_package:/home/shunski/ros2_foxy/install/ament_mypy:/home/shunski/ros2_foxy/install/ament_lint_cmake:/home/shunski/ros2_foxy/install/ament_flake8:/home/shunski/ros2_foxy/install/ament_copyright:/home/shunski/ros2_foxy/install/ament_lint:/home/shunski/ros2_foxy/install/ament_index_python:/home/shunski/ros2_foxy/install/ament_cpplint:/home/shunski/ros2_foxy/install/ament_cppcheck:/home/shunski/ros2_foxy/install/ament_clang_tidy:/home/shunski/ros2_foxy/install/ament_clang_format /home/shunski/bin/cmake /home/shunski/aki_ws/src/dog_interfaces -DCMAKE_INSTALL_PREFIX=/home/shunski/aki_ws/install/dog_interfaces
[7.738s] Invoking command in '/home/shunski/aki_ws/build/dog_interfaces': CMAKE_PREFIX_PATH=${CMAKE_PREFIX_PATH}:/opt/ros/foxy:/home/shunski/ros2_foxy/install/ros2bag:/home/shunski/ros2_foxy/install/tracetools_launch:/home/shunski/ros2_foxy/install/topic_monitor:/home/shunski/ros2_foxy/install/examples_tf2_py:/home/shunski/ros2_foxy/install/sros2:/home/shunski/ros2_foxy/install/rqt_topic:/home/shunski/ros2_foxy/install/rqt_top:/home/shunski/ros2_foxy/install/rqt_srv:/home/shunski/ros2_foxy/install/rqt_shell:/home/shunski/ros2_foxy/install/rqt_service_caller:/home/shunski/ros2_foxy/install/rqt_reconfigure:/home/shunski/ros2_foxy/install/rqt_py_console:/home/shunski/ros2_foxy/install/rqt_publisher:/home/shunski/ros2_foxy/install/rqt_plot:/home/shunski/ros2_foxy/install/rqt_action:/home/shunski/ros2_foxy/install/rqt_msg:/home/shunski/ros2_foxy/install/rqt:/home/shunski/ros2_foxy/install/rqt_graph:/home/shunski/ros2_foxy/install/rqt_gui_py:/home/shunski/ros2_foxy/install/rqt_gui:/home/shunski/ros2_foxy/install/ros2trace:/home/shunski/ros2_foxy/install/ros2topic:/home/shunski/ros2_foxy/install/ros2test:/home/shunski/ros2_foxy/install/ros2component:/home/shunski/ros2_foxy/install/ros2param:/home/shunski/ros2_foxy/install/ros2lifecycle:/home/shunski/ros2_foxy/install/ros2service:/home/shunski/ros2_foxy/install/ros2run:/home/shunski/ros2_foxy/install/ros2launch:/home/shunski/ros2_foxy/install/ros2pkg:/home/shunski/ros2_foxy/install/ros2node:/home/shunski/ros2_foxy/install/ros2multicast:/home/shunski/ros2_foxy/install/ros2interface:/home/shunski/ros2_foxy/install/ros2doctor:/home/shunski/ros2_foxy/install/ros2action:/home/shunski/ros2_foxy/install/ros2cli:/home/shunski/ros2_foxy/install/quality_of_service_demo_py:/home/shunski/ros2_foxy/install/launch_testing_ros:/home/shunski/ros2_foxy/install/launch_ros:/home/shunski/ros2_foxy/install/examples_rclpy_minimal_subscriber:/home/shunski/ros2_foxy/install/examples_rclpy_minimal_service:/home/shunski/ros2_foxy/install/examples_rclpy_minimal_publisher:/home/shunski/ros2_foxy/install/examples_rclpy_minimal_client:/home/shunski/ros2_foxy/install/examples_rclpy_minimal_action_server:/home/shunski/ros2_foxy/install/examples_rclpy_minimal_action_client:/home/shunski/ros2_foxy/install/examples_rclpy_executors:/home/shunski/ros2_foxy/install/demo_nodes_py:/home/shunski/ros2_foxy/install/action_tutorials_py:/home/shunski/ros2_foxy/install/ament_uncrustify:/home/shunski/ros2_foxy/install/tracetools_trace:/home/shunski/ros2_foxy/install/tracetools_read:/home/shunski/ros2_foxy/install/test_launch_ros:/home/shunski/ros2_foxy/install/sensor_msgs_py:/home/shunski/ros2_foxy/install/rpyutils:/home/shunski/ros2_foxy/install/rosidl_runtime_py:/home/shunski/ros2_foxy/install/launch_yaml:/home/shunski/ros2_foxy/install/launch_xml:/home/shunski/ros2_foxy/install/launch_testing:/home/shunski/ros2_foxy/install/launch:/home/shunski/ros2_foxy/install/osrf_pycommon:/home/shunski/ros2_foxy/install/domain_coordinator:/home/shunski/ros2_foxy/install/ament_xmllint:/home/shunski/ros2_foxy/install/ament_pyflakes:/home/shunski/ros2_foxy/install/ament_pycodestyle:/home/shunski/ros2_foxy/install/ament_pep257:/home/shunski/ros2_foxy/install/ament_pclint:/home/shunski/ros2_foxy/install/ament_package:/home/shunski/ros2_foxy/install/ament_mypy:/home/shunski/ros2_foxy/install/ament_lint_cmake:/home/shunski/ros2_foxy/install/ament_flake8:/home/shunski/ros2_foxy/install/ament_copyright:/home/shunski/ros2_foxy/install/ament_lint:/home/shunski/ros2_foxy/install/ament_index_python:/home/shunski/ros2_foxy/install/ament_cpplint:/home/shunski/ros2_foxy/install/ament_cppcheck:/home/shunski/ros2_foxy/install/ament_clang_tidy:/home/shunski/ros2_foxy/install/ament_clang_format /home/shunski/bin/cmake --build /home/shunski/aki_ws/build/dog_interfaces -- -j8 -l8
[7.781s] [  3%] [34m[1mGenerating C code for ROS interfaces[0m
[7.781s] [35m[1mScanning dependencies of target dog_interfaces__cpp[0m
[7.795s] [  6%] [34m[1mGenerating C++ code for ROS interfaces[0m
[8.485s] [35m[1mScanning dependencies of target dog_interfaces__rosidl_generator_c[0m
[8.505s] [  6%] Built target dog_interfaces__cpp
[8.515s] [  9%] [34m[1mGenerating C++ type support for eProsima Fast-RTPS[0m
[8.517s] [ 12%] [34m[1mGenerating C++ type support dispatch for ROS interfaces[0m
[8.517s] [ 16%] [34m[1mGenerating C++ introspection for ROS interfaces[0m
[8.564s] [ 19%] [32mBuilding C object CMakeFiles/dog_interfaces__rosidl_generator_c.dir/rosidl_generator_c/dog_interfaces/srv/detail/dog__functions.c.o[0m
[8.626s] [ 22%] [32m[1mLinking C shared library libdog_interfaces__rosidl_generator_c.so[0m
[8.662s] [ 22%] Built target dog_interfaces__rosidl_generator_c
[8.675s] [ 25%] [34m[1mGenerating C introspection for ROS interfaces[0m
[8.675s] [ 29%] [34m[1mGenerating C type support dispatch for ROS interfaces[0m
[9.239s] [35m[1mScanning dependencies of target dog_interfaces__rosidl_typesupport_introspection_cpp[0m
[9.254s] [ 32%] [32mBuilding CXX object CMakeFiles/dog_interfaces__rosidl_typesupport_introspection_cpp.dir/rosidl_typesupport_introspection_cpp/dog_interfaces/srv/detail/dog__type_support.cpp.o[0m
[9.254s] [35m[1mScanning dependencies of target dog_interfaces__rosidl_typesupport_fastrtps_cpp[0m
[9.271s] [ 35%] [32mBuilding CXX object CMakeFiles/dog_interfaces__rosidl_typesupport_fastrtps_cpp.dir/rosidl_typesupport_fastrtps_cpp/dog_interfaces/srv/detail/dds_fastrtps/dog__type_support.cpp.o[0m
[9.377s] [35m[1mScanning dependencies of target dog_interfaces__rosidl_typesupport_c[0m
[9.391s] [ 38%] [32mBuilding CXX object CMakeFiles/dog_interfaces__rosidl_typesupport_c.dir/rosidl_typesupport_c/dog_interfaces/srv/dog__type_support.cpp.o[0m
[9.433s] [ 41%] [32m[1mLinking CXX shared library libdog_interfaces__rosidl_typesupport_c.so[0m
[9.492s] [ 41%] Built target dog_interfaces__rosidl_typesupport_c
[9.615s] [ 45%] [32m[1mLinking CXX shared library libdog_interfaces__rosidl_typesupport_introspection_cpp.so[0m
[9.693s] [ 45%] Built target dog_interfaces__rosidl_typesupport_introspection_cpp
[9.760s] [35m[1mScanning dependencies of target dog_interfaces__rosidl_typesupport_cpp[0m
[9.773s] [ 48%] [32mBuilding CXX object CMakeFiles/dog_interfaces__rosidl_typesupport_cpp.dir/rosidl_typesupport_cpp/dog_interfaces/srv/dog__type_support.cpp.o[0m
[9.795s] [ 51%] [32m[1mLinking CXX shared library libdog_interfaces__rosidl_typesupport_fastrtps_cpp.so[0m
[9.902s] [ 51%] Built target dog_interfaces__rosidl_typesupport_fastrtps_cpp
[9.914s] [ 54%] [34m[1mGenerating C type support for eProsima Fast-RTPS[0m
[9.939s] [35m[1mScanning dependencies of target dog_interfaces__rosidl_typesupport_introspection_c[0m
[9.952s] [ 58%] [32mBuilding C object CMakeFiles/dog_interfaces__rosidl_typesupport_introspection_c.dir/rosidl_typesupport_introspection_c/dog_interfaces/srv/detail/dog__type_support.c.o[0m
[10.000s] [ 61%] [32m[1mLinking C shared library libdog_interfaces__rosidl_typesupport_introspection_c.so[0m
[10.031s] [ 61%] Built target dog_interfaces__rosidl_typesupport_introspection_c
[10.127s] [ 64%] [32m[1mLinking CXX shared library libdog_interfaces__rosidl_typesupport_cpp.so[0m
[10.169s] [ 64%] Built target dog_interfaces__rosidl_typesupport_cpp
[10.621s] [35m[1mScanning dependencies of target dog_interfaces__rosidl_typesupport_fastrtps_c[0m
[10.637s] [ 67%] [32mBuilding CXX object CMakeFiles/dog_interfaces__rosidl_typesupport_fastrtps_c.dir/rosidl_typesupport_fastrtps_c/dog_interfaces/srv/detail/dog__type_support_c.cpp.o[0m
[11.059s] [ 70%] [32m[1mLinking CXX shared library libdog_interfaces__rosidl_typesupport_fastrtps_c.so[0m
[11.164s] [ 70%] Built target dog_interfaces__rosidl_typesupport_fastrtps_c
[11.175s] [35m[1mScanning dependencies of target dog_interfaces[0m
[11.189s] [ 70%] Built target dog_interfaces
[11.203s] [35m[1mScanning dependencies of target dog_interfaces__py[0m
[11.218s] [ 74%] [34m[1mGenerating Python code for ROS interfaces[0m
[12.209s] [ 74%] Built target dog_interfaces__py
[12.222s] [35m[1mScanning dependencies of target dog_interfaces__python[0m
[12.246s] [ 77%] [32mBuilding C object CMakeFiles/dog_interfaces__python.dir/rosidl_generator_py/dog_interfaces/srv/_dog_s.c.o[0m
[12.365s] [ 80%] [32m[1mLinking C shared library rosidl_generator_py/dog_interfaces/libdog_interfaces__python.so[0m
[12.414s] [ 80%] Built target dog_interfaces__python
[12.426s] [35m[1mScanning dependencies of target dog_interfaces__rosidl_typesupport_introspection_c__pyext[0m
[12.427s] [35m[1mScanning dependencies of target dog_interfaces__rosidl_typesupport_fastrtps_c__pyext[0m
[12.427s] [35m[1mScanning dependencies of target dog_interfaces__rosidl_typesupport_c__pyext[0m
[12.444s] [ 83%] [32mBuilding C object CMakeFiles/dog_interfaces__rosidl_typesupport_introspection_c__pyext.dir/rosidl_generator_py/dog_interfaces/_dog_interfaces_s.ep.rosidl_typesupport_introspection_c.c.o[0m
[12.446s] [ 87%] [32mBuilding C object CMakeFiles/dog_interfaces__rosidl_typesupport_c__pyext.dir/rosidl_generator_py/dog_interfaces/_dog_interfaces_s.ep.rosidl_typesupport_c.c.o[0m
[12.447s] [ 90%] [32mBuilding C object CMakeFiles/dog_interfaces__rosidl_typesupport_fastrtps_c__pyext.dir/rosidl_generator_py/dog_interfaces/_dog_interfaces_s.ep.rosidl_typesupport_fastrtps_c.c.o[0m
[12.548s] [ 93%] [32m[1mLinking C shared library rosidl_generator_py/dog_interfaces/dog_interfaces_s__rosidl_typesupport_introspection_c.cpython-38-x86_64-linux-gnu.so[0m
[12.549s] [ 96%] [32m[1mLinking C shared library rosidl_generator_py/dog_interfaces/dog_interfaces_s__rosidl_typesupport_c.cpython-38-x86_64-linux-gnu.so[0m
[12.566s] [100%] [32m[1mLinking CXX shared library rosidl_generator_py/dog_interfaces/dog_interfaces_s__rosidl_typesupport_fastrtps_c.cpython-38-x86_64-linux-gnu.so[0m
[12.587s] [100%] Built target dog_interfaces__rosidl_typesupport_introspection_c__pyext
[12.587s] [100%] Built target dog_interfaces__rosidl_typesupport_c__pyext
[12.637s] [100%] Built target dog_interfaces__rosidl_typesupport_fastrtps_c__pyext
[12.645s] Invoked command in '/home/shunski/aki_ws/build/dog_interfaces' returned '0': CMAKE_PREFIX_PATH=${CMAKE_PREFIX_PATH}:/opt/ros/foxy:/home/shunski/ros2_foxy/install/ros2bag:/home/shunski/ros2_foxy/install/tracetools_launch:/home/shunski/ros2_foxy/install/topic_monitor:/home/shunski/ros2_foxy/install/examples_tf2_py:/home/shunski/ros2_foxy/install/sros2:/home/shunski/ros2_foxy/install/rqt_topic:/home/shunski/ros2_foxy/install/rqt_top:/home/shunski/ros2_foxy/install/rqt_srv:/home/shunski/ros2_foxy/install/rqt_shell:/home/shunski/ros2_foxy/install/rqt_service_caller:/home/shunski/ros2_foxy/install/rqt_reconfigure:/home/shunski/ros2_foxy/install/rqt_py_console:/home/shunski/ros2_foxy/install/rqt_publisher:/home/shunski/ros2_foxy/install/rqt_plot:/home/shunski/ros2_foxy/install/rqt_action:/home/shunski/ros2_foxy/install/rqt_msg:/home/shunski/ros2_foxy/install/rqt:/home/shunski/ros2_foxy/install/rqt_graph:/home/shunski/ros2_foxy/install/rqt_gui_py:/home/shunski/ros2_foxy/install/rqt_gui:/home/shunski/ros2_foxy/install/ros2trace:/home/shunski/ros2_foxy/install/ros2topic:/home/shunski/ros2_foxy/install/ros2test:/home/shunski/ros2_foxy/install/ros2component:/home/shunski/ros2_foxy/install/ros2param:/home/shunski/ros2_foxy/install/ros2lifecycle:/home/shunski/ros2_foxy/install/ros2service:/home/shunski/ros2_foxy/install/ros2run:/home/shunski/ros2_foxy/install/ros2launch:/home/shunski/ros2_foxy/install/ros2pkg:/home/shunski/ros2_foxy/install/ros2node:/home/shunski/ros2_foxy/install/ros2multicast:/home/shunski/ros2_foxy/install/ros2interface:/home/shunski/ros2_foxy/install/ros2doctor:/home/shunski/ros2_foxy/install/ros2action:/home/shunski/ros2_foxy/install/ros2cli:/home/shunski/ros2_foxy/install/quality_of_service_demo_py:/home/shunski/ros2_foxy/install/launch_testing_ros:/home/shunski/ros2_foxy/install/launch_ros:/home/shunski/ros2_foxy/install/examples_rclpy_minimal_subscriber:/home/shunski/ros2_foxy/install/examples_rclpy_minimal_service:/home/shunski/ros2_foxy/install/examples_rclpy_minimal_publisher:/home/shunski/ros2_foxy/install/examples_rclpy_minimal_client:/home/shunski/ros2_foxy/install/examples_rclpy_minimal_action_server:/home/shunski/ros2_foxy/install/examples_rclpy_minimal_action_client:/home/shunski/ros2_foxy/install/examples_rclpy_executors:/home/shunski/ros2_foxy/install/demo_nodes_py:/home/shunski/ros2_foxy/install/action_tutorials_py:/home/shunski/ros2_foxy/install/ament_uncrustify:/home/shunski/ros2_foxy/install/tracetools_trace:/home/shunski/ros2_foxy/install/tracetools_read:/home/shunski/ros2_foxy/install/test_launch_ros:/home/shunski/ros2_foxy/install/sensor_msgs_py:/home/shunski/ros2_foxy/install/rpyutils:/home/shunski/ros2_foxy/install/rosidl_runtime_py:/home/shunski/ros2_foxy/install/launch_yaml:/home/shunski/ros2_foxy/install/launch_xml:/home/shunski/ros2_foxy/install/launch_testing:/home/shunski/ros2_foxy/install/launch:/home/shunski/ros2_foxy/install/osrf_pycommon:/home/shunski/ros2_foxy/install/domain_coordinator:/home/shunski/ros2_foxy/install/ament_xmllint:/home/shunski/ros2_foxy/install/ament_pyflakes:/home/shunski/ros2_foxy/install/ament_pycodestyle:/home/shunski/ros2_foxy/install/ament_pep257:/home/shunski/ros2_foxy/install/ament_pclint:/home/shunski/ros2_foxy/install/ament_package:/home/shunski/ros2_foxy/install/ament_mypy:/home/shunski/ros2_foxy/install/ament_lint_cmake:/home/shunski/ros2_foxy/install/ament_flake8:/home/shunski/ros2_foxy/install/ament_copyright:/home/shunski/ros2_foxy/install/ament_lint:/home/shunski/ros2_foxy/install/ament_index_python:/home/shunski/ros2_foxy/install/ament_cpplint:/home/shunski/ros2_foxy/install/ament_cppcheck:/home/shunski/ros2_foxy/install/ament_clang_tidy:/home/shunski/ros2_foxy/install/ament_clang_format /home/shunski/bin/cmake --build /home/shunski/aki_ws/build/dog_interfaces -- -j8 -l8
[12.839s] Invoking command in '/home/shunski/aki_ws/build/dog_interfaces': CMAKE_PREFIX_PATH=${CMAKE_PREFIX_PATH}:/opt/ros/foxy:/home/shunski/ros2_foxy/install/ros2bag:/home/shunski/ros2_foxy/install/tracetools_launch:/home/shunski/ros2_foxy/install/topic_monitor:/home/shunski/ros2_foxy/install/examples_tf2_py:/home/shunski/ros2_foxy/install/sros2:/home/shunski/ros2_foxy/install/rqt_topic:/home/shunski/ros2_foxy/install/rqt_top:/home/shunski/ros2_foxy/install/rqt_srv:/home/shunski/ros2_foxy/install/rqt_shell:/home/shunski/ros2_foxy/install/rqt_service_caller:/home/shunski/ros2_foxy/install/rqt_reconfigure:/home/shunski/ros2_foxy/install/rqt_py_console:/home/shunski/ros2_foxy/install/rqt_publisher:/home/shunski/ros2_foxy/install/rqt_plot:/home/shunski/ros2_foxy/install/rqt_action:/home/shunski/ros2_foxy/install/rqt_msg:/home/shunski/ros2_foxy/install/rqt:/home/shunski/ros2_foxy/install/rqt_graph:/home/shunski/ros2_foxy/install/rqt_gui_py:/home/shunski/ros2_foxy/install/rqt_gui:/home/shunski/ros2_foxy/install/ros2trace:/home/shunski/ros2_foxy/install/ros2topic:/home/shunski/ros2_foxy/install/ros2test:/home/shunski/ros2_foxy/install/ros2component:/home/shunski/ros2_foxy/install/ros2param:/home/shunski/ros2_foxy/install/ros2lifecycle:/home/shunski/ros2_foxy/install/ros2service:/home/shunski/ros2_foxy/install/ros2run:/home/shunski/ros2_foxy/install/ros2launch:/home/shunski/ros2_foxy/install/ros2pkg:/home/shunski/ros2_foxy/install/ros2node:/home/shunski/ros2_foxy/install/ros2multicast:/home/shunski/ros2_foxy/install/ros2interface:/home/shunski/ros2_foxy/install/ros2doctor:/home/shunski/ros2_foxy/install/ros2action:/home/shunski/ros2_foxy/install/ros2cli:/home/shunski/ros2_foxy/install/quality_of_service_demo_py:/home/shunski/ros2_foxy/install/launch_testing_ros:/home/shunski/ros2_foxy/install/launch_ros:/home/shunski/ros2_foxy/install/examples_rclpy_minimal_subscriber:/home/shunski/ros2_foxy/install/examples_rclpy_minimal_service:/home/shunski/ros2_foxy/install/examples_rclpy_minimal_publisher:/home/shunski/ros2_foxy/install/examples_rclpy_minimal_client:/home/shunski/ros2_foxy/install/examples_rclpy_minimal_action_server:/home/shunski/ros2_foxy/install/examples_rclpy_minimal_action_client:/home/shunski/ros2_foxy/install/examples_rclpy_executors:/home/shunski/ros2_foxy/install/demo_nodes_py:/home/shunski/ros2_foxy/install/action_tutorials_py:/home/shunski/ros2_foxy/install/ament_uncrustify:/home/shunski/ros2_foxy/install/tracetools_trace:/home/shunski/ros2_foxy/install/tracetools_read:/home/shunski/ros2_foxy/install/test_launch_ros:/home/shunski/ros2_foxy/install/sensor_msgs_py:/home/shunski/ros2_foxy/install/rpyutils:/home/shunski/ros2_foxy/install/rosidl_runtime_py:/home/shunski/ros2_foxy/install/launch_yaml:/home/shunski/ros2_foxy/install/launch_xml:/home/shunski/ros2_foxy/install/launch_testing:/home/shunski/ros2_foxy/install/launch:/home/shunski/ros2_foxy/install/osrf_pycommon:/home/shunski/ros2_foxy/install/domain_coordinator:/home/shunski/ros2_foxy/install/ament_xmllint:/home/shunski/ros2_foxy/install/ament_pyflakes:/home/shunski/ros2_foxy/install/ament_pycodestyle:/home/shunski/ros2_foxy/install/ament_pep257:/home/shunski/ros2_foxy/install/ament_pclint:/home/shunski/ros2_foxy/install/ament_package:/home/shunski/ros2_foxy/install/ament_mypy:/home/shunski/ros2_foxy/install/ament_lint_cmake:/home/shunski/ros2_foxy/install/ament_flake8:/home/shunski/ros2_foxy/install/ament_copyright:/home/shunski/ros2_foxy/install/ament_lint:/home/shunski/ros2_foxy/install/ament_index_python:/home/shunski/ros2_foxy/install/ament_cpplint:/home/shunski/ros2_foxy/install/ament_cppcheck:/home/shunski/ros2_foxy/install/ament_clang_tidy:/home/shunski/ros2_foxy/install/ament_clang_format /home/shunski/bin/cmake --install /home/shunski/aki_ws/build/dog_interfaces
[12.844s] -- Install configuration: ""
[12.845s] -- Installing: /home/shunski/aki_ws/install/dog_interfaces/share/ament_index/resource_index/rosidl_interfaces/dog_interfaces
[12.845s] -- Installing: /home/shunski/aki_ws/install/dog_interfaces/include/dog_interfaces
[12.845s] -- Installing: /home/shunski/aki_ws/install/dog_interfaces/include/dog_interfaces/srv
[12.845s] -- Installing: /home/shunski/aki_ws/install/dog_interfaces/include/dog_interfaces/srv/dog.h
[12.845s] -- Installing: /home/shunski/aki_ws/install/dog_interfaces/include/dog_interfaces/srv/detail
[12.845s] -- Installing: /home/shunski/aki_ws/install/dog_interfaces/include/dog_interfaces/srv/detail/dog__struct.h
[12.845s] -- Installing: /home/shunski/aki_ws/install/dog_interfaces/include/dog_interfaces/srv/detail/dog__type_support.h
[12.846s] -- Installing: /home/shunski/aki_ws/install/dog_interfaces/include/dog_interfaces/srv/detail/dog__functions.c
[12.846s] -- Installing: /home/shunski/aki_ws/install/dog_interfaces/include/dog_interfaces/srv/detail/dog__functions.h
[12.846s] -- Installing: /home/shunski/aki_ws/install/dog_interfaces/include/dog_interfaces/msg
[12.846s] -- Installing: /home/shunski/aki_ws/install/dog_interfaces/include/dog_interfaces/msg/rosidl_generator_c__visibility_control.h
[12.846s] -- Installing: /home/shunski/aki_ws/install/dog_interfaces/share/dog_interfaces/environment/library_path.sh
[12.846s] -- Installing: /home/shunski/aki_ws/install/dog_interfaces/share/dog_interfaces/environment/library_path.dsv
[12.846s] -- Installing: /home/shunski/aki_ws/install/dog_interfaces/lib/libdog_interfaces__rosidl_generator_c.so
[12.846s] -- Set runtime path of "/home/shunski/aki_ws/install/dog_interfaces/lib/libdog_interfaces__rosidl_generator_c.so" to ""
[12.846s] -- Up-to-date: /home/shunski/aki_ws/install/dog_interfaces/include/dog_interfaces
[12.846s] -- Up-to-date: /home/shunski/aki_ws/install/dog_interfaces/include/dog_interfaces/srv
[12.847s] -- Up-to-date: /home/shunski/aki_ws/install/dog_interfaces/include/dog_interfaces/srv/detail
[12.847s] -- Installing: /home/shunski/aki_ws/install/dog_interfaces/include/dog_interfaces/srv/detail/dog__type_support.c
[12.847s] -- Installing: /home/shunski/aki_ws/install/dog_interfaces/include/dog_interfaces/srv/detail/dog__rosidl_typesupport_introspection_c.h
[12.847s] -- Up-to-date: /home/shunski/aki_ws/install/dog_interfaces/include/dog_interfaces/msg
[12.847s] -- Installing: /home/shunski/aki_ws/install/dog_interfaces/include/dog_interfaces/msg/rosidl_typesupport_introspection_c__visibility_control.h
[12.847s] -- Installing: /home/shunski/aki_ws/install/dog_interfaces/lib/libdog_interfaces__rosidl_typesupport_introspection_c.so
[12.847s] -- Set runtime path of "/home/shunski/aki_ws/install/dog_interfaces/lib/libdog_interfaces__rosidl_typesupport_introspection_c.so" to ""
[12.847s] -- Up-to-date: /home/shunski/aki_ws/install/dog_interfaces/include/dog_interfaces
[12.847s] -- Up-to-date: /home/shunski/aki_ws/install/dog_interfaces/include/dog_interfaces/srv
[12.848s] -- Up-to-date: /home/shunski/aki_ws/install/dog_interfaces/include/dog_interfaces/srv/detail
[12.848s] -- Installing: /home/shunski/aki_ws/install/dog_interfaces/include/dog_interfaces/srv/detail/dog__rosidl_typesupport_fastrtps_c.h
[12.848s] -- Up-to-date: /home/shunski/aki_ws/install/dog_interfaces/include/dog_interfaces/msg
[12.848s] -- Installing: /home/shunski/aki_ws/install/dog_interfaces/include/dog_interfaces/msg/rosidl_typesupport_fastrtps_c__visibility_control.h
[12.848s] -- Installing: /home/shunski/aki_ws/install/dog_interfaces/lib/libdog_interfaces__rosidl_typesupport_fastrtps_c.so
[12.848s] -- Set runtime path of "/home/shunski/aki_ws/install/dog_interfaces/lib/libdog_interfaces__rosidl_typesupport_fastrtps_c.so" to ""
[12.848s] -- Up-to-date: /home/shunski/aki_ws/install/dog_interfaces/include/dog_interfaces
[12.848s] -- Up-to-date: /home/shunski/aki_ws/install/dog_interfaces/include/dog_interfaces/srv
[12.848s] -- Up-to-date: /home/shunski/aki_ws/install/dog_interfaces/include/dog_interfaces/srv/detail
[12.848s] -- Installing: /home/shunski/aki_ws/install/dog_interfaces/include/dog_interfaces/srv/detail/dds_fastrtps
[12.849s] -- Installing: /home/shunski/aki_ws/install/dog_interfaces/include/dog_interfaces/srv/detail/dog__rosidl_typesupport_fastrtps_cpp.hpp
[12.849s] -- Up-to-date: /home/shunski/aki_ws/install/dog_interfaces/include/dog_interfaces/msg
[12.849s] -- Installing: /home/shunski/aki_ws/install/dog_interfaces/include/dog_interfaces/msg/rosidl_typesupport_fastrtps_cpp__visibility_control.h
[12.849s] -- Installing: /home/shunski/aki_ws/install/dog_interfaces/lib/libdog_interfaces__rosidl_typesupport_fastrtps_cpp.so
[12.849s] -- Set runtime path of "/home/shunski/aki_ws/install/dog_interfaces/lib/libdog_interfaces__rosidl_typesupport_fastrtps_cpp.so" to ""
[12.849s] -- Installing: /home/shunski/aki_ws/install/dog_interfaces/lib/libdog_interfaces__rosidl_typesupport_c.so
[12.849s] -- Set runtime path of "/home/shunski/aki_ws/install/dog_interfaces/lib/libdog_interfaces__rosidl_typesupport_c.so" to ""
[12.849s] -- Up-to-date: /home/shunski/aki_ws/install/dog_interfaces/include/dog_interfaces
[12.850s] -- Up-to-date: /home/shunski/aki_ws/install/dog_interfaces/include/dog_interfaces/srv
[12.850s] -- Installing: /home/shunski/aki_ws/install/dog_interfaces/include/dog_interfaces/srv/dog.hpp
[12.850s] -- Up-to-date: /home/shunski/aki_ws/install/dog_interfaces/include/dog_interfaces/srv/detail
[12.850s] -- Installing: /home/shunski/aki_ws/install/dog_interfaces/include/dog_interfaces/srv/detail/dog__struct.hpp
[12.850s] -- Installing: /home/shunski/aki_ws/install/dog_interfaces/include/dog_interfaces/srv/detail/dog__builder.hpp
[12.850s] -- Installing: /home/shunski/aki_ws/install/dog_interfaces/include/dog_interfaces/srv/detail/dog__traits.hpp
[12.850s] -- Up-to-date: /home/shunski/aki_ws/install/dog_interfaces/include/dog_interfaces
[12.850s] -- Up-to-date: /home/shunski/aki_ws/install/dog_interfaces/include/dog_interfaces/srv
[12.850s] -- Up-to-date: /home/shunski/aki_ws/install/dog_interfaces/include/dog_interfaces/srv/detail
[12.850s] -- Installing: /home/shunski/aki_ws/install/dog_interfaces/include/dog_interfaces/srv/detail/dog__rosidl_typesupport_introspection_cpp.hpp
[12.850s] -- Installing: /home/shunski/aki_ws/install/dog_interfaces/include/dog_interfaces/srv/detail/dog__type_support.cpp
[12.851s] -- Installing: /home/shunski/aki_ws/install/dog_interfaces/lib/libdog_interfaces__rosidl_typesupport_introspection_cpp.so
[12.851s] -- Set runtime path of "/home/shunski/aki_ws/install/dog_interfaces/lib/libdog_interfaces__rosidl_typesupport_introspection_cpp.so" to ""
[12.851s] -- Installing: /home/shunski/aki_ws/install/dog_interfaces/lib/libdog_interfaces__rosidl_typesupport_cpp.so
[12.851s] -- Set runtime path of "/home/shunski/aki_ws/install/dog_interfaces/lib/libdog_interfaces__rosidl_typesupport_cpp.so" to ""
[12.851s] -- Installing: /home/shunski/aki_ws/install/dog_interfaces/share/dog_interfaces/environment/pythonpath.sh
[12.851s] -- Installing: /home/shunski/aki_ws/install/dog_interfaces/share/dog_interfaces/environment/pythonpath.dsv
[12.851s] -- Installing: /home/shunski/aki_ws/install/dog_interfaces/lib/python3.8/site-packages/dog_interfaces/__init__.py
[13.284s] Compiling '/home/shunski/aki_ws/install/dog_interfaces/lib/python3.8/site-packages/dog_interfaces/__init__.py'...
[13.289s] -- Installing: /home/shunski/aki_ws/install/dog_interfaces/lib/python3.8/site-packages/dog_interfaces/srv
[13.289s] -- Installing: /home/shunski/aki_ws/install/dog_interfaces/lib/python3.8/site-packages/dog_interfaces/srv/_dog.py
[13.289s] -- Installing: /home/shunski/aki_ws/install/dog_interfaces/lib/python3.8/site-packages/dog_interfaces/srv/_dog_s.c
[13.289s] -- Installing: /home/shunski/aki_ws/install/dog_interfaces/lib/python3.8/site-packages/dog_interfaces/srv/__init__.py
[13.289s] -- Installing: /home/shunski/aki_ws/install/dog_interfaces/lib/python3.8/site-packages/dog_interfaces/dog_interfaces_s__rosidl_typesupport_introspection_c.cpython-38-x86_64-linux-gnu.so
[13.289s] -- Set runtime path of "/home/shunski/aki_ws/install/dog_interfaces/lib/python3.8/site-packages/dog_interfaces/dog_interfaces_s__rosidl_typesupport_introspection_c.cpython-38-x86_64-linux-gnu.so" to ""
[13.290s] -- Installing: /home/shunski/aki_ws/install/dog_interfaces/lib/python3.8/site-packages/dog_interfaces/dog_interfaces_s__rosidl_typesupport_fastrtps_c.cpython-38-x86_64-linux-gnu.so
[13.290s] -- Set runtime path of "/home/shunski/aki_ws/install/dog_interfaces/lib/python3.8/site-packages/dog_interfaces/dog_interfaces_s__rosidl_typesupport_fastrtps_c.cpython-38-x86_64-linux-gnu.so" to ""
[13.290s] -- Installing: /home/shunski/aki_ws/install/dog_interfaces/lib/python3.8/site-packages/dog_interfaces/dog_interfaces_s__rosidl_typesupport_c.cpython-38-x86_64-linux-gnu.so
[13.290s] -- Set runtime path of "/home/shunski/aki_ws/install/dog_interfaces/lib/python3.8/site-packages/dog_interfaces/dog_interfaces_s__rosidl_typesupport_c.cpython-38-x86_64-linux-gnu.so" to ""
[13.290s] -- Installing: /home/shunski/aki_ws/install/dog_interfaces/lib/libdog_interfaces__python.so
[13.291s] -- Set runtime path of "/home/shunski/aki_ws/install/dog_interfaces/lib/libdog_interfaces__python.so" to ""
[13.291s] -- Installing: /home/shunski/aki_ws/install/dog_interfaces/share/dog_interfaces/srv/Dog.idl
[13.291s] -- Installing: /home/shunski/aki_ws/install/dog_interfaces/share/dog_interfaces/srv/Dog.srv
[13.291s] -- Installing: /home/shunski/aki_ws/install/dog_interfaces/share/dog_interfaces/srv/Dog_Request.msg
[13.291s] -- Installing: /home/shunski/aki_ws/install/dog_interfaces/share/dog_interfaces/srv/Dog_Response.msg
[13.291s] -- Installing: /home/shunski/aki_ws/install/dog_interfaces/share/ament_index/resource_index/package_run_dependencies/dog_interfaces
[13.291s] -- Installing: /home/shunski/aki_ws/install/dog_interfaces/share/ament_index/resource_index/parent_prefix_path/dog_interfaces
[13.291s] -- Installing: /home/shunski/aki_ws/install/dog_interfaces/share/dog_interfaces/environment/ament_prefix_path.sh
[13.291s] -- Installing: /home/shunski/aki_ws/install/dog_interfaces/share/dog_interfaces/environment/ament_prefix_path.dsv
[13.292s] -- Installing: /home/shunski/aki_ws/install/dog_interfaces/share/dog_interfaces/environment/path.sh
[13.292s] -- Installing: /home/shunski/aki_ws/install/dog_interfaces/share/dog_interfaces/environment/path.dsv
[13.292s] -- Installing: /home/shunski/aki_ws/install/dog_interfaces/share/dog_interfaces/local_setup.bash
[13.292s] -- Installing: /home/shunski/aki_ws/install/dog_interfaces/share/dog_interfaces/local_setup.sh
[13.292s] -- Installing: /home/shunski/aki_ws/install/dog_interfaces/share/dog_interfaces/local_setup.zsh
[13.292s] -- Installing: /home/shunski/aki_ws/install/dog_interfaces/share/dog_interfaces/local_setup.dsv
[13.292s] -- Installing: /home/shunski/aki_ws/install/dog_interfaces/share/dog_interfaces/package.dsv
[13.292s] -- Installing: /home/shunski/aki_ws/install/dog_interfaces/share/ament_index/resource_index/packages/dog_interfaces
[13.292s] -- Installing: /home/shunski/aki_ws/install/dog_interfaces/share/dog_interfaces/cmake/dog_interfaces__rosidl_generator_cExport.cmake
[13.292s] -- Installing: /home/shunski/aki_ws/install/dog_interfaces/share/dog_interfaces/cmake/dog_interfaces__rosidl_generator_cExport-noconfig.cmake
[13.293s] -- Installing: /home/shunski/aki_ws/install/dog_interfaces/share/dog_interfaces/cmake/dog_interfaces__rosidl_typesupport_introspection_cExport.cmake
[13.293s] -- Installing: /home/shunski/aki_ws/install/dog_interfaces/share/dog_interfaces/cmake/dog_interfaces__rosidl_typesupport_introspection_cExport-noconfig.cmake
[13.293s] -- Installing: /home/shunski/aki_ws/install/dog_interfaces/share/dog_interfaces/cmake/dog_interfaces__rosidl_typesupport_cExport.cmake
[13.293s] -- Installing: /home/shunski/aki_ws/install/dog_interfaces/share/dog_interfaces/cmake/dog_interfaces__rosidl_typesupport_cExport-noconfig.cmake
[13.293s] -- Installing: /home/shunski/aki_ws/install/dog_interfaces/share/dog_interfaces/cmake/dog_interfaces__rosidl_generator_cppExport.cmake
[13.293s] -- Installing: /home/shunski/aki_ws/install/dog_interfaces/share/dog_interfaces/cmake/dog_interfaces__rosidl_typesupport_introspection_cppExport.cmake
[13.293s] -- Installing: /home/shunski/aki_ws/install/dog_interfaces/share/dog_interfaces/cmake/dog_interfaces__rosidl_typesupport_introspection_cppExport-noconfig.cmake
[13.293s] -- Installing: /home/shunski/aki_ws/install/dog_interfaces/share/dog_interfaces/cmake/dog_interfaces__rosidl_typesupport_cppExport.cmake
[13.294s] -- Installing: /home/shunski/aki_ws/install/dog_interfaces/share/dog_interfaces/cmake/dog_interfaces__rosidl_typesupport_cppExport-noconfig.cmake
[13.294s] -- Installing: /home/shunski/aki_ws/install/dog_interfaces/share/dog_interfaces/cmake/rosidl_cmake-extras.cmake
[13.294s] -- Installing: /home/shunski/aki_ws/install/dog_interfaces/share/dog_interfaces/cmake/ament_cmake_export_dependencies-extras.cmake
[13.294s] -- Installing: /home/shunski/aki_ws/install/dog_interfaces/share/dog_interfaces/cmake/ament_cmake_export_libraries-extras.cmake
[13.294s] -- Installing: /home/shunski/aki_ws/install/dog_interfaces/share/dog_interfaces/cmake/ament_cmake_export_targets-extras.cmake
[13.294s] -- Installing: /home/shunski/aki_ws/install/dog_interfaces/share/dog_interfaces/cmake/ament_cmake_export_include_directories-extras.cmake
[13.294s] -- Installing: /home/shunski/aki_ws/install/dog_interfaces/share/dog_interfaces/cmake/rosidl_cmake_export_typesupport_targets-extras.cmake
[13.294s] -- Installing: /home/shunski/aki_ws/install/dog_interfaces/share/dog_interfaces/cmake/rosidl_cmake_export_typesupport_libraries-extras.cmake
[13.294s] -- Installing: /home/shunski/aki_ws/install/dog_interfaces/share/dog_interfaces/cmake/dog_interfacesConfig.cmake
[13.294s] -- Installing: /home/shunski/aki_ws/install/dog_interfaces/share/dog_interfaces/cmake/dog_interfacesConfig-version.cmake
[13.295s] -- Installing: /home/shunski/aki_ws/install/dog_interfaces/share/dog_interfaces/package.xml
[13.297s] Invoked command in '/home/shunski/aki_ws/build/dog_interfaces' returned '0': CMAKE_PREFIX_PATH=${CMAKE_PREFIX_PATH}:/opt/ros/foxy:/home/shunski/ros2_foxy/install/ros2bag:/home/shunski/ros2_foxy/install/tracetools_launch:/home/shunski/ros2_foxy/install/topic_monitor:/home/shunski/ros2_foxy/install/examples_tf2_py:/home/shunski/ros2_foxy/install/sros2:/home/shunski/ros2_foxy/install/rqt_topic:/home/shunski/ros2_foxy/install/rqt_top:/home/shunski/ros2_foxy/install/rqt_srv:/home/shunski/ros2_foxy/install/rqt_shell:/home/shunski/ros2_foxy/install/rqt_service_caller:/home/shunski/ros2_foxy/install/rqt_reconfigure:/home/shunski/ros2_foxy/install/rqt_py_console:/home/shunski/ros2_foxy/install/rqt_publisher:/home/shunski/ros2_foxy/install/rqt_plot:/home/shunski/ros2_foxy/install/rqt_action:/home/shunski/ros2_foxy/install/rqt_msg:/home/shunski/ros2_foxy/install/rqt:/home/shunski/ros2_foxy/install/rqt_graph:/home/shunski/ros2_foxy/install/rqt_gui_py:/home/shunski/ros2_foxy/install/rqt_gui:/home/shunski/ros2_foxy/install/ros2trace:/home/shunski/ros2_foxy/install/ros2topic:/home/shunski/ros2_foxy/install/ros2test:/home/shunski/ros2_foxy/install/ros2component:/home/shunski/ros2_foxy/install/ros2param:/home/shunski/ros2_foxy/install/ros2lifecycle:/home/shunski/ros2_foxy/install/ros2service:/home/shunski/ros2_foxy/install/ros2run:/home/shunski/ros2_foxy/install/ros2launch:/home/shunski/ros2_foxy/install/ros2pkg:/home/shunski/ros2_foxy/install/ros2node:/home/shunski/ros2_foxy/install/ros2multicast:/home/shunski/ros2_foxy/install/ros2interface:/home/shunski/ros2_foxy/install/ros2doctor:/home/shunski/ros2_foxy/install/ros2action:/home/shunski/ros2_foxy/install/ros2cli:/home/shunski/ros2_foxy/install/quality_of_service_demo_py:/home/shunski/ros2_foxy/install/launch_testing_ros:/home/shunski/ros2_foxy/install/launch_ros:/home/shunski/ros2_foxy/install/examples_rclpy_minimal_subscriber:/home/shunski/ros2_foxy/install/examples_rclpy_minimal_service:/home/shunski/ros2_foxy/install/examples_rclpy_minimal_publisher:/home/shunski/ros2_foxy/install/examples_rclpy_minimal_client:/home/shunski/ros2_foxy/install/examples_rclpy_minimal_action_server:/home/shunski/ros2_foxy/install/examples_rclpy_minimal_action_client:/home/shunski/ros2_foxy/install/examples_rclpy_executors:/home/shunski/ros2_foxy/install/demo_nodes_py:/home/shunski/ros2_foxy/install/action_tutorials_py:/home/shunski/ros2_foxy/install/ament_uncrustify:/home/shunski/ros2_foxy/install/tracetools_trace:/home/shunski/ros2_foxy/install/tracetools_read:/home/shunski/ros2_foxy/install/test_launch_ros:/home/shunski/ros2_foxy/install/sensor_msgs_py:/home/shunski/ros2_foxy/install/rpyutils:/home/shunski/ros2_foxy/install/rosidl_runtime_py:/home/shunski/ros2_foxy/install/launch_yaml:/home/shunski/ros2_foxy/install/launch_xml:/home/shunski/ros2_foxy/install/launch_testing:/home/shunski/ros2_foxy/install/launch:/home/shunski/ros2_foxy/install/osrf_pycommon:/home/shunski/ros2_foxy/install/domain_coordinator:/home/shunski/ros2_foxy/install/ament_xmllint:/home/shunski/ros2_foxy/install/ament_pyflakes:/home/shunski/ros2_foxy/install/ament_pycodestyle:/home/shunski/ros2_foxy/install/ament_pep257:/home/shunski/ros2_foxy/install/ament_pclint:/home/shunski/ros2_foxy/install/ament_package:/home/shunski/ros2_foxy/install/ament_mypy:/home/shunski/ros2_foxy/install/ament_lint_cmake:/home/shunski/ros2_foxy/install/ament_flake8:/home/shunski/ros2_foxy/install/ament_copyright:/home/shunski/ros2_foxy/install/ament_lint:/home/shunski/ros2_foxy/install/ament_index_python:/home/shunski/ros2_foxy/install/ament_cpplint:/home/shunski/ros2_foxy/install/ament_cppcheck:/home/shunski/ros2_foxy/install/ament_clang_tidy:/home/shunski/ros2_foxy/install/ament_clang_format /home/shunski/bin/cmake --install /home/shunski/aki_ws/build/dog_interfaces
