-- Found ament_cmake: 0.9.8 (/home/shunski/ros2_foxy/install/ament_cmake/share/ament_cmake/cmake)
-- Found PythonInterp: /usr/bin/python3 (found suitable version "3.8.5", minimum required is "3") 
-- Using PYTHON_EXECUTABLE: /usr/bin/python3
-- Found rosidl_default_generators: 1.0.1 (/home/shunski/ros2_foxy/install/rosidl_default_generators/share/rosidl_default_generators/cmake)
-- Using all available rosidl_typesupport_c: rosidl_typesupport_introspection_c;rosidl_typesupport_fastrtps_c
-- Found rosidl_adapter: 1.2.1 (/home/shunski/ros2_foxy/install/rosidl_adapter/share/rosidl_adapter/cmake)
-- Using all available rosidl_typesupport_cpp: rosidl_typesupport_introspection_cpp;rosidl_typesupport_fastrtps_cpp
-- Found PythonInterp: /usr/bin/python3 (found version "3.8.5") 
-- Found ament_cmake_ros: 0.9.2 (/home/shunski/ros2_foxy/install/ament_cmake_ros/share/ament_cmake_ros/cmake)
-- Using all available rosidl_typesupport_c: rosidl_typesupport_introspection_c;rosidl_typesupport_fastrtps_c
-- Using all available rosidl_typesupport_cpp: rosidl_typesupport_introspection_cpp;rosidl_typesupport_fastrtps_cpp
-- Found PythonInterp: /usr/bin/python3 (found suitable version "3.8.5", minimum required is "3.5") 
-- Found python_cmake_module: 0.8.1 (/home/shunski/ros2_foxy/install/python_cmake_module/share/python_cmake_module/cmake)
-- Found PythonLibs: /usr/lib/x86_64-linux-gnu/libpython3.8.so (found suitable version "3.8.5", minimum required is "3.5") 
-- Using PYTHON_EXECUTABLE: /usr/bin/python3
-- Using PYTHON_INCLUDE_DIRS: /usr/include/python3.8
-- Using PYTHON_LIBRARIES: /usr/lib/x86_64-linux-gnu/libpython3.8.so
-- Found PythonExtra: .so  
-- Found ament_lint_auto: 0.9.6 (/home/shunski/ros2_foxy/install/ament_lint_auto/share/ament_lint_auto/cmake)
-- Added test 'copyright' to check source files copyright and LICENSE
-- Added test 'lint_cmake' to check CMake code style
-- Added test 'xmllint' to check XML markup files
-- Configuring done
-- Generating done
-- Build files have been written to: /home/shunski/aki_ws/build/dog_srv
[  3%] [34m[1mGenerating C code for ROS interfaces[0m
[35m[1mScanning dependencies of target dog_srv__cpp[0m
[  6%] [34m[1mGenerating C++ code for ROS interfaces[0m
[  6%] Built target dog_srv__cpp
[35m[1mScanning dependencies of target dog_srv__rosidl_generator_c[0m
[  9%] [34m[1mGenerating C++ type support dispatch for ROS interfaces[0m
[ 12%] [34m[1mGenerating C++ introspection for ROS interfaces[0m
[ 16%] [34m[1mGenerating C++ type support for eProsima Fast-RTPS[0m
[ 19%] [32mBuilding C object CMakeFiles/dog_srv__rosidl_generator_c.dir/rosidl_generator_c/dog_srv/srv/detail/dog__functions.c.o[0m
[ 22%] [32m[1mLinking C shared library libdog_srv__rosidl_generator_c.so[0m
[ 22%] Built target dog_srv__rosidl_generator_c
[ 25%] [34m[1mGenerating C introspection for ROS interfaces[0m
[ 29%] [34m[1mGenerating C type support dispatch for ROS interfaces[0m
[35m[1mScanning dependencies of target dog_srv__rosidl_typesupport_fastrtps_cpp[0m
[35m[1mScanning dependencies of target dog_srv__rosidl_typesupport_introspection_cpp[0m
[ 32%] [32mBuilding CXX object CMakeFiles/dog_srv__rosidl_typesupport_fastrtps_cpp.dir/rosidl_typesupport_fastrtps_cpp/dog_srv/srv/detail/dds_fastrtps/dog__type_support.cpp.o[0m
[ 35%] [32mBuilding CXX object CMakeFiles/dog_srv__rosidl_typesupport_introspection_cpp.dir/rosidl_typesupport_introspection_cpp/dog_srv/srv/detail/dog__type_support.cpp.o[0m
[35m[1mScanning dependencies of target dog_srv__rosidl_typesupport_c[0m
[ 38%] [32mBuilding CXX object CMakeFiles/dog_srv__rosidl_typesupport_c.dir/rosidl_typesupport_c/dog_srv/srv/dog__type_support.cpp.o[0m
[ 41%] [32m[1mLinking CXX shared library libdog_srv__rosidl_typesupport_c.so[0m
[ 41%] Built target dog_srv__rosidl_typesupport_c
[ 45%] [32m[1mLinking CXX shared library libdog_srv__rosidl_typesupport_introspection_cpp.so[0m
[ 45%] Built target dog_srv__rosidl_typesupport_introspection_cpp
[35m[1mScanning dependencies of target dog_srv__rosidl_typesupport_cpp[0m
[ 48%] [32mBuilding CXX object CMakeFiles/dog_srv__rosidl_typesupport_cpp.dir/rosidl_typesupport_cpp/dog_srv/srv/dog__type_support.cpp.o[0m
[ 51%] [32m[1mLinking CXX shared library libdog_srv__rosidl_typesupport_fastrtps_cpp.so[0m
[35m[1mScanning dependencies of target dog_srv__rosidl_typesupport_introspection_c[0m
[ 51%] Built target dog_srv__rosidl_typesupport_fastrtps_cpp
[ 54%] [32mBuilding C object CMakeFiles/dog_srv__rosidl_typesupport_introspection_c.dir/rosidl_typesupport_introspection_c/dog_srv/srv/detail/dog__type_support.c.o[0m
[ 58%] [34m[1mGenerating C type support for eProsima Fast-RTPS[0m
[ 61%] [32m[1mLinking C shared library libdog_srv__rosidl_typesupport_introspection_c.so[0m
[ 61%] Built target dog_srv__rosidl_typesupport_introspection_c
[ 64%] [32m[1mLinking CXX shared library libdog_srv__rosidl_typesupport_cpp.so[0m
[ 64%] Built target dog_srv__rosidl_typesupport_cpp
[35m[1mScanning dependencies of target dog_srv__rosidl_typesupport_fastrtps_c[0m
[ 67%] [32mBuilding CXX object CMakeFiles/dog_srv__rosidl_typesupport_fastrtps_c.dir/rosidl_typesupport_fastrtps_c/dog_srv/srv/detail/dog__type_support_c.cpp.o[0m
[ 70%] [32m[1mLinking CXX shared library libdog_srv__rosidl_typesupport_fastrtps_c.so[0m
[ 70%] Built target dog_srv__rosidl_typesupport_fastrtps_c
[35m[1mScanning dependencies of target dog_srv[0m
[ 70%] Built target dog_srv
[35m[1mScanning dependencies of target dog_srv__py[0m
[ 74%] [34m[1mGenerating Python code for ROS interfaces[0m
[ 74%] Built target dog_srv__py
[35m[1mScanning dependencies of target dog_srv__python[0m
[ 77%] [32mBuilding C object CMakeFiles/dog_srv__python.dir/rosidl_generator_py/dog_srv/srv/_dog_s.c.o[0m
[ 80%] [32m[1mLinking C shared library rosidl_generator_py/dog_srv/libdog_srv__python.so[0m
[ 80%] Built target dog_srv__python
[35m[1mScanning dependencies of target dog_srv__rosidl_typesupport_c__pyext[0m
[35m[1mScanning dependencies of target dog_srv__rosidl_typesupport_introspection_c__pyext[0m
[35m[1mScanning dependencies of target dog_srv__rosidl_typesupport_fastrtps_c__pyext[0m
[ 87%] [32mBuilding C object CMakeFiles/dog_srv__rosidl_typesupport_c__pyext.dir/rosidl_generator_py/dog_srv/_dog_srv_s.ep.rosidl_typesupport_c.c.o[0m
[ 87%] [32mBuilding C object CMakeFiles/dog_srv__rosidl_typesupport_introspection_c__pyext.dir/rosidl_generator_py/dog_srv/_dog_srv_s.ep.rosidl_typesupport_introspection_c.c.o[0m
[ 90%] [32mBuilding C object CMakeFiles/dog_srv__rosidl_typesupport_fastrtps_c__pyext.dir/rosidl_generator_py/dog_srv/_dog_srv_s.ep.rosidl_typesupport_fastrtps_c.c.o[0m
[ 93%] [32m[1mLinking C shared library rosidl_generator_py/dog_srv/dog_srv_s__rosidl_typesupport_c.cpython-38-x86_64-linux-gnu.so[0m
[ 96%] [32m[1mLinking C shared library rosidl_generator_py/dog_srv/dog_srv_s__rosidl_typesupport_introspection_c.cpython-38-x86_64-linux-gnu.so[0m
[100%] [32m[1mLinking CXX shared library rosidl_generator_py/dog_srv/dog_srv_s__rosidl_typesupport_fastrtps_c.cpython-38-x86_64-linux-gnu.so[0m
[100%] Built target dog_srv__rosidl_typesupport_introspection_c__pyext
[100%] Built target dog_srv__rosidl_typesupport_c__pyext
[100%] Built target dog_srv__rosidl_typesupport_fastrtps_c__pyext
-- Install configuration: ""
-- Installing: /home/shunski/aki_ws/install/dog_srv/share/ament_index/resource_index/rosidl_interfaces/dog_srv
-- Installing: /home/shunski/aki_ws/install/dog_srv/include/dog_srv
-- Installing: /home/shunski/aki_ws/install/dog_srv/include/dog_srv/srv
-- Installing: /home/shunski/aki_ws/install/dog_srv/include/dog_srv/srv/dog.h
-- Installing: /home/shunski/aki_ws/install/dog_srv/include/dog_srv/srv/detail
-- Installing: /home/shunski/aki_ws/install/dog_srv/include/dog_srv/srv/detail/dog__struct.h
-- Installing: /home/shunski/aki_ws/install/dog_srv/include/dog_srv/srv/detail/dog__type_support.h
-- Installing: /home/shunski/aki_ws/install/dog_srv/include/dog_srv/srv/detail/dog__functions.c
-- Installing: /home/shunski/aki_ws/install/dog_srv/include/dog_srv/srv/detail/dog__functions.h
-- Installing: /home/shunski/aki_ws/install/dog_srv/include/dog_srv/msg
-- Installing: /home/shunski/aki_ws/install/dog_srv/include/dog_srv/msg/rosidl_generator_c__visibility_control.h
-- Installing: /home/shunski/aki_ws/install/dog_srv/share/dog_srv/environment/library_path.sh
-- Installing: /home/shunski/aki_ws/install/dog_srv/share/dog_srv/environment/library_path.dsv
-- Installing: /home/shunski/aki_ws/install/dog_srv/lib/libdog_srv__rosidl_generator_c.so
-- Set runtime path of "/home/shunski/aki_ws/install/dog_srv/lib/libdog_srv__rosidl_generator_c.so" to ""
-- Up-to-date: /home/shunski/aki_ws/install/dog_srv/include/dog_srv
-- Up-to-date: /home/shunski/aki_ws/install/dog_srv/include/dog_srv/srv
-- Up-to-date: /home/shunski/aki_ws/install/dog_srv/include/dog_srv/srv/detail
-- Installing: /home/shunski/aki_ws/install/dog_srv/include/dog_srv/srv/detail/dog__type_support.c
-- Installing: /home/shunski/aki_ws/install/dog_srv/include/dog_srv/srv/detail/dog__rosidl_typesupport_introspection_c.h
-- Up-to-date: /home/shunski/aki_ws/install/dog_srv/include/dog_srv/msg
-- Installing: /home/shunski/aki_ws/install/dog_srv/include/dog_srv/msg/rosidl_typesupport_introspection_c__visibility_control.h
-- Installing: /home/shunski/aki_ws/install/dog_srv/lib/libdog_srv__rosidl_typesupport_introspection_c.so
-- Set runtime path of "/home/shunski/aki_ws/install/dog_srv/lib/libdog_srv__rosidl_typesupport_introspection_c.so" to ""
-- Up-to-date: /home/shunski/aki_ws/install/dog_srv/include/dog_srv
-- Up-to-date: /home/shunski/aki_ws/install/dog_srv/include/dog_srv/srv
-- Up-to-date: /home/shunski/aki_ws/install/dog_srv/include/dog_srv/srv/detail
-- Installing: /home/shunski/aki_ws/install/dog_srv/include/dog_srv/srv/detail/dog__rosidl_typesupport_fastrtps_c.h
-- Up-to-date: /home/shunski/aki_ws/install/dog_srv/include/dog_srv/msg
-- Installing: /home/shunski/aki_ws/install/dog_srv/include/dog_srv/msg/rosidl_typesupport_fastrtps_c__visibility_control.h
-- Installing: /home/shunski/aki_ws/install/dog_srv/lib/libdog_srv__rosidl_typesupport_fastrtps_c.so
-- Set runtime path of "/home/shunski/aki_ws/install/dog_srv/lib/libdog_srv__rosidl_typesupport_fastrtps_c.so" to ""
-- Up-to-date: /home/shunski/aki_ws/install/dog_srv/include/dog_srv
-- Up-to-date: /home/shunski/aki_ws/install/dog_srv/include/dog_srv/srv
-- Up-to-date: /home/shunski/aki_ws/install/dog_srv/include/dog_srv/srv/detail
-- Installing: /home/shunski/aki_ws/install/dog_srv/include/dog_srv/srv/detail/dds_fastrtps
-- Installing: /home/shunski/aki_ws/install/dog_srv/include/dog_srv/srv/detail/dog__rosidl_typesupport_fastrtps_cpp.hpp
-- Up-to-date: /home/shunski/aki_ws/install/dog_srv/include/dog_srv/msg
-- Installing: /home/shunski/aki_ws/install/dog_srv/include/dog_srv/msg/rosidl_typesupport_fastrtps_cpp__visibility_control.h
-- Installing: /home/shunski/aki_ws/install/dog_srv/lib/libdog_srv__rosidl_typesupport_fastrtps_cpp.so
-- Set runtime path of "/home/shunski/aki_ws/install/dog_srv/lib/libdog_srv__rosidl_typesupport_fastrtps_cpp.so" to ""
-- Installing: /home/shunski/aki_ws/install/dog_srv/lib/libdog_srv__rosidl_typesupport_c.so
-- Set runtime path of "/home/shunski/aki_ws/install/dog_srv/lib/libdog_srv__rosidl_typesupport_c.so" to ""
-- Up-to-date: /home/shunski/aki_ws/install/dog_srv/include/dog_srv
-- Up-to-date: /home/shunski/aki_ws/install/dog_srv/include/dog_srv/srv
-- Installing: /home/shunski/aki_ws/install/dog_srv/include/dog_srv/srv/dog.hpp
-- Up-to-date: /home/shunski/aki_ws/install/dog_srv/include/dog_srv/srv/detail
-- Installing: /home/shunski/aki_ws/install/dog_srv/include/dog_srv/srv/detail/dog__struct.hpp
-- Installing: /home/shunski/aki_ws/install/dog_srv/include/dog_srv/srv/detail/dog__builder.hpp
-- Installing: /home/shunski/aki_ws/install/dog_srv/include/dog_srv/srv/detail/dog__traits.hpp
-- Up-to-date: /home/shunski/aki_ws/install/dog_srv/include/dog_srv
-- Up-to-date: /home/shunski/aki_ws/install/dog_srv/include/dog_srv/srv
-- Up-to-date: /home/shunski/aki_ws/install/dog_srv/include/dog_srv/srv/detail
-- Installing: /home/shunski/aki_ws/install/dog_srv/include/dog_srv/srv/detail/dog__rosidl_typesupport_introspection_cpp.hpp
-- Installing: /home/shunski/aki_ws/install/dog_srv/include/dog_srv/srv/detail/dog__type_support.cpp
-- Installing: /home/shunski/aki_ws/install/dog_srv/lib/libdog_srv__rosidl_typesupport_introspection_cpp.so
-- Set runtime path of "/home/shunski/aki_ws/install/dog_srv/lib/libdog_srv__rosidl_typesupport_introspection_cpp.so" to ""
-- Installing: /home/shunski/aki_ws/install/dog_srv/lib/libdog_srv__rosidl_typesupport_cpp.so
-- Set runtime path of "/home/shunski/aki_ws/install/dog_srv/lib/libdog_srv__rosidl_typesupport_cpp.so" to ""
-- Installing: /home/shunski/aki_ws/install/dog_srv/share/dog_srv/environment/pythonpath.sh
-- Installing: /home/shunski/aki_ws/install/dog_srv/share/dog_srv/environment/pythonpath.dsv
-- Installing: /home/shunski/aki_ws/install/dog_srv/lib/python3.8/site-packages/dog_srv/__init__.py
Compiling '/home/shunski/aki_ws/install/dog_srv/lib/python3.8/site-packages/dog_srv/__init__.py'...
-- Installing: /home/shunski/aki_ws/install/dog_srv/lib/python3.8/site-packages/dog_srv/srv
-- Installing: /home/shunski/aki_ws/install/dog_srv/lib/python3.8/site-packages/dog_srv/srv/_dog.py
-- Installing: /home/shunski/aki_ws/install/dog_srv/lib/python3.8/site-packages/dog_srv/srv/_dog_s.c
-- Installing: /home/shunski/aki_ws/install/dog_srv/lib/python3.8/site-packages/dog_srv/srv/__init__.py
-- Installing: /home/shunski/aki_ws/install/dog_srv/lib/python3.8/site-packages/dog_srv/dog_srv_s__rosidl_typesupport_introspection_c.cpython-38-x86_64-linux-gnu.so
-- Set runtime path of "/home/shunski/aki_ws/install/dog_srv/lib/python3.8/site-packages/dog_srv/dog_srv_s__rosidl_typesupport_introspection_c.cpython-38-x86_64-linux-gnu.so" to ""
-- Installing: /home/shunski/aki_ws/install/dog_srv/lib/python3.8/site-packages/dog_srv/dog_srv_s__rosidl_typesupport_fastrtps_c.cpython-38-x86_64-linux-gnu.so
-- Set runtime path of "/home/shunski/aki_ws/install/dog_srv/lib/python3.8/site-packages/dog_srv/dog_srv_s__rosidl_typesupport_fastrtps_c.cpython-38-x86_64-linux-gnu.so" to ""
-- Installing: /home/shunski/aki_ws/install/dog_srv/lib/python3.8/site-packages/dog_srv/dog_srv_s__rosidl_typesupport_c.cpython-38-x86_64-linux-gnu.so
-- Set runtime path of "/home/shunski/aki_ws/install/dog_srv/lib/python3.8/site-packages/dog_srv/dog_srv_s__rosidl_typesupport_c.cpython-38-x86_64-linux-gnu.so" to ""
-- Installing: /home/shunski/aki_ws/install/dog_srv/lib/libdog_srv__python.so
-- Set runtime path of "/home/shunski/aki_ws/install/dog_srv/lib/libdog_srv__python.so" to ""
-- Installing: /home/shunski/aki_ws/install/dog_srv/share/dog_srv/srv/Dog.idl
-- Installing: /home/shunski/aki_ws/install/dog_srv/share/dog_srv/srv/Dog.srv
-- Installing: /home/shunski/aki_ws/install/dog_srv/share/dog_srv/srv/Dog_Request.msg
-- Installing: /home/shunski/aki_ws/install/dog_srv/share/dog_srv/srv/Dog_Response.msg
-- Installing: /home/shunski/aki_ws/install/dog_srv/share/ament_index/resource_index/package_run_dependencies/dog_srv
-- Installing: /home/shunski/aki_ws/install/dog_srv/share/ament_index/resource_index/parent_prefix_path/dog_srv
-- Installing: /home/shunski/aki_ws/install/dog_srv/share/dog_srv/environment/ament_prefix_path.sh
-- Installing: /home/shunski/aki_ws/install/dog_srv/share/dog_srv/environment/ament_prefix_path.dsv
-- Installing: /home/shunski/aki_ws/install/dog_srv/share/dog_srv/environment/path.sh
-- Installing: /home/shunski/aki_ws/install/dog_srv/share/dog_srv/environment/path.dsv
-- Installing: /home/shunski/aki_ws/install/dog_srv/share/dog_srv/local_setup.bash
-- Installing: /home/shunski/aki_ws/install/dog_srv/share/dog_srv/local_setup.sh
-- Installing: /home/shunski/aki_ws/install/dog_srv/share/dog_srv/local_setup.zsh
-- Installing: /home/shunski/aki_ws/install/dog_srv/share/dog_srv/local_setup.dsv
-- Installing: /home/shunski/aki_ws/install/dog_srv/share/dog_srv/package.dsv
-- Installing: /home/shunski/aki_ws/install/dog_srv/share/ament_index/resource_index/packages/dog_srv
-- Installing: /home/shunski/aki_ws/install/dog_srv/share/dog_srv/cmake/dog_srv__rosidl_generator_cExport.cmake
-- Installing: /home/shunski/aki_ws/install/dog_srv/share/dog_srv/cmake/dog_srv__rosidl_generator_cExport-noconfig.cmake
-- Installing: /home/shunski/aki_ws/install/dog_srv/share/dog_srv/cmake/dog_srv__rosidl_typesupport_introspection_cExport.cmake
-- Installing: /home/shunski/aki_ws/install/dog_srv/share/dog_srv/cmake/dog_srv__rosidl_typesupport_introspection_cExport-noconfig.cmake
-- Installing: /home/shunski/aki_ws/install/dog_srv/share/dog_srv/cmake/dog_srv__rosidl_typesupport_cExport.cmake
-- Installing: /home/shunski/aki_ws/install/dog_srv/share/dog_srv/cmake/dog_srv__rosidl_typesupport_cExport-noconfig.cmake
-- Installing: /home/shunski/aki_ws/install/dog_srv/share/dog_srv/cmake/dog_srv__rosidl_generator_cppExport.cmake
-- Installing: /home/shunski/aki_ws/install/dog_srv/share/dog_srv/cmake/dog_srv__rosidl_typesupport_introspection_cppExport.cmake
-- Installing: /home/shunski/aki_ws/install/dog_srv/share/dog_srv/cmake/dog_srv__rosidl_typesupport_introspection_cppExport-noconfig.cmake
-- Installing: /home/shunski/aki_ws/install/dog_srv/share/dog_srv/cmake/dog_srv__rosidl_typesupport_cppExport.cmake
-- Installing: /home/shunski/aki_ws/install/dog_srv/share/dog_srv/cmake/dog_srv__rosidl_typesupport_cppExport-noconfig.cmake
-- Installing: /home/shunski/aki_ws/install/dog_srv/share/dog_srv/cmake/rosidl_cmake-extras.cmake
-- Installing: /home/shunski/aki_ws/install/dog_srv/share/dog_srv/cmake/ament_cmake_export_dependencies-extras.cmake
-- Installing: /home/shunski/aki_ws/install/dog_srv/share/dog_srv/cmake/ament_cmake_export_libraries-extras.cmake
-- Installing: /home/shunski/aki_ws/install/dog_srv/share/dog_srv/cmake/ament_cmake_export_targets-extras.cmake
-- Installing: /home/shunski/aki_ws/install/dog_srv/share/dog_srv/cmake/ament_cmake_export_include_directories-extras.cmake
-- Installing: /home/shunski/aki_ws/install/dog_srv/share/dog_srv/cmake/rosidl_cmake_export_typesupport_targets-extras.cmake
-- Installing: /home/shunski/aki_ws/install/dog_srv/share/dog_srv/cmake/rosidl_cmake_export_typesupport_libraries-extras.cmake
-- Installing: /home/shunski/aki_ws/install/dog_srv/share/dog_srv/cmake/dog_srvConfig.cmake
-- Installing: /home/shunski/aki_ws/install/dog_srv/share/dog_srv/cmake/dog_srvConfig-version.cmake
-- Installing: /home/shunski/aki_ws/install/dog_srv/share/dog_srv/package.xml
