[0.047s] Invoking command in '/home/shunski/aki_ws/build/dog_srv': CMAKE_PREFIX_PATH=${CMAKE_PREFIX_PATH}:/opt/ros/foxy:/home/shunski/ros2_foxy/install/ros2bag:/home/shunski/ros2_foxy/install/tracetools_launch:/home/shunski/ros2_foxy/install/topic_monitor:/home/shunski/ros2_foxy/install/examples_tf2_py:/home/shunski/ros2_foxy/install/sros2:/home/shunski/ros2_foxy/install/rqt_topic:/home/shunski/ros2_foxy/install/rqt_top:/home/shunski/ros2_foxy/install/rqt_srv:/home/shunski/ros2_foxy/install/rqt_shell:/home/shunski/ros2_foxy/install/rqt_service_caller:/home/shunski/ros2_foxy/install/rqt_reconfigure:/home/shunski/ros2_foxy/install/rqt_py_console:/home/shunski/ros2_foxy/install/rqt_publisher:/home/shunski/ros2_foxy/install/rqt_plot:/home/shunski/ros2_foxy/install/rqt_action:/home/shunski/ros2_foxy/install/rqt_msg:/home/shunski/ros2_foxy/install/rqt:/home/shunski/ros2_foxy/install/rqt_graph:/home/shunski/ros2_foxy/install/rqt_gui_py:/home/shunski/ros2_foxy/install/rqt_gui:/home/shunski/ros2_foxy/install/ros2trace:/home/shunski/ros2_foxy/install/ros2topic:/home/shunski/ros2_foxy/install/ros2test:/home/shunski/ros2_foxy/install/ros2component:/home/shunski/ros2_foxy/install/ros2param:/home/shunski/ros2_foxy/install/ros2lifecycle:/home/shunski/ros2_foxy/install/ros2service:/home/shunski/ros2_foxy/install/ros2run:/home/shunski/ros2_foxy/install/ros2launch:/home/shunski/ros2_foxy/install/ros2pkg:/home/shunski/ros2_foxy/install/ros2node:/home/shunski/ros2_foxy/install/ros2multicast:/home/shunski/ros2_foxy/install/ros2interface:/home/shunski/ros2_foxy/install/ros2doctor:/home/shunski/ros2_foxy/install/ros2action:/home/shunski/ros2_foxy/install/ros2cli:/home/shunski/ros2_foxy/install/quality_of_service_demo_py:/home/shunski/ros2_foxy/install/launch_testing_ros:/home/shunski/ros2_foxy/install/launch_ros:/home/shunski/ros2_foxy/install/examples_rclpy_minimal_subscriber:/home/shunski/ros2_foxy/install/examples_rclpy_minimal_service:/home/shunski/ros2_foxy/install/examples_rclpy_minimal_publisher:/home/shunski/ros2_foxy/install/examples_rclpy_minimal_client:/home/shunski/ros2_foxy/install/examples_rclpy_minimal_action_server:/home/shunski/ros2_foxy/install/examples_rclpy_minimal_action_client:/home/shunski/ros2_foxy/install/examples_rclpy_executors:/home/shunski/ros2_foxy/install/demo_nodes_py:/home/shunski/ros2_foxy/install/action_tutorials_py:/home/shunski/ros2_foxy/install/ament_uncrustify:/home/shunski/ros2_foxy/install/tracetools_trace:/home/shunski/ros2_foxy/install/tracetools_read:/home/shunski/ros2_foxy/install/test_launch_ros:/home/shunski/ros2_foxy/install/sensor_msgs_py:/home/shunski/ros2_foxy/install/rpyutils:/home/shunski/ros2_foxy/install/rosidl_runtime_py:/home/shunski/ros2_foxy/install/launch_yaml:/home/shunski/ros2_foxy/install/launch_xml:/home/shunski/ros2_foxy/install/launch_testing:/home/shunski/ros2_foxy/install/launch:/home/shunski/ros2_foxy/install/osrf_pycommon:/home/shunski/ros2_foxy/install/domain_coordinator:/home/shunski/ros2_foxy/install/ament_xmllint:/home/shunski/ros2_foxy/install/ament_pyflakes:/home/shunski/ros2_foxy/install/ament_pycodestyle:/home/shunski/ros2_foxy/install/ament_pep257:/home/shunski/ros2_foxy/install/ament_pclint:/home/shunski/ros2_foxy/install/ament_package:/home/shunski/ros2_foxy/install/ament_mypy:/home/shunski/ros2_foxy/install/ament_lint_cmake:/home/shunski/ros2_foxy/install/ament_flake8:/home/shunski/ros2_foxy/install/ament_copyright:/home/shunski/ros2_foxy/install/ament_lint:/home/shunski/ros2_foxy/install/ament_index_python:/home/shunski/ros2_foxy/install/ament_cpplint:/home/shunski/ros2_foxy/install/ament_cppcheck:/home/shunski/ros2_foxy/install/ament_clang_tidy:/home/shunski/ros2_foxy/install/ament_clang_format /home/shunski/bin/cmake /home/shunski/aki_ws/src/dog_srv -DCMAKE_INSTALL_PREFIX=/home/shunski/aki_ws/install/dog_srv
[0.069s] -- Found ament_cmake: 0.9.8 (/home/shunski/ros2_foxy/install/ament_cmake/share/ament_cmake/cmake)
[0.481s] -- Found PythonInterp: /usr/bin/python3 (found suitable version "3.8.5", minimum required is "3") 
[0.482s] -- Using PYTHON_EXECUTABLE: /usr/bin/python3
[1.188s] -- Found rosidl_default_generators: 1.0.1 (/home/shunski/ros2_foxy/install/rosidl_default_generators/share/rosidl_default_generators/cmake)
[1.297s] -- Using all available rosidl_typesupport_c: rosidl_typesupport_introspection_c;rosidl_typesupport_fastrtps_c
[1.300s] -- Found rosidl_adapter: 1.2.1 (/home/shunski/ros2_foxy/install/rosidl_adapter/share/rosidl_adapter/cmake)
[1.620s] -- Using all available rosidl_typesupport_cpp: rosidl_typesupport_introspection_cpp;rosidl_typesupport_fastrtps_cpp
[2.043s] -- Found PythonInterp: /usr/bin/python3 (found version "3.8.5") 
[3.074s] -- Found ament_cmake_ros: 0.9.2 (/home/shunski/ros2_foxy/install/ament_cmake_ros/share/ament_cmake_ros/cmake)
[3.594s] -- Using all available rosidl_typesupport_c: rosidl_typesupport_introspection_c;rosidl_typesupport_fastrtps_c
[3.736s] -- Using all available rosidl_typesupport_cpp: rosidl_typesupport_introspection_cpp;rosidl_typesupport_fastrtps_cpp
[4.216s] -- Found PythonInterp: /usr/bin/python3 (found suitable version "3.8.5", minimum required is "3.5") 
[4.234s] -- Found python_cmake_module: 0.8.1 (/home/shunski/ros2_foxy/install/python_cmake_module/share/python_cmake_module/cmake)
[4.659s] -- Found PythonLibs: /usr/lib/x86_64-linux-gnu/libpython3.8.so (found suitable version "3.8.5", minimum required is "3.5") 
[4.659s] -- Using PYTHON_EXECUTABLE: /usr/bin/python3
[4.659s] -- Using PYTHON_INCLUDE_DIRS: /usr/include/python3.8
[4.659s] -- Using PYTHON_LIBRARIES: /usr/lib/x86_64-linux-gnu/libpython3.8.so
[5.066s] -- Found PythonExtra: .so  
[5.902s] -- Found ament_lint_auto: 0.9.6 (/home/shunski/ros2_foxy/install/ament_lint_auto/share/ament_lint_auto/cmake)
[6.060s] -- Added test 'copyright' to check source files copyright and LICENSE
[6.067s] -- Added test 'lint_cmake' to check CMake code style
[6.074s] -- Added test 'xmllint' to check XML markup files
[6.086s] -- Configuring done
[6.119s] -- Generating done
[6.122s] -- Build files have been written to: /home/shunski/aki_ws/build/dog_srv
[6.132s] Invoked command in '/home/shunski/aki_ws/build/dog_srv' returned '0': CMAKE_PREFIX_PATH=${CMAKE_PREFIX_PATH}:/opt/ros/foxy:/home/shunski/ros2_foxy/install/ros2bag:/home/shunski/ros2_foxy/install/tracetools_launch:/home/shunski/ros2_foxy/install/topic_monitor:/home/shunski/ros2_foxy/install/examples_tf2_py:/home/shunski/ros2_foxy/install/sros2:/home/shunski/ros2_foxy/install/rqt_topic:/home/shunski/ros2_foxy/install/rqt_top:/home/shunski/ros2_foxy/install/rqt_srv:/home/shunski/ros2_foxy/install/rqt_shell:/home/shunski/ros2_foxy/install/rqt_service_caller:/home/shunski/ros2_foxy/install/rqt_reconfigure:/home/shunski/ros2_foxy/install/rqt_py_console:/home/shunski/ros2_foxy/install/rqt_publisher:/home/shunski/ros2_foxy/install/rqt_plot:/home/shunski/ros2_foxy/install/rqt_action:/home/shunski/ros2_foxy/install/rqt_msg:/home/shunski/ros2_foxy/install/rqt:/home/shunski/ros2_foxy/install/rqt_graph:/home/shunski/ros2_foxy/install/rqt_gui_py:/home/shunski/ros2_foxy/install/rqt_gui:/home/shunski/ros2_foxy/install/ros2trace:/home/shunski/ros2_foxy/install/ros2topic:/home/shunski/ros2_foxy/install/ros2test:/home/shunski/ros2_foxy/install/ros2component:/home/shunski/ros2_foxy/install/ros2param:/home/shunski/ros2_foxy/install/ros2lifecycle:/home/shunski/ros2_foxy/install/ros2service:/home/shunski/ros2_foxy/install/ros2run:/home/shunski/ros2_foxy/install/ros2launch:/home/shunski/ros2_foxy/install/ros2pkg:/home/shunski/ros2_foxy/install/ros2node:/home/shunski/ros2_foxy/install/ros2multicast:/home/shunski/ros2_foxy/install/ros2interface:/home/shunski/ros2_foxy/install/ros2doctor:/home/shunski/ros2_foxy/install/ros2action:/home/shunski/ros2_foxy/install/ros2cli:/home/shunski/ros2_foxy/install/quality_of_service_demo_py:/home/shunski/ros2_foxy/install/launch_testing_ros:/home/shunski/ros2_foxy/install/launch_ros:/home/shunski/ros2_foxy/install/examples_rclpy_minimal_subscriber:/home/shunski/ros2_foxy/install/examples_rclpy_minimal_service:/home/shunski/ros2_foxy/install/examples_rclpy_minimal_publisher:/home/shunski/ros2_foxy/install/examples_rclpy_minimal_client:/home/shunski/ros2_foxy/install/examples_rclpy_minimal_action_server:/home/shunski/ros2_foxy/install/examples_rclpy_minimal_action_client:/home/shunski/ros2_foxy/install/examples_rclpy_executors:/home/shunski/ros2_foxy/install/demo_nodes_py:/home/shunski/ros2_foxy/install/action_tutorials_py:/home/shunski/ros2_foxy/install/ament_uncrustify:/home/shunski/ros2_foxy/install/tracetools_trace:/home/shunski/ros2_foxy/install/tracetools_read:/home/shunski/ros2_foxy/install/test_launch_ros:/home/shunski/ros2_foxy/install/sensor_msgs_py:/home/shunski/ros2_foxy/install/rpyutils:/home/shunski/ros2_foxy/install/rosidl_runtime_py:/home/shunski/ros2_foxy/install/launch_yaml:/home/shunski/ros2_foxy/install/launch_xml:/home/shunski/ros2_foxy/install/launch_testing:/home/shunski/ros2_foxy/install/launch:/home/shunski/ros2_foxy/install/osrf_pycommon:/home/shunski/ros2_foxy/install/domain_coordinator:/home/shunski/ros2_foxy/install/ament_xmllint:/home/shunski/ros2_foxy/install/ament_pyflakes:/home/shunski/ros2_foxy/install/ament_pycodestyle:/home/shunski/ros2_foxy/install/ament_pep257:/home/shunski/ros2_foxy/install/ament_pclint:/home/shunski/ros2_foxy/install/ament_package:/home/shunski/ros2_foxy/install/ament_mypy:/home/shunski/ros2_foxy/install/ament_lint_cmake:/home/shunski/ros2_foxy/install/ament_flake8:/home/shunski/ros2_foxy/install/ament_copyright:/home/shunski/ros2_foxy/install/ament_lint:/home/shunski/ros2_foxy/install/ament_index_python:/home/shunski/ros2_foxy/install/ament_cpplint:/home/shunski/ros2_foxy/install/ament_cppcheck:/home/shunski/ros2_foxy/install/ament_clang_tidy:/home/shunski/ros2_foxy/install/ament_clang_format /home/shunski/bin/cmake /home/shunski/aki_ws/src/dog_srv -DCMAKE_INSTALL_PREFIX=/home/shunski/aki_ws/install/dog_srv
[6.136s] Invoking command in '/home/shunski/aki_ws/build/dog_srv': CMAKE_PREFIX_PATH=${CMAKE_PREFIX_PATH}:/opt/ros/foxy:/home/shunski/ros2_foxy/install/ros2bag:/home/shunski/ros2_foxy/install/tracetools_launch:/home/shunski/ros2_foxy/install/topic_monitor:/home/shunski/ros2_foxy/install/examples_tf2_py:/home/shunski/ros2_foxy/install/sros2:/home/shunski/ros2_foxy/install/rqt_topic:/home/shunski/ros2_foxy/install/rqt_top:/home/shunski/ros2_foxy/install/rqt_srv:/home/shunski/ros2_foxy/install/rqt_shell:/home/shunski/ros2_foxy/install/rqt_service_caller:/home/shunski/ros2_foxy/install/rqt_reconfigure:/home/shunski/ros2_foxy/install/rqt_py_console:/home/shunski/ros2_foxy/install/rqt_publisher:/home/shunski/ros2_foxy/install/rqt_plot:/home/shunski/ros2_foxy/install/rqt_action:/home/shunski/ros2_foxy/install/rqt_msg:/home/shunski/ros2_foxy/install/rqt:/home/shunski/ros2_foxy/install/rqt_graph:/home/shunski/ros2_foxy/install/rqt_gui_py:/home/shunski/ros2_foxy/install/rqt_gui:/home/shunski/ros2_foxy/install/ros2trace:/home/shunski/ros2_foxy/install/ros2topic:/home/shunski/ros2_foxy/install/ros2test:/home/shunski/ros2_foxy/install/ros2component:/home/shunski/ros2_foxy/install/ros2param:/home/shunski/ros2_foxy/install/ros2lifecycle:/home/shunski/ros2_foxy/install/ros2service:/home/shunski/ros2_foxy/install/ros2run:/home/shunski/ros2_foxy/install/ros2launch:/home/shunski/ros2_foxy/install/ros2pkg:/home/shunski/ros2_foxy/install/ros2node:/home/shunski/ros2_foxy/install/ros2multicast:/home/shunski/ros2_foxy/install/ros2interface:/home/shunski/ros2_foxy/install/ros2doctor:/home/shunski/ros2_foxy/install/ros2action:/home/shunski/ros2_foxy/install/ros2cli:/home/shunski/ros2_foxy/install/quality_of_service_demo_py:/home/shunski/ros2_foxy/install/launch_testing_ros:/home/shunski/ros2_foxy/install/launch_ros:/home/shunski/ros2_foxy/install/examples_rclpy_minimal_subscriber:/home/shunski/ros2_foxy/install/examples_rclpy_minimal_service:/home/shunski/ros2_foxy/install/examples_rclpy_minimal_publisher:/home/shunski/ros2_foxy/install/examples_rclpy_minimal_client:/home/shunski/ros2_foxy/install/examples_rclpy_minimal_action_server:/home/shunski/ros2_foxy/install/examples_rclpy_minimal_action_client:/home/shunski/ros2_foxy/install/examples_rclpy_executors:/home/shunski/ros2_foxy/install/demo_nodes_py:/home/shunski/ros2_foxy/install/action_tutorials_py:/home/shunski/ros2_foxy/install/ament_uncrustify:/home/shunski/ros2_foxy/install/tracetools_trace:/home/shunski/ros2_foxy/install/tracetools_read:/home/shunski/ros2_foxy/install/test_launch_ros:/home/shunski/ros2_foxy/install/sensor_msgs_py:/home/shunski/ros2_foxy/install/rpyutils:/home/shunski/ros2_foxy/install/rosidl_runtime_py:/home/shunski/ros2_foxy/install/launch_yaml:/home/shunski/ros2_foxy/install/launch_xml:/home/shunski/ros2_foxy/install/launch_testing:/home/shunski/ros2_foxy/install/launch:/home/shunski/ros2_foxy/install/osrf_pycommon:/home/shunski/ros2_foxy/install/domain_coordinator:/home/shunski/ros2_foxy/install/ament_xmllint:/home/shunski/ros2_foxy/install/ament_pyflakes:/home/shunski/ros2_foxy/install/ament_pycodestyle:/home/shunski/ros2_foxy/install/ament_pep257:/home/shunski/ros2_foxy/install/ament_pclint:/home/shunski/ros2_foxy/install/ament_package:/home/shunski/ros2_foxy/install/ament_mypy:/home/shunski/ros2_foxy/install/ament_lint_cmake:/home/shunski/ros2_foxy/install/ament_flake8:/home/shunski/ros2_foxy/install/ament_copyright:/home/shunski/ros2_foxy/install/ament_lint:/home/shunski/ros2_foxy/install/ament_index_python:/home/shunski/ros2_foxy/install/ament_cpplint:/home/shunski/ros2_foxy/install/ament_cppcheck:/home/shunski/ros2_foxy/install/ament_clang_tidy:/home/shunski/ros2_foxy/install/ament_clang_format /home/shunski/bin/cmake --build /home/shunski/aki_ws/build/dog_srv -- -j8 -l8
[6.179s] [  3%] [34m[1mGenerating C code for ROS interfaces[0m
[6.179s] [35m[1mScanning dependencies of target dog_srv__cpp[0m
[6.191s] [  6%] [34m[1mGenerating C++ code for ROS interfaces[0m
[6.890s] [  6%] Built target dog_srv__cpp
[6.890s] [35m[1mScanning dependencies of target dog_srv__rosidl_generator_c[0m
[6.904s] [  9%] [34m[1mGenerating C++ type support dispatch for ROS interfaces[0m
[6.906s] [ 12%] [34m[1mGenerating C++ introspection for ROS interfaces[0m
[6.906s] [ 16%] [34m[1mGenerating C++ type support for eProsima Fast-RTPS[0m
[6.906s] [ 19%] [32mBuilding C object CMakeFiles/dog_srv__rosidl_generator_c.dir/rosidl_generator_c/dog_srv/srv/detail/dog__functions.c.o[0m
[6.980s] [ 22%] [32m[1mLinking C shared library libdog_srv__rosidl_generator_c.so[0m
[7.017s] [ 22%] Built target dog_srv__rosidl_generator_c
[7.031s] [ 25%] [34m[1mGenerating C introspection for ROS interfaces[0m
[7.033s] [ 29%] [34m[1mGenerating C type support dispatch for ROS interfaces[0m
[7.668s] [35m[1mScanning dependencies of target dog_srv__rosidl_typesupport_fastrtps_cpp[0m
[7.678s] [35m[1mScanning dependencies of target dog_srv__rosidl_typesupport_introspection_cpp[0m
[7.685s] [ 32%] [32mBuilding CXX object CMakeFiles/dog_srv__rosidl_typesupport_fastrtps_cpp.dir/rosidl_typesupport_fastrtps_cpp/dog_srv/srv/detail/dds_fastrtps/dog__type_support.cpp.o[0m
[7.692s] [ 35%] [32mBuilding CXX object CMakeFiles/dog_srv__rosidl_typesupport_introspection_cpp.dir/rosidl_typesupport_introspection_cpp/dog_srv/srv/detail/dog__type_support.cpp.o[0m
[7.732s] [35m[1mScanning dependencies of target dog_srv__rosidl_typesupport_c[0m
[7.743s] [ 38%] [32mBuilding CXX object CMakeFiles/dog_srv__rosidl_typesupport_c.dir/rosidl_typesupport_c/dog_srv/srv/dog__type_support.cpp.o[0m
[7.787s] [ 41%] [32m[1mLinking CXX shared library libdog_srv__rosidl_typesupport_c.so[0m
[7.832s] [ 41%] Built target dog_srv__rosidl_typesupport_c
[8.050s] [ 45%] [32m[1mLinking CXX shared library libdog_srv__rosidl_typesupport_introspection_cpp.so[0m
[8.127s] [ 45%] Built target dog_srv__rosidl_typesupport_introspection_cpp
[8.210s] [35m[1mScanning dependencies of target dog_srv__rosidl_typesupport_cpp[0m
[8.222s] [ 48%] [32mBuilding CXX object CMakeFiles/dog_srv__rosidl_typesupport_cpp.dir/rosidl_typesupport_cpp/dog_srv/srv/dog__type_support.cpp.o[0m
[8.223s] [ 51%] [32m[1mLinking CXX shared library libdog_srv__rosidl_typesupport_fastrtps_cpp.so[0m
[8.324s] [35m[1mScanning dependencies of target dog_srv__rosidl_typesupport_introspection_c[0m
[8.333s] [ 51%] Built target dog_srv__rosidl_typesupport_fastrtps_cpp
[8.336s] [ 54%] [32mBuilding C object CMakeFiles/dog_srv__rosidl_typesupport_introspection_c.dir/rosidl_typesupport_introspection_c/dog_srv/srv/detail/dog__type_support.c.o[0m
[8.344s] [ 58%] [34m[1mGenerating C type support for eProsima Fast-RTPS[0m
[8.383s] [ 61%] [32m[1mLinking C shared library libdog_srv__rosidl_typesupport_introspection_c.so[0m
[8.415s] [ 61%] Built target dog_srv__rosidl_typesupport_introspection_c
[8.577s] [ 64%] [32m[1mLinking CXX shared library libdog_srv__rosidl_typesupport_cpp.so[0m
[8.618s] [ 64%] Built target dog_srv__rosidl_typesupport_cpp
[9.071s] [35m[1mScanning dependencies of target dog_srv__rosidl_typesupport_fastrtps_c[0m
[9.089s] [ 67%] [32mBuilding CXX object CMakeFiles/dog_srv__rosidl_typesupport_fastrtps_c.dir/rosidl_typesupport_fastrtps_c/dog_srv/srv/detail/dog__type_support_c.cpp.o[0m
[9.508s] [ 70%] [32m[1mLinking CXX shared library libdog_srv__rosidl_typesupport_fastrtps_c.so[0m
[9.616s] [ 70%] Built target dog_srv__rosidl_typesupport_fastrtps_c
[9.632s] [35m[1mScanning dependencies of target dog_srv[0m
[9.645s] [ 70%] Built target dog_srv
[9.659s] [35m[1mScanning dependencies of target dog_srv__py[0m
[9.675s] [ 74%] [34m[1mGenerating Python code for ROS interfaces[0m
[10.671s] [ 74%] Built target dog_srv__py
[10.685s] [35m[1mScanning dependencies of target dog_srv__python[0m
[10.710s] [ 77%] [32mBuilding C object CMakeFiles/dog_srv__python.dir/rosidl_generator_py/dog_srv/srv/_dog_s.c.o[0m
[10.824s] [ 80%] [32m[1mLinking C shared library rosidl_generator_py/dog_srv/libdog_srv__python.so[0m
[10.869s] [ 80%] Built target dog_srv__python
[10.881s] [35m[1mScanning dependencies of target dog_srv__rosidl_typesupport_c__pyext[0m
[10.882s] [35m[1mScanning dependencies of target dog_srv__rosidl_typesupport_introspection_c__pyext[0m
[10.882s] [35m[1mScanning dependencies of target dog_srv__rosidl_typesupport_fastrtps_c__pyext[0m
[10.898s] [ 87%] [32mBuilding C object CMakeFiles/dog_srv__rosidl_typesupport_c__pyext.dir/rosidl_generator_py/dog_srv/_dog_srv_s.ep.rosidl_typesupport_c.c.o[0m
[10.899s] [ 87%] [32mBuilding C object CMakeFiles/dog_srv__rosidl_typesupport_introspection_c__pyext.dir/rosidl_generator_py/dog_srv/_dog_srv_s.ep.rosidl_typesupport_introspection_c.c.o[0m
[10.899s] [ 90%] [32mBuilding C object CMakeFiles/dog_srv__rosidl_typesupport_fastrtps_c__pyext.dir/rosidl_generator_py/dog_srv/_dog_srv_s.ep.rosidl_typesupport_fastrtps_c.c.o[0m
[11.004s] [ 93%] [32m[1mLinking C shared library rosidl_generator_py/dog_srv/dog_srv_s__rosidl_typesupport_c.cpython-38-x86_64-linux-gnu.so[0m
[11.004s] [ 96%] [32m[1mLinking C shared library rosidl_generator_py/dog_srv/dog_srv_s__rosidl_typesupport_introspection_c.cpython-38-x86_64-linux-gnu.so[0m
[11.017s] [100%] [32m[1mLinking CXX shared library rosidl_generator_py/dog_srv/dog_srv_s__rosidl_typesupport_fastrtps_c.cpython-38-x86_64-linux-gnu.so[0m
[11.042s] [100%] Built target dog_srv__rosidl_typesupport_introspection_c__pyext
[11.042s] [100%] Built target dog_srv__rosidl_typesupport_c__pyext
[11.084s] [100%] Built target dog_srv__rosidl_typesupport_fastrtps_c__pyext
[11.091s] Invoked command in '/home/shunski/aki_ws/build/dog_srv' returned '0': CMAKE_PREFIX_PATH=${CMAKE_PREFIX_PATH}:/opt/ros/foxy:/home/shunski/ros2_foxy/install/ros2bag:/home/shunski/ros2_foxy/install/tracetools_launch:/home/shunski/ros2_foxy/install/topic_monitor:/home/shunski/ros2_foxy/install/examples_tf2_py:/home/shunski/ros2_foxy/install/sros2:/home/shunski/ros2_foxy/install/rqt_topic:/home/shunski/ros2_foxy/install/rqt_top:/home/shunski/ros2_foxy/install/rqt_srv:/home/shunski/ros2_foxy/install/rqt_shell:/home/shunski/ros2_foxy/install/rqt_service_caller:/home/shunski/ros2_foxy/install/rqt_reconfigure:/home/shunski/ros2_foxy/install/rqt_py_console:/home/shunski/ros2_foxy/install/rqt_publisher:/home/shunski/ros2_foxy/install/rqt_plot:/home/shunski/ros2_foxy/install/rqt_action:/home/shunski/ros2_foxy/install/rqt_msg:/home/shunski/ros2_foxy/install/rqt:/home/shunski/ros2_foxy/install/rqt_graph:/home/shunski/ros2_foxy/install/rqt_gui_py:/home/shunski/ros2_foxy/install/rqt_gui:/home/shunski/ros2_foxy/install/ros2trace:/home/shunski/ros2_foxy/install/ros2topic:/home/shunski/ros2_foxy/install/ros2test:/home/shunski/ros2_foxy/install/ros2component:/home/shunski/ros2_foxy/install/ros2param:/home/shunski/ros2_foxy/install/ros2lifecycle:/home/shunski/ros2_foxy/install/ros2service:/home/shunski/ros2_foxy/install/ros2run:/home/shunski/ros2_foxy/install/ros2launch:/home/shunski/ros2_foxy/install/ros2pkg:/home/shunski/ros2_foxy/install/ros2node:/home/shunski/ros2_foxy/install/ros2multicast:/home/shunski/ros2_foxy/install/ros2interface:/home/shunski/ros2_foxy/install/ros2doctor:/home/shunski/ros2_foxy/install/ros2action:/home/shunski/ros2_foxy/install/ros2cli:/home/shunski/ros2_foxy/install/quality_of_service_demo_py:/home/shunski/ros2_foxy/install/launch_testing_ros:/home/shunski/ros2_foxy/install/launch_ros:/home/shunski/ros2_foxy/install/examples_rclpy_minimal_subscriber:/home/shunski/ros2_foxy/install/examples_rclpy_minimal_service:/home/shunski/ros2_foxy/install/examples_rclpy_minimal_publisher:/home/shunski/ros2_foxy/install/examples_rclpy_minimal_client:/home/shunski/ros2_foxy/install/examples_rclpy_minimal_action_server:/home/shunski/ros2_foxy/install/examples_rclpy_minimal_action_client:/home/shunski/ros2_foxy/install/examples_rclpy_executors:/home/shunski/ros2_foxy/install/demo_nodes_py:/home/shunski/ros2_foxy/install/action_tutorials_py:/home/shunski/ros2_foxy/install/ament_uncrustify:/home/shunski/ros2_foxy/install/tracetools_trace:/home/shunski/ros2_foxy/install/tracetools_read:/home/shunski/ros2_foxy/install/test_launch_ros:/home/shunski/ros2_foxy/install/sensor_msgs_py:/home/shunski/ros2_foxy/install/rpyutils:/home/shunski/ros2_foxy/install/rosidl_runtime_py:/home/shunski/ros2_foxy/install/launch_yaml:/home/shunski/ros2_foxy/install/launch_xml:/home/shunski/ros2_foxy/install/launch_testing:/home/shunski/ros2_foxy/install/launch:/home/shunski/ros2_foxy/install/osrf_pycommon:/home/shunski/ros2_foxy/install/domain_coordinator:/home/shunski/ros2_foxy/install/ament_xmllint:/home/shunski/ros2_foxy/install/ament_pyflakes:/home/shunski/ros2_foxy/install/ament_pycodestyle:/home/shunski/ros2_foxy/install/ament_pep257:/home/shunski/ros2_foxy/install/ament_pclint:/home/shunski/ros2_foxy/install/ament_package:/home/shunski/ros2_foxy/install/ament_mypy:/home/shunski/ros2_foxy/install/ament_lint_cmake:/home/shunski/ros2_foxy/install/ament_flake8:/home/shunski/ros2_foxy/install/ament_copyright:/home/shunski/ros2_foxy/install/ament_lint:/home/shunski/ros2_foxy/install/ament_index_python:/home/shunski/ros2_foxy/install/ament_cpplint:/home/shunski/ros2_foxy/install/ament_cppcheck:/home/shunski/ros2_foxy/install/ament_clang_tidy:/home/shunski/ros2_foxy/install/ament_clang_format /home/shunski/bin/cmake --build /home/shunski/aki_ws/build/dog_srv -- -j8 -l8
[11.280s] Invoking command in '/home/shunski/aki_ws/build/dog_srv': CMAKE_PREFIX_PATH=${CMAKE_PREFIX_PATH}:/opt/ros/foxy:/home/shunski/ros2_foxy/install/ros2bag:/home/shunski/ros2_foxy/install/tracetools_launch:/home/shunski/ros2_foxy/install/topic_monitor:/home/shunski/ros2_foxy/install/examples_tf2_py:/home/shunski/ros2_foxy/install/sros2:/home/shunski/ros2_foxy/install/rqt_topic:/home/shunski/ros2_foxy/install/rqt_top:/home/shunski/ros2_foxy/install/rqt_srv:/home/shunski/ros2_foxy/install/rqt_shell:/home/shunski/ros2_foxy/install/rqt_service_caller:/home/shunski/ros2_foxy/install/rqt_reconfigure:/home/shunski/ros2_foxy/install/rqt_py_console:/home/shunski/ros2_foxy/install/rqt_publisher:/home/shunski/ros2_foxy/install/rqt_plot:/home/shunski/ros2_foxy/install/rqt_action:/home/shunski/ros2_foxy/install/rqt_msg:/home/shunski/ros2_foxy/install/rqt:/home/shunski/ros2_foxy/install/rqt_graph:/home/shunski/ros2_foxy/install/rqt_gui_py:/home/shunski/ros2_foxy/install/rqt_gui:/home/shunski/ros2_foxy/install/ros2trace:/home/shunski/ros2_foxy/install/ros2topic:/home/shunski/ros2_foxy/install/ros2test:/home/shunski/ros2_foxy/install/ros2component:/home/shunski/ros2_foxy/install/ros2param:/home/shunski/ros2_foxy/install/ros2lifecycle:/home/shunski/ros2_foxy/install/ros2service:/home/shunski/ros2_foxy/install/ros2run:/home/shunski/ros2_foxy/install/ros2launch:/home/shunski/ros2_foxy/install/ros2pkg:/home/shunski/ros2_foxy/install/ros2node:/home/shunski/ros2_foxy/install/ros2multicast:/home/shunski/ros2_foxy/install/ros2interface:/home/shunski/ros2_foxy/install/ros2doctor:/home/shunski/ros2_foxy/install/ros2action:/home/shunski/ros2_foxy/install/ros2cli:/home/shunski/ros2_foxy/install/quality_of_service_demo_py:/home/shunski/ros2_foxy/install/launch_testing_ros:/home/shunski/ros2_foxy/install/launch_ros:/home/shunski/ros2_foxy/install/examples_rclpy_minimal_subscriber:/home/shunski/ros2_foxy/install/examples_rclpy_minimal_service:/home/shunski/ros2_foxy/install/examples_rclpy_minimal_publisher:/home/shunski/ros2_foxy/install/examples_rclpy_minimal_client:/home/shunski/ros2_foxy/install/examples_rclpy_minimal_action_server:/home/shunski/ros2_foxy/install/examples_rclpy_minimal_action_client:/home/shunski/ros2_foxy/install/examples_rclpy_executors:/home/shunski/ros2_foxy/install/demo_nodes_py:/home/shunski/ros2_foxy/install/action_tutorials_py:/home/shunski/ros2_foxy/install/ament_uncrustify:/home/shunski/ros2_foxy/install/tracetools_trace:/home/shunski/ros2_foxy/install/tracetools_read:/home/shunski/ros2_foxy/install/test_launch_ros:/home/shunski/ros2_foxy/install/sensor_msgs_py:/home/shunski/ros2_foxy/install/rpyutils:/home/shunski/ros2_foxy/install/rosidl_runtime_py:/home/shunski/ros2_foxy/install/launch_yaml:/home/shunski/ros2_foxy/install/launch_xml:/home/shunski/ros2_foxy/install/launch_testing:/home/shunski/ros2_foxy/install/launch:/home/shunski/ros2_foxy/install/osrf_pycommon:/home/shunski/ros2_foxy/install/domain_coordinator:/home/shunski/ros2_foxy/install/ament_xmllint:/home/shunski/ros2_foxy/install/ament_pyflakes:/home/shunski/ros2_foxy/install/ament_pycodestyle:/home/shunski/ros2_foxy/install/ament_pep257:/home/shunski/ros2_foxy/install/ament_pclint:/home/shunski/ros2_foxy/install/ament_package:/home/shunski/ros2_foxy/install/ament_mypy:/home/shunski/ros2_foxy/install/ament_lint_cmake:/home/shunski/ros2_foxy/install/ament_flake8:/home/shunski/ros2_foxy/install/ament_copyright:/home/shunski/ros2_foxy/install/ament_lint:/home/shunski/ros2_foxy/install/ament_index_python:/home/shunski/ros2_foxy/install/ament_cpplint:/home/shunski/ros2_foxy/install/ament_cppcheck:/home/shunski/ros2_foxy/install/ament_clang_tidy:/home/shunski/ros2_foxy/install/ament_clang_format /home/shunski/bin/cmake --install /home/shunski/aki_ws/build/dog_srv
[11.289s] -- Install configuration: ""
[11.289s] -- Installing: /home/shunski/aki_ws/install/dog_srv/share/ament_index/resource_index/rosidl_interfaces/dog_srv
[11.289s] -- Installing: /home/shunski/aki_ws/install/dog_srv/include/dog_srv
[11.290s] -- Installing: /home/shunski/aki_ws/install/dog_srv/include/dog_srv/srv
[11.290s] -- Installing: /home/shunski/aki_ws/install/dog_srv/include/dog_srv/srv/dog.h
[11.290s] -- Installing: /home/shunski/aki_ws/install/dog_srv/include/dog_srv/srv/detail
[11.290s] -- Installing: /home/shunski/aki_ws/install/dog_srv/include/dog_srv/srv/detail/dog__struct.h
[11.290s] -- Installing: /home/shunski/aki_ws/install/dog_srv/include/dog_srv/srv/detail/dog__type_support.h
[11.291s] -- Installing: /home/shunski/aki_ws/install/dog_srv/include/dog_srv/srv/detail/dog__functions.c
[11.291s] -- Installing: /home/shunski/aki_ws/install/dog_srv/include/dog_srv/srv/detail/dog__functions.h
[11.291s] -- Installing: /home/shunski/aki_ws/install/dog_srv/include/dog_srv/msg
[11.291s] -- Installing: /home/shunski/aki_ws/install/dog_srv/include/dog_srv/msg/rosidl_generator_c__visibility_control.h
[11.291s] -- Installing: /home/shunski/aki_ws/install/dog_srv/share/dog_srv/environment/library_path.sh
[11.291s] -- Installing: /home/shunski/aki_ws/install/dog_srv/share/dog_srv/environment/library_path.dsv
[11.292s] -- Installing: /home/shunski/aki_ws/install/dog_srv/lib/libdog_srv__rosidl_generator_c.so
[11.292s] -- Set runtime path of "/home/shunski/aki_ws/install/dog_srv/lib/libdog_srv__rosidl_generator_c.so" to ""
[11.292s] -- Up-to-date: /home/shunski/aki_ws/install/dog_srv/include/dog_srv
[11.292s] -- Up-to-date: /home/shunski/aki_ws/install/dog_srv/include/dog_srv/srv
[11.292s] -- Up-to-date: /home/shunski/aki_ws/install/dog_srv/include/dog_srv/srv/detail
[11.292s] -- Installing: /home/shunski/aki_ws/install/dog_srv/include/dog_srv/srv/detail/dog__type_support.c
[11.293s] -- Installing: /home/shunski/aki_ws/install/dog_srv/include/dog_srv/srv/detail/dog__rosidl_typesupport_introspection_c.h
[11.293s] -- Up-to-date: /home/shunski/aki_ws/install/dog_srv/include/dog_srv/msg
[11.293s] -- Installing: /home/shunski/aki_ws/install/dog_srv/include/dog_srv/msg/rosidl_typesupport_introspection_c__visibility_control.h
[11.293s] -- Installing: /home/shunski/aki_ws/install/dog_srv/lib/libdog_srv__rosidl_typesupport_introspection_c.so
[11.293s] -- Set runtime path of "/home/shunski/aki_ws/install/dog_srv/lib/libdog_srv__rosidl_typesupport_introspection_c.so" to ""
[11.293s] -- Up-to-date: /home/shunski/aki_ws/install/dog_srv/include/dog_srv
[11.293s] -- Up-to-date: /home/shunski/aki_ws/install/dog_srv/include/dog_srv/srv
[11.293s] -- Up-to-date: /home/shunski/aki_ws/install/dog_srv/include/dog_srv/srv/detail
[11.294s] -- Installing: /home/shunski/aki_ws/install/dog_srv/include/dog_srv/srv/detail/dog__rosidl_typesupport_fastrtps_c.h
[11.294s] -- Up-to-date: /home/shunski/aki_ws/install/dog_srv/include/dog_srv/msg
[11.294s] -- Installing: /home/shunski/aki_ws/install/dog_srv/include/dog_srv/msg/rosidl_typesupport_fastrtps_c__visibility_control.h
[11.294s] -- Installing: /home/shunski/aki_ws/install/dog_srv/lib/libdog_srv__rosidl_typesupport_fastrtps_c.so
[11.294s] -- Set runtime path of "/home/shunski/aki_ws/install/dog_srv/lib/libdog_srv__rosidl_typesupport_fastrtps_c.so" to ""
[11.294s] -- Up-to-date: /home/shunski/aki_ws/install/dog_srv/include/dog_srv
[11.294s] -- Up-to-date: /home/shunski/aki_ws/install/dog_srv/include/dog_srv/srv
[11.294s] -- Up-to-date: /home/shunski/aki_ws/install/dog_srv/include/dog_srv/srv/detail
[11.294s] -- Installing: /home/shunski/aki_ws/install/dog_srv/include/dog_srv/srv/detail/dds_fastrtps
[11.294s] -- Installing: /home/shunski/aki_ws/install/dog_srv/include/dog_srv/srv/detail/dog__rosidl_typesupport_fastrtps_cpp.hpp
[11.294s] -- Up-to-date: /home/shunski/aki_ws/install/dog_srv/include/dog_srv/msg
[11.295s] -- Installing: /home/shunski/aki_ws/install/dog_srv/include/dog_srv/msg/rosidl_typesupport_fastrtps_cpp__visibility_control.h
[11.295s] -- Installing: /home/shunski/aki_ws/install/dog_srv/lib/libdog_srv__rosidl_typesupport_fastrtps_cpp.so
[11.295s] -- Set runtime path of "/home/shunski/aki_ws/install/dog_srv/lib/libdog_srv__rosidl_typesupport_fastrtps_cpp.so" to ""
[11.295s] -- Installing: /home/shunski/aki_ws/install/dog_srv/lib/libdog_srv__rosidl_typesupport_c.so
[11.295s] -- Set runtime path of "/home/shunski/aki_ws/install/dog_srv/lib/libdog_srv__rosidl_typesupport_c.so" to ""
[11.295s] -- Up-to-date: /home/shunski/aki_ws/install/dog_srv/include/dog_srv
[11.295s] -- Up-to-date: /home/shunski/aki_ws/install/dog_srv/include/dog_srv/srv
[11.295s] -- Installing: /home/shunski/aki_ws/install/dog_srv/include/dog_srv/srv/dog.hpp
[11.296s] -- Up-to-date: /home/shunski/aki_ws/install/dog_srv/include/dog_srv/srv/detail
[11.296s] -- Installing: /home/shunski/aki_ws/install/dog_srv/include/dog_srv/srv/detail/dog__struct.hpp
[11.296s] -- Installing: /home/shunski/aki_ws/install/dog_srv/include/dog_srv/srv/detail/dog__builder.hpp
[11.296s] -- Installing: /home/shunski/aki_ws/install/dog_srv/include/dog_srv/srv/detail/dog__traits.hpp
[11.296s] -- Up-to-date: /home/shunski/aki_ws/install/dog_srv/include/dog_srv
[11.296s] -- Up-to-date: /home/shunski/aki_ws/install/dog_srv/include/dog_srv/srv
[11.296s] -- Up-to-date: /home/shunski/aki_ws/install/dog_srv/include/dog_srv/srv/detail
[11.296s] -- Installing: /home/shunski/aki_ws/install/dog_srv/include/dog_srv/srv/detail/dog__rosidl_typesupport_introspection_cpp.hpp
[11.296s] -- Installing: /home/shunski/aki_ws/install/dog_srv/include/dog_srv/srv/detail/dog__type_support.cpp
[11.296s] -- Installing: /home/shunski/aki_ws/install/dog_srv/lib/libdog_srv__rosidl_typesupport_introspection_cpp.so
[11.296s] -- Set runtime path of "/home/shunski/aki_ws/install/dog_srv/lib/libdog_srv__rosidl_typesupport_introspection_cpp.so" to ""
[11.296s] -- Installing: /home/shunski/aki_ws/install/dog_srv/lib/libdog_srv__rosidl_typesupport_cpp.so
[11.297s] -- Set runtime path of "/home/shunski/aki_ws/install/dog_srv/lib/libdog_srv__rosidl_typesupport_cpp.so" to ""
[11.297s] -- Installing: /home/shunski/aki_ws/install/dog_srv/share/dog_srv/environment/pythonpath.sh
[11.297s] -- Installing: /home/shunski/aki_ws/install/dog_srv/share/dog_srv/environment/pythonpath.dsv
[11.297s] -- Installing: /home/shunski/aki_ws/install/dog_srv/lib/python3.8/site-packages/dog_srv/__init__.py
[11.733s] Compiling '/home/shunski/aki_ws/install/dog_srv/lib/python3.8/site-packages/dog_srv/__init__.py'...
[11.737s] -- Installing: /home/shunski/aki_ws/install/dog_srv/lib/python3.8/site-packages/dog_srv/srv
[11.737s] -- Installing: /home/shunski/aki_ws/install/dog_srv/lib/python3.8/site-packages/dog_srv/srv/_dog.py
[11.737s] -- Installing: /home/shunski/aki_ws/install/dog_srv/lib/python3.8/site-packages/dog_srv/srv/_dog_s.c
[11.738s] -- Installing: /home/shunski/aki_ws/install/dog_srv/lib/python3.8/site-packages/dog_srv/srv/__init__.py
[11.738s] -- Installing: /home/shunski/aki_ws/install/dog_srv/lib/python3.8/site-packages/dog_srv/dog_srv_s__rosidl_typesupport_introspection_c.cpython-38-x86_64-linux-gnu.so
[11.738s] -- Set runtime path of "/home/shunski/aki_ws/install/dog_srv/lib/python3.8/site-packages/dog_srv/dog_srv_s__rosidl_typesupport_introspection_c.cpython-38-x86_64-linux-gnu.so" to ""
[11.738s] -- Installing: /home/shunski/aki_ws/install/dog_srv/lib/python3.8/site-packages/dog_srv/dog_srv_s__rosidl_typesupport_fastrtps_c.cpython-38-x86_64-linux-gnu.so
[11.738s] -- Set runtime path of "/home/shunski/aki_ws/install/dog_srv/lib/python3.8/site-packages/dog_srv/dog_srv_s__rosidl_typesupport_fastrtps_c.cpython-38-x86_64-linux-gnu.so" to ""
[11.739s] -- Installing: /home/shunski/aki_ws/install/dog_srv/lib/python3.8/site-packages/dog_srv/dog_srv_s__rosidl_typesupport_c.cpython-38-x86_64-linux-gnu.so
[11.739s] -- Set runtime path of "/home/shunski/aki_ws/install/dog_srv/lib/python3.8/site-packages/dog_srv/dog_srv_s__rosidl_typesupport_c.cpython-38-x86_64-linux-gnu.so" to ""
[11.739s] -- Installing: /home/shunski/aki_ws/install/dog_srv/lib/libdog_srv__python.so
[11.739s] -- Set runtime path of "/home/shunski/aki_ws/install/dog_srv/lib/libdog_srv__python.so" to ""
[11.739s] -- Installing: /home/shunski/aki_ws/install/dog_srv/share/dog_srv/srv/Dog.idl
[11.740s] -- Installing: /home/shunski/aki_ws/install/dog_srv/share/dog_srv/srv/Dog.srv
[11.740s] -- Installing: /home/shunski/aki_ws/install/dog_srv/share/dog_srv/srv/Dog_Request.msg
[11.740s] -- Installing: /home/shunski/aki_ws/install/dog_srv/share/dog_srv/srv/Dog_Response.msg
[11.740s] -- Installing: /home/shunski/aki_ws/install/dog_srv/share/ament_index/resource_index/package_run_dependencies/dog_srv
[11.740s] -- Installing: /home/shunski/aki_ws/install/dog_srv/share/ament_index/resource_index/parent_prefix_path/dog_srv
[11.740s] -- Installing: /home/shunski/aki_ws/install/dog_srv/share/dog_srv/environment/ament_prefix_path.sh
[11.740s] -- Installing: /home/shunski/aki_ws/install/dog_srv/share/dog_srv/environment/ament_prefix_path.dsv
[11.740s] -- Installing: /home/shunski/aki_ws/install/dog_srv/share/dog_srv/environment/path.sh
[11.740s] -- Installing: /home/shunski/aki_ws/install/dog_srv/share/dog_srv/environment/path.dsv
[11.741s] -- Installing: /home/shunski/aki_ws/install/dog_srv/share/dog_srv/local_setup.bash
[11.741s] -- Installing: /home/shunski/aki_ws/install/dog_srv/share/dog_srv/local_setup.sh
[11.741s] -- Installing: /home/shunski/aki_ws/install/dog_srv/share/dog_srv/local_setup.zsh
[11.741s] -- Installing: /home/shunski/aki_ws/install/dog_srv/share/dog_srv/local_setup.dsv
[11.741s] -- Installing: /home/shunski/aki_ws/install/dog_srv/share/dog_srv/package.dsv
[11.741s] -- Installing: /home/shunski/aki_ws/install/dog_srv/share/ament_index/resource_index/packages/dog_srv
[11.741s] -- Installing: /home/shunski/aki_ws/install/dog_srv/share/dog_srv/cmake/dog_srv__rosidl_generator_cExport.cmake
[11.742s] -- Installing: /home/shunski/aki_ws/install/dog_srv/share/dog_srv/cmake/dog_srv__rosidl_generator_cExport-noconfig.cmake
[11.742s] -- Installing: /home/shunski/aki_ws/install/dog_srv/share/dog_srv/cmake/dog_srv__rosidl_typesupport_introspection_cExport.cmake
[11.742s] -- Installing: /home/shunski/aki_ws/install/dog_srv/share/dog_srv/cmake/dog_srv__rosidl_typesupport_introspection_cExport-noconfig.cmake
[11.742s] -- Installing: /home/shunski/aki_ws/install/dog_srv/share/dog_srv/cmake/dog_srv__rosidl_typesupport_cExport.cmake
[11.742s] -- Installing: /home/shunski/aki_ws/install/dog_srv/share/dog_srv/cmake/dog_srv__rosidl_typesupport_cExport-noconfig.cmake
[11.742s] -- Installing: /home/shunski/aki_ws/install/dog_srv/share/dog_srv/cmake/dog_srv__rosidl_generator_cppExport.cmake
[11.742s] -- Installing: /home/shunski/aki_ws/install/dog_srv/share/dog_srv/cmake/dog_srv__rosidl_typesupport_introspection_cppExport.cmake
[11.743s] -- Installing: /home/shunski/aki_ws/install/dog_srv/share/dog_srv/cmake/dog_srv__rosidl_typesupport_introspection_cppExport-noconfig.cmake
[11.743s] -- Installing: /home/shunski/aki_ws/install/dog_srv/share/dog_srv/cmake/dog_srv__rosidl_typesupport_cppExport.cmake
[11.743s] -- Installing: /home/shunski/aki_ws/install/dog_srv/share/dog_srv/cmake/dog_srv__rosidl_typesupport_cppExport-noconfig.cmake
[11.743s] -- Installing: /home/shunski/aki_ws/install/dog_srv/share/dog_srv/cmake/rosidl_cmake-extras.cmake
[11.743s] -- Installing: /home/shunski/aki_ws/install/dog_srv/share/dog_srv/cmake/ament_cmake_export_dependencies-extras.cmake
[11.743s] -- Installing: /home/shunski/aki_ws/install/dog_srv/share/dog_srv/cmake/ament_cmake_export_libraries-extras.cmake
[11.743s] -- Installing: /home/shunski/aki_ws/install/dog_srv/share/dog_srv/cmake/ament_cmake_export_targets-extras.cmake
[11.744s] -- Installing: /home/shunski/aki_ws/install/dog_srv/share/dog_srv/cmake/ament_cmake_export_include_directories-extras.cmake
[11.744s] -- Installing: /home/shunski/aki_ws/install/dog_srv/share/dog_srv/cmake/rosidl_cmake_export_typesupport_targets-extras.cmake
[11.744s] -- Installing: /home/shunski/aki_ws/install/dog_srv/share/dog_srv/cmake/rosidl_cmake_export_typesupport_libraries-extras.cmake
[11.744s] -- Installing: /home/shunski/aki_ws/install/dog_srv/share/dog_srv/cmake/dog_srvConfig.cmake
[11.744s] -- Installing: /home/shunski/aki_ws/install/dog_srv/share/dog_srv/cmake/dog_srvConfig-version.cmake
[11.744s] -- Installing: /home/shunski/aki_ws/install/dog_srv/share/dog_srv/package.xml
[11.747s] Invoked command in '/home/shunski/aki_ws/build/dog_srv' returned '0': CMAKE_PREFIX_PATH=${CMAKE_PREFIX_PATH}:/opt/ros/foxy:/home/shunski/ros2_foxy/install/ros2bag:/home/shunski/ros2_foxy/install/tracetools_launch:/home/shunski/ros2_foxy/install/topic_monitor:/home/shunski/ros2_foxy/install/examples_tf2_py:/home/shunski/ros2_foxy/install/sros2:/home/shunski/ros2_foxy/install/rqt_topic:/home/shunski/ros2_foxy/install/rqt_top:/home/shunski/ros2_foxy/install/rqt_srv:/home/shunski/ros2_foxy/install/rqt_shell:/home/shunski/ros2_foxy/install/rqt_service_caller:/home/shunski/ros2_foxy/install/rqt_reconfigure:/home/shunski/ros2_foxy/install/rqt_py_console:/home/shunski/ros2_foxy/install/rqt_publisher:/home/shunski/ros2_foxy/install/rqt_plot:/home/shunski/ros2_foxy/install/rqt_action:/home/shunski/ros2_foxy/install/rqt_msg:/home/shunski/ros2_foxy/install/rqt:/home/shunski/ros2_foxy/install/rqt_graph:/home/shunski/ros2_foxy/install/rqt_gui_py:/home/shunski/ros2_foxy/install/rqt_gui:/home/shunski/ros2_foxy/install/ros2trace:/home/shunski/ros2_foxy/install/ros2topic:/home/shunski/ros2_foxy/install/ros2test:/home/shunski/ros2_foxy/install/ros2component:/home/shunski/ros2_foxy/install/ros2param:/home/shunski/ros2_foxy/install/ros2lifecycle:/home/shunski/ros2_foxy/install/ros2service:/home/shunski/ros2_foxy/install/ros2run:/home/shunski/ros2_foxy/install/ros2launch:/home/shunski/ros2_foxy/install/ros2pkg:/home/shunski/ros2_foxy/install/ros2node:/home/shunski/ros2_foxy/install/ros2multicast:/home/shunski/ros2_foxy/install/ros2interface:/home/shunski/ros2_foxy/install/ros2doctor:/home/shunski/ros2_foxy/install/ros2action:/home/shunski/ros2_foxy/install/ros2cli:/home/shunski/ros2_foxy/install/quality_of_service_demo_py:/home/shunski/ros2_foxy/install/launch_testing_ros:/home/shunski/ros2_foxy/install/launch_ros:/home/shunski/ros2_foxy/install/examples_rclpy_minimal_subscriber:/home/shunski/ros2_foxy/install/examples_rclpy_minimal_service:/home/shunski/ros2_foxy/install/examples_rclpy_minimal_publisher:/home/shunski/ros2_foxy/install/examples_rclpy_minimal_client:/home/shunski/ros2_foxy/install/examples_rclpy_minimal_action_server:/home/shunski/ros2_foxy/install/examples_rclpy_minimal_action_client:/home/shunski/ros2_foxy/install/examples_rclpy_executors:/home/shunski/ros2_foxy/install/demo_nodes_py:/home/shunski/ros2_foxy/install/action_tutorials_py:/home/shunski/ros2_foxy/install/ament_uncrustify:/home/shunski/ros2_foxy/install/tracetools_trace:/home/shunski/ros2_foxy/install/tracetools_read:/home/shunski/ros2_foxy/install/test_launch_ros:/home/shunski/ros2_foxy/install/sensor_msgs_py:/home/shunski/ros2_foxy/install/rpyutils:/home/shunski/ros2_foxy/install/rosidl_runtime_py:/home/shunski/ros2_foxy/install/launch_yaml:/home/shunski/ros2_foxy/install/launch_xml:/home/shunski/ros2_foxy/install/launch_testing:/home/shunski/ros2_foxy/install/launch:/home/shunski/ros2_foxy/install/osrf_pycommon:/home/shunski/ros2_foxy/install/domain_coordinator:/home/shunski/ros2_foxy/install/ament_xmllint:/home/shunski/ros2_foxy/install/ament_pyflakes:/home/shunski/ros2_foxy/install/ament_pycodestyle:/home/shunski/ros2_foxy/install/ament_pep257:/home/shunski/ros2_foxy/install/ament_pclint:/home/shunski/ros2_foxy/install/ament_package:/home/shunski/ros2_foxy/install/ament_mypy:/home/shunski/ros2_foxy/install/ament_lint_cmake:/home/shunski/ros2_foxy/install/ament_flake8:/home/shunski/ros2_foxy/install/ament_copyright:/home/shunski/ros2_foxy/install/ament_lint:/home/shunski/ros2_foxy/install/ament_index_python:/home/shunski/ros2_foxy/install/ament_cpplint:/home/shunski/ros2_foxy/install/ament_cppcheck:/home/shunski/ros2_foxy/install/ament_clang_tidy:/home/shunski/ros2_foxy/install/ament_clang_format /home/shunski/bin/cmake --install /home/shunski/aki_ws/build/dog_srv
