[0.048s] Invoking command in '/home/shunski/aki_ws/build/dog_srv': /home/shunski/bin/cmake /home/shunski/aki_ws/src/dog_srv -DCMAKE_INSTALL_PREFIX=/home/shunski/aki_ws/install/dog_srv
[0.070s] -- Found ament_cmake: 0.9.8 (/home/shunski/ros2_foxy/install/ament_cmake/share/ament_cmake/cmake)
[0.467s] -- Found PythonInterp: /usr/bin/python3 (found suitable version "3.8.5", minimum required is "3") 
[0.467s] -- Using PYTHON_EXECUTABLE: /usr/bin/python3
[1.152s] -- Found rosidl_default_generators: 1.0.1 (/home/shunski/ros2_foxy/install/rosidl_default_generators/share/rosidl_default_generators/cmake)
[1.262s] -- Using all available rosidl_typesupport_c: rosidl_typesupport_introspection_c;rosidl_typesupport_fastrtps_c
[1.266s] -- Found rosidl_adapter: 1.2.1 (/home/shunski/ros2_foxy/install/rosidl_adapter/share/rosidl_adapter/cmake)
[1.557s] -- Using all available rosidl_typesupport_cpp: rosidl_typesupport_introspection_cpp;rosidl_typesupport_fastrtps_cpp
[1.996s] -- Found PythonInterp: /usr/bin/python3 (found version "3.8.5") 
[2.725s] CMake Error at /home/shunski/ros2_foxy/install/rosidl_adapter/share/rosidl_adapter/cmake/rosidl_adapt_interfaces.cmake:60 (message):
[2.725s]   execute_process(/usr/bin/python3 -m rosidl_adapter --package-name dog_srv
[2.725s]   --arguments-file
[2.725s]   /home/shunski/aki_ws/build/dog_srv/rosidl_adapter__arguments__dog_srv.json
[2.725s]   --output-dir /home/shunski/aki_ws/build/dog_srv/rosidl_adapter/dog_srv
[2.725s]   --output-file
[2.726s]   /home/shunski/aki_ws/build/dog_srv/rosidl_adapter/dog_srv.idls) returned
[2.726s]   error code 1:
[2.726s] 
[2.726s]   Traceback (most recent call last):
[2.726s] 
[2.726s]     File "/usr/lib/python3.8/runpy.py", line 194, in _run_module_as_main
[2.726s]       return _run_code(code, main_globals, None,
[2.726s]     File "/usr/lib/python3.8/runpy.py", line 87, in _run_code
[2.726s]       exec(code, run_globals)
[2.726s]     File "/home/shunski/ros2_foxy/install/rosidl_adapter/lib/python3.8/site-packages/rosidl_adapter/__main__.py", line 19, in <module>
[2.726s]       sys.exit(main())
[2.726s]     File "/home/shunski/ros2_foxy/install/rosidl_adapter/lib/python3.8/site-packages/rosidl_adapter/main.py", line 53, in main
[2.727s]       abs_idl_file = convert_to_idl(
[2.727s]     File "/home/shunski/ros2_foxy/install/rosidl_adapter/lib/python3.8/site-packages/rosidl_adapter/__init__.py", line 24, in convert_to_idl
[2.727s]       return convert_srv_to_idl(
[2.727s]     File "/home/shunski/ros2_foxy/install/rosidl_adapter/lib/python3.8/site-packages/rosidl_adapter/srv/__init__.py", line 28, in convert_srv_to_idl
[2.727s]       srv = parse_service_string(package_name, input_file.stem, content)
[2.727s]     File "/home/shunski/ros2_foxy/install/rosidl_adapter/lib/python3.8/site-packages/rosidl_adapter/parser.py", line 852, in parse_service_string
[2.727s]       request_message = parse_message_string(
[2.727s]     File "/home/shunski/ros2_foxy/install/rosidl_adapter/lib/python3.8/site-packages/rosidl_adapter/parser.py", line 540, in parse_message_string
[2.727s]       msg = MessageSpecification(pkg_name, msg_name, fields, constants)
[2.727s]     File "/home/shunski/ros2_foxy/install/rosidl_adapter/lib/python3.8/site-packages/rosidl_adapter/parser.py", line 387, in __init__
[2.727s]       self.base_type = BaseType(
[2.728s]     File "/home/shunski/ros2_foxy/install/rosidl_adapter/lib/python3.8/site-packages/rosidl_adapter/parser.py", line 204, in __init__
[2.728s]       raise InvalidResourceName(
[2.728s] 
[2.728s]   rosidl_adapter.parser.InvalidResourceName: 'dog_Request' is an invalid
[2.728s]   message name.  It should have the pattern '^[A-Z][A-Za-z0-9]*$'
[2.728s] 
[2.728s] Call Stack (most recent call first):
[2.728s]   /home/shunski/ros2_foxy/install/rosidl_cmake/share/rosidl_cmake/cmake/rosidl_generate_interfaces.cmake:130 (rosidl_adapt_interfaces)
[2.728s]   CMakeLists.txt:23 (rosidl_generate_interfaces)
[2.728s] 
[2.728s] 
[2.728s] -- Configuring incomplete, errors occurred!
[2.728s] See also "/home/shunski/aki_ws/build/dog_srv/CMakeFiles/CMakeOutput.log".
[2.732s] Invoked command in '/home/shunski/aki_ws/build/dog_srv' returned '1': /home/shunski/bin/cmake /home/shunski/aki_ws/src/dog_srv -DCMAKE_INSTALL_PREFIX=/home/shunski/aki_ws/install/dog_srv
