[0.048s] Invoking command in '/home/shunski/aki_ws/build/tutorial_interfaces': CMAKE_PREFIX_PATH=${CMAKE_PREFIX_PATH}:/opt/ros/foxy:/home/shunski/ros2_foxy/install/ros2bag:/home/shunski/ros2_foxy/install/tracetools_launch:/home/shunski/ros2_foxy/install/topic_monitor:/home/shunski/ros2_foxy/install/examples_tf2_py:/home/shunski/ros2_foxy/install/sros2:/home/shunski/ros2_foxy/install/rqt_topic:/home/shunski/ros2_foxy/install/rqt_top:/home/shunski/ros2_foxy/install/rqt_srv:/home/shunski/ros2_foxy/install/rqt_shell:/home/shunski/ros2_foxy/install/rqt_service_caller:/home/shunski/ros2_foxy/install/rqt_reconfigure:/home/shunski/ros2_foxy/install/rqt_py_console:/home/shunski/ros2_foxy/install/rqt_publisher:/home/shunski/ros2_foxy/install/rqt_plot:/home/shunski/ros2_foxy/install/rqt_action:/home/shunski/ros2_foxy/install/rqt_msg:/home/shunski/ros2_foxy/install/rqt:/home/shunski/ros2_foxy/install/rqt_graph:/home/shunski/ros2_foxy/install/rqt_gui_py:/home/shunski/ros2_foxy/install/rqt_gui:/home/shunski/ros2_foxy/install/ros2trace:/home/shunski/ros2_foxy/install/ros2topic:/home/shunski/ros2_foxy/install/ros2test:/home/shunski/ros2_foxy/install/ros2component:/home/shunski/ros2_foxy/install/ros2param:/home/shunski/ros2_foxy/install/ros2lifecycle:/home/shunski/ros2_foxy/install/ros2service:/home/shunski/ros2_foxy/install/ros2run:/home/shunski/ros2_foxy/install/ros2launch:/home/shunski/ros2_foxy/install/ros2pkg:/home/shunski/ros2_foxy/install/ros2node:/home/shunski/ros2_foxy/install/ros2multicast:/home/shunski/ros2_foxy/install/ros2interface:/home/shunski/ros2_foxy/install/ros2doctor:/home/shunski/ros2_foxy/install/ros2action:/home/shunski/ros2_foxy/install/ros2cli:/home/shunski/ros2_foxy/install/quality_of_service_demo_py:/home/shunski/ros2_foxy/install/launch_testing_ros:/home/shunski/ros2_foxy/install/launch_ros:/home/shunski/ros2_foxy/install/examples_rclpy_minimal_subscriber:/home/shunski/ros2_foxy/install/examples_rclpy_minimal_service:/home/shunski/ros2_foxy/install/examples_rclpy_minimal_publisher:/home/shunski/ros2_foxy/install/examples_rclpy_minimal_client:/home/shunski/ros2_foxy/install/examples_rclpy_minimal_action_server:/home/shunski/ros2_foxy/install/examples_rclpy_minimal_action_client:/home/shunski/ros2_foxy/install/examples_rclpy_executors:/home/shunski/ros2_foxy/install/demo_nodes_py:/home/shunski/ros2_foxy/install/action_tutorials_py:/home/shunski/ros2_foxy/install/ament_uncrustify:/home/shunski/ros2_foxy/install/tracetools_trace:/home/shunski/ros2_foxy/install/tracetools_read:/home/shunski/ros2_foxy/install/test_launch_ros:/home/shunski/ros2_foxy/install/sensor_msgs_py:/home/shunski/ros2_foxy/install/rpyutils:/home/shunski/ros2_foxy/install/rosidl_runtime_py:/home/shunski/ros2_foxy/install/launch_yaml:/home/shunski/ros2_foxy/install/launch_xml:/home/shunski/ros2_foxy/install/launch_testing:/home/shunski/ros2_foxy/install/launch:/home/shunski/ros2_foxy/install/osrf_pycommon:/home/shunski/ros2_foxy/install/domain_coordinator:/home/shunski/ros2_foxy/install/ament_xmllint:/home/shunski/ros2_foxy/install/ament_pyflakes:/home/shunski/ros2_foxy/install/ament_pycodestyle:/home/shunski/ros2_foxy/install/ament_pep257:/home/shunski/ros2_foxy/install/ament_pclint:/home/shunski/ros2_foxy/install/ament_package:/home/shunski/ros2_foxy/install/ament_mypy:/home/shunski/ros2_foxy/install/ament_lint_cmake:/home/shunski/ros2_foxy/install/ament_flake8:/home/shunski/ros2_foxy/install/ament_copyright:/home/shunski/ros2_foxy/install/ament_lint:/home/shunski/ros2_foxy/install/ament_index_python:/home/shunski/ros2_foxy/install/ament_cpplint:/home/shunski/ros2_foxy/install/ament_cppcheck:/home/shunski/ros2_foxy/install/ament_clang_tidy:/home/shunski/ros2_foxy/install/ament_clang_format /home/shunski/bin/cmake /home/shunski/aki_ws/src/tutorial_interfaces -DCMAKE_INSTALL_PREFIX=/home/shunski/aki_ws/install/tutorial_interfaces
[0.169s] -- The C compiler identification is GNU 9.3.0
[0.317s] -- The CXX compiler identification is GNU 9.3.0
[0.355s] -- Detecting C compiler ABI info
[0.449s] -- Detecting C compiler ABI info - done
[0.461s] -- Check for working C compiler: /usr/bin/cc - skipped
[0.461s] -- Detecting C compile features
[0.461s] -- Detecting C compile features - done
[0.465s] -- Detecting CXX compiler ABI info
[0.575s] -- Detecting CXX compiler ABI info - done
[0.584s] -- Check for working CXX compiler: /usr/bin/c++ - skipped
[0.584s] -- Detecting CXX compile features
[0.585s] -- Detecting CXX compile features - done
[0.606s] -- Found ament_cmake: 0.9.8 (/home/shunski/ros2_foxy/install/ament_cmake/share/ament_cmake/cmake)
[1.053s] -- Found PythonInterp: /usr/bin/python3 (found suitable version "3.8.5", minimum required is "3") 
[1.053s] -- Using PYTHON_EXECUTABLE: /usr/bin/python3
[2.025s] -- Found rosidl_default_generators: 1.0.1 (/home/shunski/ros2_foxy/install/rosidl_default_generators/share/rosidl_default_generators/cmake)
[2.148s] -- Using all available rosidl_typesupport_c: rosidl_typesupport_introspection_c;rosidl_typesupport_fastrtps_c
[2.195s] -- Found rosidl_adapter: 1.2.1 (/home/shunski/ros2_foxy/install/rosidl_adapter/share/rosidl_adapter/cmake)
[2.581s] -- Found OpenSSL: /usr/lib/x86_64-linux-gnu/libcrypto.so (found version "1.1.1f")  
[2.664s] -- Found FastRTPS: /home/shunski/ros2_foxy/install/fastrtps/include  
[2.912s] -- Using all available rosidl_typesupport_cpp: rosidl_typesupport_introspection_cpp;rosidl_typesupport_fastrtps_cpp
[3.384s] -- Found PythonInterp: /usr/bin/python3 (found version "3.8.5") 
[4.429s] -- Found ament_cmake_ros: 0.9.2 (/home/shunski/ros2_foxy/install/ament_cmake_ros/share/ament_cmake_ros/cmake)
[4.945s] -- Using all available rosidl_typesupport_c: rosidl_typesupport_introspection_c;rosidl_typesupport_fastrtps_c
[5.089s] -- Using all available rosidl_typesupport_cpp: rosidl_typesupport_introspection_cpp;rosidl_typesupport_fastrtps_cpp
[5.569s] -- Found PythonInterp: /usr/bin/python3 (found suitable version "3.8.5", minimum required is "3.5") 
[5.591s] -- Found python_cmake_module: 0.8.1 (/home/shunski/ros2_foxy/install/python_cmake_module/share/python_cmake_module/cmake)
[6.019s] -- Found PythonLibs: /usr/lib/x86_64-linux-gnu/libpython3.8.so (found suitable version "3.8.5", minimum required is "3.5") 
[6.019s] -- Using PYTHON_EXECUTABLE: /usr/bin/python3
[6.020s] -- Using PYTHON_INCLUDE_DIRS: /usr/include/python3.8
[6.020s] -- Using PYTHON_LIBRARIES: /usr/lib/x86_64-linux-gnu/libpython3.8.so
[6.432s] -- Found PythonExtra: .so  
[7.264s] -- Found ament_lint_auto: 0.9.6 (/home/shunski/ros2_foxy/install/ament_lint_auto/share/ament_lint_auto/cmake)
[7.420s] -- Added test 'copyright' to check source files copyright and LICENSE
[7.427s] -- Added test 'lint_cmake' to check CMake code style
[7.434s] -- Added test 'xmllint' to check XML markup files
[7.447s] -- Configuring done
[7.480s] -- Generating done
[7.482s] -- Build files have been written to: /home/shunski/aki_ws/build/tutorial_interfaces
[7.494s] Invoked command in '/home/shunski/aki_ws/build/tutorial_interfaces' returned '0': CMAKE_PREFIX_PATH=${CMAKE_PREFIX_PATH}:/opt/ros/foxy:/home/shunski/ros2_foxy/install/ros2bag:/home/shunski/ros2_foxy/install/tracetools_launch:/home/shunski/ros2_foxy/install/topic_monitor:/home/shunski/ros2_foxy/install/examples_tf2_py:/home/shunski/ros2_foxy/install/sros2:/home/shunski/ros2_foxy/install/rqt_topic:/home/shunski/ros2_foxy/install/rqt_top:/home/shunski/ros2_foxy/install/rqt_srv:/home/shunski/ros2_foxy/install/rqt_shell:/home/shunski/ros2_foxy/install/rqt_service_caller:/home/shunski/ros2_foxy/install/rqt_reconfigure:/home/shunski/ros2_foxy/install/rqt_py_console:/home/shunski/ros2_foxy/install/rqt_publisher:/home/shunski/ros2_foxy/install/rqt_plot:/home/shunski/ros2_foxy/install/rqt_action:/home/shunski/ros2_foxy/install/rqt_msg:/home/shunski/ros2_foxy/install/rqt:/home/shunski/ros2_foxy/install/rqt_graph:/home/shunski/ros2_foxy/install/rqt_gui_py:/home/shunski/ros2_foxy/install/rqt_gui:/home/shunski/ros2_foxy/install/ros2trace:/home/shunski/ros2_foxy/install/ros2topic:/home/shunski/ros2_foxy/install/ros2test:/home/shunski/ros2_foxy/install/ros2component:/home/shunski/ros2_foxy/install/ros2param:/home/shunski/ros2_foxy/install/ros2lifecycle:/home/shunski/ros2_foxy/install/ros2service:/home/shunski/ros2_foxy/install/ros2run:/home/shunski/ros2_foxy/install/ros2launch:/home/shunski/ros2_foxy/install/ros2pkg:/home/shunski/ros2_foxy/install/ros2node:/home/shunski/ros2_foxy/install/ros2multicast:/home/shunski/ros2_foxy/install/ros2interface:/home/shunski/ros2_foxy/install/ros2doctor:/home/shunski/ros2_foxy/install/ros2action:/home/shunski/ros2_foxy/install/ros2cli:/home/shunski/ros2_foxy/install/quality_of_service_demo_py:/home/shunski/ros2_foxy/install/launch_testing_ros:/home/shunski/ros2_foxy/install/launch_ros:/home/shunski/ros2_foxy/install/examples_rclpy_minimal_subscriber:/home/shunski/ros2_foxy/install/examples_rclpy_minimal_service:/home/shunski/ros2_foxy/install/examples_rclpy_minimal_publisher:/home/shunski/ros2_foxy/install/examples_rclpy_minimal_client:/home/shunski/ros2_foxy/install/examples_rclpy_minimal_action_server:/home/shunski/ros2_foxy/install/examples_rclpy_minimal_action_client:/home/shunski/ros2_foxy/install/examples_rclpy_executors:/home/shunski/ros2_foxy/install/demo_nodes_py:/home/shunski/ros2_foxy/install/action_tutorials_py:/home/shunski/ros2_foxy/install/ament_uncrustify:/home/shunski/ros2_foxy/install/tracetools_trace:/home/shunski/ros2_foxy/install/tracetools_read:/home/shunski/ros2_foxy/install/test_launch_ros:/home/shunski/ros2_foxy/install/sensor_msgs_py:/home/shunski/ros2_foxy/install/rpyutils:/home/shunski/ros2_foxy/install/rosidl_runtime_py:/home/shunski/ros2_foxy/install/launch_yaml:/home/shunski/ros2_foxy/install/launch_xml:/home/shunski/ros2_foxy/install/launch_testing:/home/shunski/ros2_foxy/install/launch:/home/shunski/ros2_foxy/install/osrf_pycommon:/home/shunski/ros2_foxy/install/domain_coordinator:/home/shunski/ros2_foxy/install/ament_xmllint:/home/shunski/ros2_foxy/install/ament_pyflakes:/home/shunski/ros2_foxy/install/ament_pycodestyle:/home/shunski/ros2_foxy/install/ament_pep257:/home/shunski/ros2_foxy/install/ament_pclint:/home/shunski/ros2_foxy/install/ament_package:/home/shunski/ros2_foxy/install/ament_mypy:/home/shunski/ros2_foxy/install/ament_lint_cmake:/home/shunski/ros2_foxy/install/ament_flake8:/home/shunski/ros2_foxy/install/ament_copyright:/home/shunski/ros2_foxy/install/ament_lint:/home/shunski/ros2_foxy/install/ament_index_python:/home/shunski/ros2_foxy/install/ament_cpplint:/home/shunski/ros2_foxy/install/ament_cppcheck:/home/shunski/ros2_foxy/install/ament_clang_tidy:/home/shunski/ros2_foxy/install/ament_clang_format /home/shunski/bin/cmake /home/shunski/aki_ws/src/tutorial_interfaces -DCMAKE_INSTALL_PREFIX=/home/shunski/aki_ws/install/tutorial_interfaces
[7.497s] Invoking command in '/home/shunski/aki_ws/build/tutorial_interfaces': CMAKE_PREFIX_PATH=${CMAKE_PREFIX_PATH}:/opt/ros/foxy:/home/shunski/ros2_foxy/install/ros2bag:/home/shunski/ros2_foxy/install/tracetools_launch:/home/shunski/ros2_foxy/install/topic_monitor:/home/shunski/ros2_foxy/install/examples_tf2_py:/home/shunski/ros2_foxy/install/sros2:/home/shunski/ros2_foxy/install/rqt_topic:/home/shunski/ros2_foxy/install/rqt_top:/home/shunski/ros2_foxy/install/rqt_srv:/home/shunski/ros2_foxy/install/rqt_shell:/home/shunski/ros2_foxy/install/rqt_service_caller:/home/shunski/ros2_foxy/install/rqt_reconfigure:/home/shunski/ros2_foxy/install/rqt_py_console:/home/shunski/ros2_foxy/install/rqt_publisher:/home/shunski/ros2_foxy/install/rqt_plot:/home/shunski/ros2_foxy/install/rqt_action:/home/shunski/ros2_foxy/install/rqt_msg:/home/shunski/ros2_foxy/install/rqt:/home/shunski/ros2_foxy/install/rqt_graph:/home/shunski/ros2_foxy/install/rqt_gui_py:/home/shunski/ros2_foxy/install/rqt_gui:/home/shunski/ros2_foxy/install/ros2trace:/home/shunski/ros2_foxy/install/ros2topic:/home/shunski/ros2_foxy/install/ros2test:/home/shunski/ros2_foxy/install/ros2component:/home/shunski/ros2_foxy/install/ros2param:/home/shunski/ros2_foxy/install/ros2lifecycle:/home/shunski/ros2_foxy/install/ros2service:/home/shunski/ros2_foxy/install/ros2run:/home/shunski/ros2_foxy/install/ros2launch:/home/shunski/ros2_foxy/install/ros2pkg:/home/shunski/ros2_foxy/install/ros2node:/home/shunski/ros2_foxy/install/ros2multicast:/home/shunski/ros2_foxy/install/ros2interface:/home/shunski/ros2_foxy/install/ros2doctor:/home/shunski/ros2_foxy/install/ros2action:/home/shunski/ros2_foxy/install/ros2cli:/home/shunski/ros2_foxy/install/quality_of_service_demo_py:/home/shunski/ros2_foxy/install/launch_testing_ros:/home/shunski/ros2_foxy/install/launch_ros:/home/shunski/ros2_foxy/install/examples_rclpy_minimal_subscriber:/home/shunski/ros2_foxy/install/examples_rclpy_minimal_service:/home/shunski/ros2_foxy/install/examples_rclpy_minimal_publisher:/home/shunski/ros2_foxy/install/examples_rclpy_minimal_client:/home/shunski/ros2_foxy/install/examples_rclpy_minimal_action_server:/home/shunski/ros2_foxy/install/examples_rclpy_minimal_action_client:/home/shunski/ros2_foxy/install/examples_rclpy_executors:/home/shunski/ros2_foxy/install/demo_nodes_py:/home/shunski/ros2_foxy/install/action_tutorials_py:/home/shunski/ros2_foxy/install/ament_uncrustify:/home/shunski/ros2_foxy/install/tracetools_trace:/home/shunski/ros2_foxy/install/tracetools_read:/home/shunski/ros2_foxy/install/test_launch_ros:/home/shunski/ros2_foxy/install/sensor_msgs_py:/home/shunski/ros2_foxy/install/rpyutils:/home/shunski/ros2_foxy/install/rosidl_runtime_py:/home/shunski/ros2_foxy/install/launch_yaml:/home/shunski/ros2_foxy/install/launch_xml:/home/shunski/ros2_foxy/install/launch_testing:/home/shunski/ros2_foxy/install/launch:/home/shunski/ros2_foxy/install/osrf_pycommon:/home/shunski/ros2_foxy/install/domain_coordinator:/home/shunski/ros2_foxy/install/ament_xmllint:/home/shunski/ros2_foxy/install/ament_pyflakes:/home/shunski/ros2_foxy/install/ament_pycodestyle:/home/shunski/ros2_foxy/install/ament_pep257:/home/shunski/ros2_foxy/install/ament_pclint:/home/shunski/ros2_foxy/install/ament_package:/home/shunski/ros2_foxy/install/ament_mypy:/home/shunski/ros2_foxy/install/ament_lint_cmake:/home/shunski/ros2_foxy/install/ament_flake8:/home/shunski/ros2_foxy/install/ament_copyright:/home/shunski/ros2_foxy/install/ament_lint:/home/shunski/ros2_foxy/install/ament_index_python:/home/shunski/ros2_foxy/install/ament_cpplint:/home/shunski/ros2_foxy/install/ament_cppcheck:/home/shunski/ros2_foxy/install/ament_clang_tidy:/home/shunski/ros2_foxy/install/ament_clang_format /home/shunski/bin/cmake --build /home/shunski/aki_ws/build/tutorial_interfaces -- -j8 -l8
[7.538s] [35m[1mScanning dependencies of target tutorial_interfaces__cpp[0m
[7.538s] [  3%] [34m[1mGenerating C code for ROS interfaces[0m
[7.549s] [  6%] [34m[1mGenerating C++ code for ROS interfaces[0m
[8.243s] [  6%] Built target tutorial_interfaces__cpp
[8.250s] [35m[1mScanning dependencies of target tutorial_interfaces__rosidl_generator_c[0m
[8.255s] [  9%] [34m[1mGenerating C++ type support for eProsima Fast-RTPS[0m
[8.256s] [ 12%] [34m[1mGenerating C++ type support dispatch for ROS interfaces[0m
[8.256s] [ 16%] [34m[1mGenerating C++ introspection for ROS interfaces[0m
[8.262s] [ 19%] [32mBuilding C object CMakeFiles/tutorial_interfaces__rosidl_generator_c.dir/rosidl_generator_c/tutorial_interfaces/srv/detail/add_three_ints__functions.c.o[0m
[8.316s] [ 22%] [32m[1mLinking C shared library libtutorial_interfaces__rosidl_generator_c.so[0m
[8.354s] [ 22%] Built target tutorial_interfaces__rosidl_generator_c
[8.366s] [ 25%] [34m[1mGenerating C introspection for ROS interfaces[0m
[8.370s] [ 29%] [34m[1mGenerating C type support dispatch for ROS interfaces[0m
[8.958s] [35m[1mScanning dependencies of target tutorial_interfaces__rosidl_typesupport_cpp[0m
[8.971s] [ 32%] [32mBuilding CXX object CMakeFiles/tutorial_interfaces__rosidl_typesupport_cpp.dir/rosidl_typesupport_cpp/tutorial_interfaces/srv/add_three_ints__type_support.cpp.o[0m
[8.996s] [35m[1mScanning dependencies of target tutorial_interfaces__rosidl_typesupport_fastrtps_cpp[0m
[9.012s] [ 35%] [32mBuilding CXX object CMakeFiles/tutorial_interfaces__rosidl_typesupport_fastrtps_cpp.dir/rosidl_typesupport_fastrtps_cpp/tutorial_interfaces/srv/detail/dds_fastrtps/add_three_ints__type_support.cpp.o[0m
[9.091s] [35m[1mScanning dependencies of target tutorial_interfaces__rosidl_typesupport_introspection_c[0m
[9.103s] [ 38%] [32mBuilding C object CMakeFiles/tutorial_interfaces__rosidl_typesupport_introspection_c.dir/rosidl_typesupport_introspection_c/tutorial_interfaces/srv/detail/add_three_ints__type_support.c.o[0m
[9.150s] [ 41%] [32m[1mLinking C shared library libtutorial_interfaces__rosidl_typesupport_introspection_c.so[0m
[9.183s] [ 41%] Built target tutorial_interfaces__rosidl_typesupport_introspection_c
[9.316s] [ 45%] [32m[1mLinking CXX shared library libtutorial_interfaces__rosidl_typesupport_cpp.so[0m
[9.361s] [ 45%] Built target tutorial_interfaces__rosidl_typesupport_cpp
[9.512s] [ 48%] [32m[1mLinking CXX shared library libtutorial_interfaces__rosidl_typesupport_fastrtps_cpp.so[0m
[9.601s] [35m[1mScanning dependencies of target tutorial_interfaces__rosidl_typesupport_introspection_cpp[0m
[9.614s] [ 51%] [32mBuilding CXX object CMakeFiles/tutorial_interfaces__rosidl_typesupport_introspection_cpp.dir/rosidl_typesupport_introspection_cpp/tutorial_interfaces/srv/detail/add_three_ints__type_support.cpp.o[0m
[9.622s] [ 51%] Built target tutorial_interfaces__rosidl_typesupport_fastrtps_cpp
[9.632s] [ 54%] [34m[1mGenerating C type support for eProsima Fast-RTPS[0m
[9.681s] [35m[1mScanning dependencies of target tutorial_interfaces__rosidl_typesupport_c[0m
[9.692s] [ 58%] [32mBuilding CXX object CMakeFiles/tutorial_interfaces__rosidl_typesupport_c.dir/rosidl_typesupport_c/tutorial_interfaces/srv/add_three_ints__type_support.cpp.o[0m
[9.735s] [ 61%] [32m[1mLinking CXX shared library libtutorial_interfaces__rosidl_typesupport_c.so[0m
[9.779s] [ 61%] Built target tutorial_interfaces__rosidl_typesupport_c
[9.940s] [ 64%] [32m[1mLinking CXX shared library libtutorial_interfaces__rosidl_typesupport_introspection_cpp.so[0m
[9.982s] [ 64%] Built target tutorial_interfaces__rosidl_typesupport_introspection_cpp
[10.333s] [35m[1mScanning dependencies of target tutorial_interfaces__rosidl_typesupport_fastrtps_c[0m
[10.353s] [ 67%] [32mBuilding CXX object CMakeFiles/tutorial_interfaces__rosidl_typesupport_fastrtps_c.dir/rosidl_typesupport_fastrtps_c/tutorial_interfaces/srv/detail/add_three_ints__type_support_c.cpp.o[0m
[10.768s] [ 70%] [32m[1mLinking CXX shared library libtutorial_interfaces__rosidl_typesupport_fastrtps_c.so[0m
[10.876s] [ 70%] Built target tutorial_interfaces__rosidl_typesupport_fastrtps_c
[10.890s] [35m[1mScanning dependencies of target tutorial_interfaces[0m
[10.901s] [ 70%] Built target tutorial_interfaces
[10.916s] [35m[1mScanning dependencies of target tutorial_interfaces__py[0m
[10.930s] [ 74%] [34m[1mGenerating Python code for ROS interfaces[0m
[11.905s] [ 74%] Built target tutorial_interfaces__py
[11.920s] [35m[1mScanning dependencies of target tutorial_interfaces__python[0m
[11.942s] [ 77%] [32mBuilding C object CMakeFiles/tutorial_interfaces__python.dir/rosidl_generator_py/tutorial_interfaces/srv/_add_three_ints_s.c.o[0m
[12.053s] [ 80%] [32m[1mLinking C shared library rosidl_generator_py/tutorial_interfaces/libtutorial_interfaces__python.so[0m
[12.098s] [ 80%] Built target tutorial_interfaces__python
[12.111s] [35m[1mScanning dependencies of target tutorial_interfaces__rosidl_typesupport_c__pyext[0m
[12.111s] [35m[1mScanning dependencies of target tutorial_interfaces__rosidl_typesupport_introspection_c__pyext[0m
[12.111s] [35m[1mScanning dependencies of target tutorial_interfaces__rosidl_typesupport_fastrtps_c__pyext[0m
[12.128s] [ 87%] [32mBuilding C object CMakeFiles/tutorial_interfaces__rosidl_typesupport_c__pyext.dir/rosidl_generator_py/tutorial_interfaces/_tutorial_interfaces_s.ep.rosidl_typesupport_c.c.o[0m
[12.128s] [ 87%] [32mBuilding C object CMakeFiles/tutorial_interfaces__rosidl_typesupport_introspection_c__pyext.dir/rosidl_generator_py/tutorial_interfaces/_tutorial_interfaces_s.ep.rosidl_typesupport_introspection_c.c.o[0m
[12.129s] [ 90%] [32mBuilding C object CMakeFiles/tutorial_interfaces__rosidl_typesupport_fastrtps_c__pyext.dir/rosidl_generator_py/tutorial_interfaces/_tutorial_interfaces_s.ep.rosidl_typesupport_fastrtps_c.c.o[0m
[12.231s] [ 93%] [32m[1mLinking C shared library rosidl_generator_py/tutorial_interfaces/tutorial_interfaces_s__rosidl_typesupport_c.cpython-38-x86_64-linux-gnu.so[0m
[12.234s] [ 96%] [32m[1mLinking C shared library rosidl_generator_py/tutorial_interfaces/tutorial_interfaces_s__rosidl_typesupport_introspection_c.cpython-38-x86_64-linux-gnu.so[0m
[12.247s] [100%] [32m[1mLinking CXX shared library rosidl_generator_py/tutorial_interfaces/tutorial_interfaces_s__rosidl_typesupport_fastrtps_c.cpython-38-x86_64-linux-gnu.so[0m
[12.268s] [100%] Built target tutorial_interfaces__rosidl_typesupport_c__pyext
[12.272s] [100%] Built target tutorial_interfaces__rosidl_typesupport_introspection_c__pyext
[12.317s] [100%] Built target tutorial_interfaces__rosidl_typesupport_fastrtps_c__pyext
[12.325s] Invoked command in '/home/shunski/aki_ws/build/tutorial_interfaces' returned '0': CMAKE_PREFIX_PATH=${CMAKE_PREFIX_PATH}:/opt/ros/foxy:/home/shunski/ros2_foxy/install/ros2bag:/home/shunski/ros2_foxy/install/tracetools_launch:/home/shunski/ros2_foxy/install/topic_monitor:/home/shunski/ros2_foxy/install/examples_tf2_py:/home/shunski/ros2_foxy/install/sros2:/home/shunski/ros2_foxy/install/rqt_topic:/home/shunski/ros2_foxy/install/rqt_top:/home/shunski/ros2_foxy/install/rqt_srv:/home/shunski/ros2_foxy/install/rqt_shell:/home/shunski/ros2_foxy/install/rqt_service_caller:/home/shunski/ros2_foxy/install/rqt_reconfigure:/home/shunski/ros2_foxy/install/rqt_py_console:/home/shunski/ros2_foxy/install/rqt_publisher:/home/shunski/ros2_foxy/install/rqt_plot:/home/shunski/ros2_foxy/install/rqt_action:/home/shunski/ros2_foxy/install/rqt_msg:/home/shunski/ros2_foxy/install/rqt:/home/shunski/ros2_foxy/install/rqt_graph:/home/shunski/ros2_foxy/install/rqt_gui_py:/home/shunski/ros2_foxy/install/rqt_gui:/home/shunski/ros2_foxy/install/ros2trace:/home/shunski/ros2_foxy/install/ros2topic:/home/shunski/ros2_foxy/install/ros2test:/home/shunski/ros2_foxy/install/ros2component:/home/shunski/ros2_foxy/install/ros2param:/home/shunski/ros2_foxy/install/ros2lifecycle:/home/shunski/ros2_foxy/install/ros2service:/home/shunski/ros2_foxy/install/ros2run:/home/shunski/ros2_foxy/install/ros2launch:/home/shunski/ros2_foxy/install/ros2pkg:/home/shunski/ros2_foxy/install/ros2node:/home/shunski/ros2_foxy/install/ros2multicast:/home/shunski/ros2_foxy/install/ros2interface:/home/shunski/ros2_foxy/install/ros2doctor:/home/shunski/ros2_foxy/install/ros2action:/home/shunski/ros2_foxy/install/ros2cli:/home/shunski/ros2_foxy/install/quality_of_service_demo_py:/home/shunski/ros2_foxy/install/launch_testing_ros:/home/shunski/ros2_foxy/install/launch_ros:/home/shunski/ros2_foxy/install/examples_rclpy_minimal_subscriber:/home/shunski/ros2_foxy/install/examples_rclpy_minimal_service:/home/shunski/ros2_foxy/install/examples_rclpy_minimal_publisher:/home/shunski/ros2_foxy/install/examples_rclpy_minimal_client:/home/shunski/ros2_foxy/install/examples_rclpy_minimal_action_server:/home/shunski/ros2_foxy/install/examples_rclpy_minimal_action_client:/home/shunski/ros2_foxy/install/examples_rclpy_executors:/home/shunski/ros2_foxy/install/demo_nodes_py:/home/shunski/ros2_foxy/install/action_tutorials_py:/home/shunski/ros2_foxy/install/ament_uncrustify:/home/shunski/ros2_foxy/install/tracetools_trace:/home/shunski/ros2_foxy/install/tracetools_read:/home/shunski/ros2_foxy/install/test_launch_ros:/home/shunski/ros2_foxy/install/sensor_msgs_py:/home/shunski/ros2_foxy/install/rpyutils:/home/shunski/ros2_foxy/install/rosidl_runtime_py:/home/shunski/ros2_foxy/install/launch_yaml:/home/shunski/ros2_foxy/install/launch_xml:/home/shunski/ros2_foxy/install/launch_testing:/home/shunski/ros2_foxy/install/launch:/home/shunski/ros2_foxy/install/osrf_pycommon:/home/shunski/ros2_foxy/install/domain_coordinator:/home/shunski/ros2_foxy/install/ament_xmllint:/home/shunski/ros2_foxy/install/ament_pyflakes:/home/shunski/ros2_foxy/install/ament_pycodestyle:/home/shunski/ros2_foxy/install/ament_pep257:/home/shunski/ros2_foxy/install/ament_pclint:/home/shunski/ros2_foxy/install/ament_package:/home/shunski/ros2_foxy/install/ament_mypy:/home/shunski/ros2_foxy/install/ament_lint_cmake:/home/shunski/ros2_foxy/install/ament_flake8:/home/shunski/ros2_foxy/install/ament_copyright:/home/shunski/ros2_foxy/install/ament_lint:/home/shunski/ros2_foxy/install/ament_index_python:/home/shunski/ros2_foxy/install/ament_cpplint:/home/shunski/ros2_foxy/install/ament_cppcheck:/home/shunski/ros2_foxy/install/ament_clang_tidy:/home/shunski/ros2_foxy/install/ament_clang_format /home/shunski/bin/cmake --build /home/shunski/aki_ws/build/tutorial_interfaces -- -j8 -l8
[12.523s] Invoking command in '/home/shunski/aki_ws/build/tutorial_interfaces': CMAKE_PREFIX_PATH=${CMAKE_PREFIX_PATH}:/opt/ros/foxy:/home/shunski/ros2_foxy/install/ros2bag:/home/shunski/ros2_foxy/install/tracetools_launch:/home/shunski/ros2_foxy/install/topic_monitor:/home/shunski/ros2_foxy/install/examples_tf2_py:/home/shunski/ros2_foxy/install/sros2:/home/shunski/ros2_foxy/install/rqt_topic:/home/shunski/ros2_foxy/install/rqt_top:/home/shunski/ros2_foxy/install/rqt_srv:/home/shunski/ros2_foxy/install/rqt_shell:/home/shunski/ros2_foxy/install/rqt_service_caller:/home/shunski/ros2_foxy/install/rqt_reconfigure:/home/shunski/ros2_foxy/install/rqt_py_console:/home/shunski/ros2_foxy/install/rqt_publisher:/home/shunski/ros2_foxy/install/rqt_plot:/home/shunski/ros2_foxy/install/rqt_action:/home/shunski/ros2_foxy/install/rqt_msg:/home/shunski/ros2_foxy/install/rqt:/home/shunski/ros2_foxy/install/rqt_graph:/home/shunski/ros2_foxy/install/rqt_gui_py:/home/shunski/ros2_foxy/install/rqt_gui:/home/shunski/ros2_foxy/install/ros2trace:/home/shunski/ros2_foxy/install/ros2topic:/home/shunski/ros2_foxy/install/ros2test:/home/shunski/ros2_foxy/install/ros2component:/home/shunski/ros2_foxy/install/ros2param:/home/shunski/ros2_foxy/install/ros2lifecycle:/home/shunski/ros2_foxy/install/ros2service:/home/shunski/ros2_foxy/install/ros2run:/home/shunski/ros2_foxy/install/ros2launch:/home/shunski/ros2_foxy/install/ros2pkg:/home/shunski/ros2_foxy/install/ros2node:/home/shunski/ros2_foxy/install/ros2multicast:/home/shunski/ros2_foxy/install/ros2interface:/home/shunski/ros2_foxy/install/ros2doctor:/home/shunski/ros2_foxy/install/ros2action:/home/shunski/ros2_foxy/install/ros2cli:/home/shunski/ros2_foxy/install/quality_of_service_demo_py:/home/shunski/ros2_foxy/install/launch_testing_ros:/home/shunski/ros2_foxy/install/launch_ros:/home/shunski/ros2_foxy/install/examples_rclpy_minimal_subscriber:/home/shunski/ros2_foxy/install/examples_rclpy_minimal_service:/home/shunski/ros2_foxy/install/examples_rclpy_minimal_publisher:/home/shunski/ros2_foxy/install/examples_rclpy_minimal_client:/home/shunski/ros2_foxy/install/examples_rclpy_minimal_action_server:/home/shunski/ros2_foxy/install/examples_rclpy_minimal_action_client:/home/shunski/ros2_foxy/install/examples_rclpy_executors:/home/shunski/ros2_foxy/install/demo_nodes_py:/home/shunski/ros2_foxy/install/action_tutorials_py:/home/shunski/ros2_foxy/install/ament_uncrustify:/home/shunski/ros2_foxy/install/tracetools_trace:/home/shunski/ros2_foxy/install/tracetools_read:/home/shunski/ros2_foxy/install/test_launch_ros:/home/shunski/ros2_foxy/install/sensor_msgs_py:/home/shunski/ros2_foxy/install/rpyutils:/home/shunski/ros2_foxy/install/rosidl_runtime_py:/home/shunski/ros2_foxy/install/launch_yaml:/home/shunski/ros2_foxy/install/launch_xml:/home/shunski/ros2_foxy/install/launch_testing:/home/shunski/ros2_foxy/install/launch:/home/shunski/ros2_foxy/install/osrf_pycommon:/home/shunski/ros2_foxy/install/domain_coordinator:/home/shunski/ros2_foxy/install/ament_xmllint:/home/shunski/ros2_foxy/install/ament_pyflakes:/home/shunski/ros2_foxy/install/ament_pycodestyle:/home/shunski/ros2_foxy/install/ament_pep257:/home/shunski/ros2_foxy/install/ament_pclint:/home/shunski/ros2_foxy/install/ament_package:/home/shunski/ros2_foxy/install/ament_mypy:/home/shunski/ros2_foxy/install/ament_lint_cmake:/home/shunski/ros2_foxy/install/ament_flake8:/home/shunski/ros2_foxy/install/ament_copyright:/home/shunski/ros2_foxy/install/ament_lint:/home/shunski/ros2_foxy/install/ament_index_python:/home/shunski/ros2_foxy/install/ament_cpplint:/home/shunski/ros2_foxy/install/ament_cppcheck:/home/shunski/ros2_foxy/install/ament_clang_tidy:/home/shunski/ros2_foxy/install/ament_clang_format /home/shunski/bin/cmake --install /home/shunski/aki_ws/build/tutorial_interfaces
[12.528s] -- Install configuration: ""
[12.528s] -- Installing: /home/shunski/aki_ws/install/tutorial_interfaces/share/ament_index/resource_index/rosidl_interfaces/tutorial_interfaces
[12.529s] -- Installing: /home/shunski/aki_ws/install/tutorial_interfaces/include/tutorial_interfaces
[12.529s] -- Installing: /home/shunski/aki_ws/install/tutorial_interfaces/include/tutorial_interfaces/srv
[12.529s] -- Installing: /home/shunski/aki_ws/install/tutorial_interfaces/include/tutorial_interfaces/srv/detail
[12.529s] -- Installing: /home/shunski/aki_ws/install/tutorial_interfaces/include/tutorial_interfaces/srv/detail/add_three_ints__type_support.h
[12.530s] -- Installing: /home/shunski/aki_ws/install/tutorial_interfaces/include/tutorial_interfaces/srv/detail/add_three_ints__struct.h
[12.530s] -- Installing: /home/shunski/aki_ws/install/tutorial_interfaces/include/tutorial_interfaces/srv/detail/add_three_ints__functions.h
[12.530s] -- Installing: /home/shunski/aki_ws/install/tutorial_interfaces/include/tutorial_interfaces/srv/detail/add_three_ints__functions.c
[12.530s] -- Installing: /home/shunski/aki_ws/install/tutorial_interfaces/include/tutorial_interfaces/srv/add_three_ints.h
[12.531s] -- Installing: /home/shunski/aki_ws/install/tutorial_interfaces/include/tutorial_interfaces/msg
[12.531s] -- Installing: /home/shunski/aki_ws/install/tutorial_interfaces/include/tutorial_interfaces/msg/rosidl_generator_c__visibility_control.h
[12.531s] -- Installing: /home/shunski/aki_ws/install/tutorial_interfaces/share/tutorial_interfaces/environment/library_path.sh
[12.532s] -- Installing: /home/shunski/aki_ws/install/tutorial_interfaces/share/tutorial_interfaces/environment/library_path.dsv
[12.532s] -- Installing: /home/shunski/aki_ws/install/tutorial_interfaces/lib/libtutorial_interfaces__rosidl_generator_c.so
[12.532s] -- Set runtime path of "/home/shunski/aki_ws/install/tutorial_interfaces/lib/libtutorial_interfaces__rosidl_generator_c.so" to ""
[12.532s] -- Up-to-date: /home/shunski/aki_ws/install/tutorial_interfaces/include/tutorial_interfaces
[12.532s] -- Up-to-date: /home/shunski/aki_ws/install/tutorial_interfaces/include/tutorial_interfaces/srv
[12.533s] -- Up-to-date: /home/shunski/aki_ws/install/tutorial_interfaces/include/tutorial_interfaces/srv/detail
[12.533s] -- Installing: /home/shunski/aki_ws/install/tutorial_interfaces/include/tutorial_interfaces/srv/detail/add_three_ints__type_support.c
[12.533s] -- Installing: /home/shunski/aki_ws/install/tutorial_interfaces/include/tutorial_interfaces/srv/detail/add_three_ints__rosidl_typesupport_introspection_c.h
[12.533s] -- Up-to-date: /home/shunski/aki_ws/install/tutorial_interfaces/include/tutorial_interfaces/msg
[12.533s] -- Installing: /home/shunski/aki_ws/install/tutorial_interfaces/include/tutorial_interfaces/msg/rosidl_typesupport_introspection_c__visibility_control.h
[12.533s] -- Installing: /home/shunski/aki_ws/install/tutorial_interfaces/lib/libtutorial_interfaces__rosidl_typesupport_introspection_c.so
[12.534s] -- Set runtime path of "/home/shunski/aki_ws/install/tutorial_interfaces/lib/libtutorial_interfaces__rosidl_typesupport_introspection_c.so" to ""
[12.534s] -- Up-to-date: /home/shunski/aki_ws/install/tutorial_interfaces/include/tutorial_interfaces
[12.534s] -- Up-to-date: /home/shunski/aki_ws/install/tutorial_interfaces/include/tutorial_interfaces/srv
[12.534s] -- Up-to-date: /home/shunski/aki_ws/install/tutorial_interfaces/include/tutorial_interfaces/srv/detail
[12.534s] -- Installing: /home/shunski/aki_ws/install/tutorial_interfaces/include/tutorial_interfaces/srv/detail/add_three_ints__rosidl_typesupport_fastrtps_c.h
[12.535s] -- Up-to-date: /home/shunski/aki_ws/install/tutorial_interfaces/include/tutorial_interfaces/msg
[12.535s] -- Installing: /home/shunski/aki_ws/install/tutorial_interfaces/include/tutorial_interfaces/msg/rosidl_typesupport_fastrtps_c__visibility_control.h
[12.535s] -- Installing: /home/shunski/aki_ws/install/tutorial_interfaces/lib/libtutorial_interfaces__rosidl_typesupport_fastrtps_c.so
[12.535s] -- Set runtime path of "/home/shunski/aki_ws/install/tutorial_interfaces/lib/libtutorial_interfaces__rosidl_typesupport_fastrtps_c.so" to ""
[12.535s] -- Up-to-date: /home/shunski/aki_ws/install/tutorial_interfaces/include/tutorial_interfaces
[12.535s] -- Up-to-date: /home/shunski/aki_ws/install/tutorial_interfaces/include/tutorial_interfaces/srv
[12.535s] -- Up-to-date: /home/shunski/aki_ws/install/tutorial_interfaces/include/tutorial_interfaces/srv/detail
[12.535s] -- Installing: /home/shunski/aki_ws/install/tutorial_interfaces/include/tutorial_interfaces/srv/detail/add_three_ints__rosidl_typesupport_fastrtps_cpp.hpp
[12.536s] -- Installing: /home/shunski/aki_ws/install/tutorial_interfaces/include/tutorial_interfaces/srv/detail/dds_fastrtps
[12.536s] -- Up-to-date: /home/shunski/aki_ws/install/tutorial_interfaces/include/tutorial_interfaces/msg
[12.536s] -- Installing: /home/shunski/aki_ws/install/tutorial_interfaces/include/tutorial_interfaces/msg/rosidl_typesupport_fastrtps_cpp__visibility_control.h
[12.536s] -- Installing: /home/shunski/aki_ws/install/tutorial_interfaces/lib/libtutorial_interfaces__rosidl_typesupport_fastrtps_cpp.so
[12.536s] -- Set runtime path of "/home/shunski/aki_ws/install/tutorial_interfaces/lib/libtutorial_interfaces__rosidl_typesupport_fastrtps_cpp.so" to ""
[12.536s] -- Installing: /home/shunski/aki_ws/install/tutorial_interfaces/lib/libtutorial_interfaces__rosidl_typesupport_c.so
[12.537s] -- Set runtime path of "/home/shunski/aki_ws/install/tutorial_interfaces/lib/libtutorial_interfaces__rosidl_typesupport_c.so" to ""
[12.537s] -- Up-to-date: /home/shunski/aki_ws/install/tutorial_interfaces/include/tutorial_interfaces
[12.537s] -- Up-to-date: /home/shunski/aki_ws/install/tutorial_interfaces/include/tutorial_interfaces/srv
[12.537s] -- Installing: /home/shunski/aki_ws/install/tutorial_interfaces/include/tutorial_interfaces/srv/add_three_ints.hpp
[12.537s] -- Up-to-date: /home/shunski/aki_ws/install/tutorial_interfaces/include/tutorial_interfaces/srv/detail
[12.537s] -- Installing: /home/shunski/aki_ws/install/tutorial_interfaces/include/tutorial_interfaces/srv/detail/add_three_ints__struct.hpp
[12.537s] -- Installing: /home/shunski/aki_ws/install/tutorial_interfaces/include/tutorial_interfaces/srv/detail/add_three_ints__traits.hpp
[12.537s] -- Installing: /home/shunski/aki_ws/install/tutorial_interfaces/include/tutorial_interfaces/srv/detail/add_three_ints__builder.hpp
[12.537s] -- Up-to-date: /home/shunski/aki_ws/install/tutorial_interfaces/include/tutorial_interfaces
[12.538s] -- Up-to-date: /home/shunski/aki_ws/install/tutorial_interfaces/include/tutorial_interfaces/srv
[12.538s] -- Up-to-date: /home/shunski/aki_ws/install/tutorial_interfaces/include/tutorial_interfaces/srv/detail
[12.538s] -- Installing: /home/shunski/aki_ws/install/tutorial_interfaces/include/tutorial_interfaces/srv/detail/add_three_ints__rosidl_typesupport_introspection_cpp.hpp
[12.538s] -- Installing: /home/shunski/aki_ws/install/tutorial_interfaces/include/tutorial_interfaces/srv/detail/add_three_ints__type_support.cpp
[12.538s] -- Installing: /home/shunski/aki_ws/install/tutorial_interfaces/lib/libtutorial_interfaces__rosidl_typesupport_introspection_cpp.so
[12.538s] -- Set runtime path of "/home/shunski/aki_ws/install/tutorial_interfaces/lib/libtutorial_interfaces__rosidl_typesupport_introspection_cpp.so" to ""
[12.538s] -- Installing: /home/shunski/aki_ws/install/tutorial_interfaces/lib/libtutorial_interfaces__rosidl_typesupport_cpp.so
[12.538s] -- Set runtime path of "/home/shunski/aki_ws/install/tutorial_interfaces/lib/libtutorial_interfaces__rosidl_typesupport_cpp.so" to ""
[12.539s] -- Installing: /home/shunski/aki_ws/install/tutorial_interfaces/share/tutorial_interfaces/environment/pythonpath.sh
[12.539s] -- Installing: /home/shunski/aki_ws/install/tutorial_interfaces/share/tutorial_interfaces/environment/pythonpath.dsv
[12.539s] -- Installing: /home/shunski/aki_ws/install/tutorial_interfaces/lib/python3.8/site-packages/tutorial_interfaces/__init__.py
[12.978s] Compiling '/home/shunski/aki_ws/install/tutorial_interfaces/lib/python3.8/site-packages/tutorial_interfaces/__init__.py'...
[12.983s] -- Installing: /home/shunski/aki_ws/install/tutorial_interfaces/lib/python3.8/site-packages/tutorial_interfaces/srv
[12.983s] -- Installing: /home/shunski/aki_ws/install/tutorial_interfaces/lib/python3.8/site-packages/tutorial_interfaces/srv/_add_three_ints.py
[12.983s] -- Installing: /home/shunski/aki_ws/install/tutorial_interfaces/lib/python3.8/site-packages/tutorial_interfaces/srv/_add_three_ints_s.c
[12.983s] -- Installing: /home/shunski/aki_ws/install/tutorial_interfaces/lib/python3.8/site-packages/tutorial_interfaces/srv/__init__.py
[12.983s] -- Installing: /home/shunski/aki_ws/install/tutorial_interfaces/lib/python3.8/site-packages/tutorial_interfaces/tutorial_interfaces_s__rosidl_typesupport_introspection_c.cpython-38-x86_64-linux-gnu.so
[12.983s] -- Set runtime path of "/home/shunski/aki_ws/install/tutorial_interfaces/lib/python3.8/site-packages/tutorial_interfaces/tutorial_interfaces_s__rosidl_typesupport_introspection_c.cpython-38-x86_64-linux-gnu.so" to ""
[12.984s] -- Installing: /home/shunski/aki_ws/install/tutorial_interfaces/lib/python3.8/site-packages/tutorial_interfaces/tutorial_interfaces_s__rosidl_typesupport_fastrtps_c.cpython-38-x86_64-linux-gnu.so
[12.984s] -- Set runtime path of "/home/shunski/aki_ws/install/tutorial_interfaces/lib/python3.8/site-packages/tutorial_interfaces/tutorial_interfaces_s__rosidl_typesupport_fastrtps_c.cpython-38-x86_64-linux-gnu.so" to ""
[12.984s] -- Installing: /home/shunski/aki_ws/install/tutorial_interfaces/lib/python3.8/site-packages/tutorial_interfaces/tutorial_interfaces_s__rosidl_typesupport_c.cpython-38-x86_64-linux-gnu.so
[12.984s] -- Set runtime path of "/home/shunski/aki_ws/install/tutorial_interfaces/lib/python3.8/site-packages/tutorial_interfaces/tutorial_interfaces_s__rosidl_typesupport_c.cpython-38-x86_64-linux-gnu.so" to ""
[12.984s] -- Installing: /home/shunski/aki_ws/install/tutorial_interfaces/lib/libtutorial_interfaces__python.so
[12.985s] -- Set runtime path of "/home/shunski/aki_ws/install/tutorial_interfaces/lib/libtutorial_interfaces__python.so" to ""
[12.985s] -- Installing: /home/shunski/aki_ws/install/tutorial_interfaces/share/tutorial_interfaces/srv/AddThreeInts.idl
[12.985s] -- Installing: /home/shunski/aki_ws/install/tutorial_interfaces/share/tutorial_interfaces/srv/AddThreeInts.srv
[12.985s] -- Installing: /home/shunski/aki_ws/install/tutorial_interfaces/share/tutorial_interfaces/srv/AddThreeInts_Request.msg
[12.985s] -- Installing: /home/shunski/aki_ws/install/tutorial_interfaces/share/tutorial_interfaces/srv/AddThreeInts_Response.msg
[12.985s] -- Installing: /home/shunski/aki_ws/install/tutorial_interfaces/share/ament_index/resource_index/package_run_dependencies/tutorial_interfaces
[12.985s] -- Installing: /home/shunski/aki_ws/install/tutorial_interfaces/share/ament_index/resource_index/parent_prefix_path/tutorial_interfaces
[12.986s] -- Installing: /home/shunski/aki_ws/install/tutorial_interfaces/share/tutorial_interfaces/environment/ament_prefix_path.sh
[12.986s] -- Installing: /home/shunski/aki_ws/install/tutorial_interfaces/share/tutorial_interfaces/environment/ament_prefix_path.dsv
[12.986s] -- Installing: /home/shunski/aki_ws/install/tutorial_interfaces/share/tutorial_interfaces/environment/path.sh
[12.986s] -- Installing: /home/shunski/aki_ws/install/tutorial_interfaces/share/tutorial_interfaces/environment/path.dsv
[12.986s] -- Installing: /home/shunski/aki_ws/install/tutorial_interfaces/share/tutorial_interfaces/local_setup.bash
[12.986s] -- Installing: /home/shunski/aki_ws/install/tutorial_interfaces/share/tutorial_interfaces/local_setup.sh
[12.986s] -- Installing: /home/shunski/aki_ws/install/tutorial_interfaces/share/tutorial_interfaces/local_setup.zsh
[12.986s] -- Installing: /home/shunski/aki_ws/install/tutorial_interfaces/share/tutorial_interfaces/local_setup.dsv
[12.987s] -- Installing: /home/shunski/aki_ws/install/tutorial_interfaces/share/tutorial_interfaces/package.dsv
[12.987s] -- Installing: /home/shunski/aki_ws/install/tutorial_interfaces/share/ament_index/resource_index/packages/tutorial_interfaces
[12.987s] -- Installing: /home/shunski/aki_ws/install/tutorial_interfaces/share/tutorial_interfaces/cmake/tutorial_interfaces__rosidl_generator_cExport.cmake
[12.987s] -- Installing: /home/shunski/aki_ws/install/tutorial_interfaces/share/tutorial_interfaces/cmake/tutorial_interfaces__rosidl_generator_cExport-noconfig.cmake
[12.987s] -- Installing: /home/shunski/aki_ws/install/tutorial_interfaces/share/tutorial_interfaces/cmake/tutorial_interfaces__rosidl_typesupport_introspection_cExport.cmake
[12.987s] -- Installing: /home/shunski/aki_ws/install/tutorial_interfaces/share/tutorial_interfaces/cmake/tutorial_interfaces__rosidl_typesupport_introspection_cExport-noconfig.cmake
[12.987s] -- Installing: /home/shunski/aki_ws/install/tutorial_interfaces/share/tutorial_interfaces/cmake/tutorial_interfaces__rosidl_typesupport_cExport.cmake
[12.988s] -- Installing: /home/shunski/aki_ws/install/tutorial_interfaces/share/tutorial_interfaces/cmake/tutorial_interfaces__rosidl_typesupport_cExport-noconfig.cmake
[12.988s] -- Installing: /home/shunski/aki_ws/install/tutorial_interfaces/share/tutorial_interfaces/cmake/tutorial_interfaces__rosidl_generator_cppExport.cmake
[12.988s] -- Installing: /home/shunski/aki_ws/install/tutorial_interfaces/share/tutorial_interfaces/cmake/tutorial_interfaces__rosidl_typesupport_introspection_cppExport.cmake
[12.988s] -- Installing: /home/shunski/aki_ws/install/tutorial_interfaces/share/tutorial_interfaces/cmake/tutorial_interfaces__rosidl_typesupport_introspection_cppExport-noconfig.cmake
[12.988s] -- Installing: /home/shunski/aki_ws/install/tutorial_interfaces/share/tutorial_interfaces/cmake/tutorial_interfaces__rosidl_typesupport_cppExport.cmake
[12.988s] -- Installing: /home/shunski/aki_ws/install/tutorial_interfaces/share/tutorial_interfaces/cmake/tutorial_interfaces__rosidl_typesupport_cppExport-noconfig.cmake
[12.988s] -- Installing: /home/shunski/aki_ws/install/tutorial_interfaces/share/tutorial_interfaces/cmake/rosidl_cmake-extras.cmake
[12.988s] -- Installing: /home/shunski/aki_ws/install/tutorial_interfaces/share/tutorial_interfaces/cmake/ament_cmake_export_dependencies-extras.cmake
[12.989s] -- Installing: /home/shunski/aki_ws/install/tutorial_interfaces/share/tutorial_interfaces/cmake/ament_cmake_export_libraries-extras.cmake
[12.989s] -- Installing: /home/shunski/aki_ws/install/tutorial_interfaces/share/tutorial_interfaces/cmake/ament_cmake_export_targets-extras.cmake
[12.989s] -- Installing: /home/shunski/aki_ws/install/tutorial_interfaces/share/tutorial_interfaces/cmake/ament_cmake_export_include_directories-extras.cmake
[12.989s] -- Installing: /home/shunski/aki_ws/install/tutorial_interfaces/share/tutorial_interfaces/cmake/rosidl_cmake_export_typesupport_targets-extras.cmake
[12.989s] -- Installing: /home/shunski/aki_ws/install/tutorial_interfaces/share/tutorial_interfaces/cmake/rosidl_cmake_export_typesupport_libraries-extras.cmake
[12.989s] -- Installing: /home/shunski/aki_ws/install/tutorial_interfaces/share/tutorial_interfaces/cmake/tutorial_interfacesConfig.cmake
[12.989s] -- Installing: /home/shunski/aki_ws/install/tutorial_interfaces/share/tutorial_interfaces/cmake/tutorial_interfacesConfig-version.cmake
[12.989s] -- Installing: /home/shunski/aki_ws/install/tutorial_interfaces/share/tutorial_interfaces/package.xml
[12.993s] Invoked command in '/home/shunski/aki_ws/build/tutorial_interfaces' returned '0': CMAKE_PREFIX_PATH=${CMAKE_PREFIX_PATH}:/opt/ros/foxy:/home/shunski/ros2_foxy/install/ros2bag:/home/shunski/ros2_foxy/install/tracetools_launch:/home/shunski/ros2_foxy/install/topic_monitor:/home/shunski/ros2_foxy/install/examples_tf2_py:/home/shunski/ros2_foxy/install/sros2:/home/shunski/ros2_foxy/install/rqt_topic:/home/shunski/ros2_foxy/install/rqt_top:/home/shunski/ros2_foxy/install/rqt_srv:/home/shunski/ros2_foxy/install/rqt_shell:/home/shunski/ros2_foxy/install/rqt_service_caller:/home/shunski/ros2_foxy/install/rqt_reconfigure:/home/shunski/ros2_foxy/install/rqt_py_console:/home/shunski/ros2_foxy/install/rqt_publisher:/home/shunski/ros2_foxy/install/rqt_plot:/home/shunski/ros2_foxy/install/rqt_action:/home/shunski/ros2_foxy/install/rqt_msg:/home/shunski/ros2_foxy/install/rqt:/home/shunski/ros2_foxy/install/rqt_graph:/home/shunski/ros2_foxy/install/rqt_gui_py:/home/shunski/ros2_foxy/install/rqt_gui:/home/shunski/ros2_foxy/install/ros2trace:/home/shunski/ros2_foxy/install/ros2topic:/home/shunski/ros2_foxy/install/ros2test:/home/shunski/ros2_foxy/install/ros2component:/home/shunski/ros2_foxy/install/ros2param:/home/shunski/ros2_foxy/install/ros2lifecycle:/home/shunski/ros2_foxy/install/ros2service:/home/shunski/ros2_foxy/install/ros2run:/home/shunski/ros2_foxy/install/ros2launch:/home/shunski/ros2_foxy/install/ros2pkg:/home/shunski/ros2_foxy/install/ros2node:/home/shunski/ros2_foxy/install/ros2multicast:/home/shunski/ros2_foxy/install/ros2interface:/home/shunski/ros2_foxy/install/ros2doctor:/home/shunski/ros2_foxy/install/ros2action:/home/shunski/ros2_foxy/install/ros2cli:/home/shunski/ros2_foxy/install/quality_of_service_demo_py:/home/shunski/ros2_foxy/install/launch_testing_ros:/home/shunski/ros2_foxy/install/launch_ros:/home/shunski/ros2_foxy/install/examples_rclpy_minimal_subscriber:/home/shunski/ros2_foxy/install/examples_rclpy_minimal_service:/home/shunski/ros2_foxy/install/examples_rclpy_minimal_publisher:/home/shunski/ros2_foxy/install/examples_rclpy_minimal_client:/home/shunski/ros2_foxy/install/examples_rclpy_minimal_action_server:/home/shunski/ros2_foxy/install/examples_rclpy_minimal_action_client:/home/shunski/ros2_foxy/install/examples_rclpy_executors:/home/shunski/ros2_foxy/install/demo_nodes_py:/home/shunski/ros2_foxy/install/action_tutorials_py:/home/shunski/ros2_foxy/install/ament_uncrustify:/home/shunski/ros2_foxy/install/tracetools_trace:/home/shunski/ros2_foxy/install/tracetools_read:/home/shunski/ros2_foxy/install/test_launch_ros:/home/shunski/ros2_foxy/install/sensor_msgs_py:/home/shunski/ros2_foxy/install/rpyutils:/home/shunski/ros2_foxy/install/rosidl_runtime_py:/home/shunski/ros2_foxy/install/launch_yaml:/home/shunski/ros2_foxy/install/launch_xml:/home/shunski/ros2_foxy/install/launch_testing:/home/shunski/ros2_foxy/install/launch:/home/shunski/ros2_foxy/install/osrf_pycommon:/home/shunski/ros2_foxy/install/domain_coordinator:/home/shunski/ros2_foxy/install/ament_xmllint:/home/shunski/ros2_foxy/install/ament_pyflakes:/home/shunski/ros2_foxy/install/ament_pycodestyle:/home/shunski/ros2_foxy/install/ament_pep257:/home/shunski/ros2_foxy/install/ament_pclint:/home/shunski/ros2_foxy/install/ament_package:/home/shunski/ros2_foxy/install/ament_mypy:/home/shunski/ros2_foxy/install/ament_lint_cmake:/home/shunski/ros2_foxy/install/ament_flake8:/home/shunski/ros2_foxy/install/ament_copyright:/home/shunski/ros2_foxy/install/ament_lint:/home/shunski/ros2_foxy/install/ament_index_python:/home/shunski/ros2_foxy/install/ament_cpplint:/home/shunski/ros2_foxy/install/ament_cppcheck:/home/shunski/ros2_foxy/install/ament_clang_tidy:/home/shunski/ros2_foxy/install/ament_clang_format /home/shunski/bin/cmake --install /home/shunski/aki_ws/build/tutorial_interfaces
